<?xml version="1.0" encoding="UTF-8"?>
<testsuite xmlns:xsi="http://www.w3.org/2001/XMLSchema-instance" xsi:noNamespaceSchemaLocation="https://maven.apache.org/surefire/maven-surefire-plugin/xsd/surefire-test-report-3.0.xsd" version="3.0" name="runners.Runner" time="270.366" tests="14" errors="6" skipped="0" failures="0">
  <properties>
[...]
</properties>
  <testcase name="TC001 kullanici gecerli bilgiler ile kayit olabilmeli" classname="Registration Ozelligi" time="23.62">
    <system-out><![CDATA[
@smokeTest
Scenario: TC001 kullanici gecerli bilgiler ile kayit olabilmeli         &amp#27;[90m# src/test/resources/features/UIFeatures/US001_Registration.feature:7&amp#27;[0m
  &amp#27;[32mGiven &amp#27;[0m&amp#27;[32mKullanici Medunna ana sayfasina gider&amp#27;[0m                           &amp#27;[90m# stepDefinitions.uiSteps.US001.kullanici_medunna_ana_sayfasina_gider()&amp#27;[0m
  &amp#27;[32mAnd &amp#27;[0m&amp#27;[32mKullanici Register butonuna tiklar&amp#27;[0m                                &amp#27;[90m# stepDefinitions.uiSteps.US001.kullanici_register_butonuna_tiklar()&amp#27;[0m
  &amp#27;[32mAnd &amp#27;[0m&amp#27;[32mKullanici SSN kutusuna geÃ§erli bir &amp#27;[0m&amp#27;[32m&amp#27;[1m"SSN"&amp#27;[0m&amp#27;[32m numarasi girer&amp#27;[0m           &amp#27;[90m# stepDefinitions.uiSteps.US001.kullanici_ssn_kutusuna_geÃ§erli_bir_numarasi_girer(java.lang.String)&amp#27;[0m
  &amp#27;[32mAnd &amp#27;[0m&amp#27;[32mKullanici firstname kutusuna geÃ§erli bir &amp#27;[0m&amp#27;[32m&amp#27;[1m"firstname"&amp#27;[0m&amp#27;[32m girer&amp#27;[0m        &amp#27;[90m# stepDefinitions.uiSteps.US001.kullanici_firstname_kutusuna_geÃ§erli_bir_girer(java.lang.String)&amp#27;[0m
  &amp#27;[32mAnd &amp#27;[0m&amp#27;[32mKullanici lastname kutusuna geÃ§erli bir &amp#27;[0m&amp#27;[32m&amp#27;[1m"lastname"&amp#27;[0m&amp#27;[32m girer&amp#27;[0m          &amp#27;[90m# stepDefinitions.uiSteps.US001.kullanici_lastname_kutusuna_geÃ§erli_bir_girer(java.lang.String)&amp#27;[0m
  &amp#27;[32mAnd &amp#27;[0m&amp#27;[32mKullanici username kutusuna geÃ§erli bir &amp#27;[0m&amp#27;[32m&amp#27;[1m"username"&amp#27;[0m&amp#27;[32m girer&amp#27;[0m          &amp#27;[90m# stepDefinitions.uiSteps.US001.kullanici_username_kutusuna_geÃ§erli_bir_girer(java.lang.String)&amp#27;[0m
  &amp#27;[32mAnd &amp#27;[0m&amp#27;[32mKullanici email kutusuna geÃ§erli bir &amp#27;[0m&amp#27;[32m&amp#27;[1m"email"&amp#27;[0m&amp#27;[32m girer&amp#27;[0m                &amp#27;[90m# stepDefinitions.uiSteps.US001.kullanici_email_kutusuna_geÃ§erli_bir_girer(java.lang.String)&amp#27;[0m
  &amp#27;[32mAnd &amp#27;[0m&amp#27;[32mKullanici password kutusuna geÃ§erli bir &amp#27;[0m&amp#27;[32m&amp#27;[1m"password"&amp#27;[0m&amp#27;[32m girer&amp#27;[0m          &amp#27;[90m# stepDefinitions.uiSteps.US001.kullanici_password_kutusuna_geÃ§erli_bir_girer(java.lang.String)&amp#27;[0m
  &amp#27;[32mThen &amp#27;[0m&amp#27;[32mKullanici register butonuna tÄ±klar&amp#27;[0m                               &amp#27;[90m# stepDefinitions.uiSteps.US001.kullanici_register_butonuna_tÄ±klar()&amp#27;[0m
  &amp#27;[32mThen &amp#27;[0m&amp#27;[32mKullanici Registitaion Saved yazisinin gorunur oldugunu dogrular&amp#27;[0m &amp#27;[90m# stepDefinitions.uiSteps.US001.kullanici_registitaion_saved_yazisinin_gorunur_oldugunu_dogrular()&amp#27;[0m
]]></system-out>
    <system-err><![CDATA[SLF4J: Failed to load class "org.slf4j.impl.StaticLoggerBinder".
SLF4J: Defaulting to no-operation (NOP) logger implementation
SLF4J: See http://www.slf4j.org/codes.html#StaticLoggerBinder for further details.
Starting ChromeDriver 104.0.5112.79 (3cf3e8c8a07d104b9e1260c910efb8f383285dc5-refs/branch-heads/5112@{#1307}) on port 52026
Only local connections are allowed.
Please see https://chromedriver.chromium.org/security-considerations for suggestions on keeping ChromeDriver safe.
ChromeDriver was started successfully.
Aug 15, 2022 9:28:46 PM org.openqa.selenium.remote.ProtocolHandshake createSession
INFO: Detected dialect: W3C
Aug 15, 2022 9:28:47 PM org.openqa.selenium.devtools.CdpVersionFinder findNearestMatch
WARNING: Unable to find an exact match for CDP version 104, so returning the closest version found: a no-op implementation
Aug 15, 2022 9:28:47 PM org.openqa.selenium.devtools.CdpVersionFinder findNearestMatch
INFO: Unable to find CDP implementation matching 104.
Aug 15, 2022 9:28:47 PM org.openqa.selenium.chromium.ChromiumDriver lambda$new$3
WARNING: Unable to find version of CDP to use for . You may need to include a dependency on a specific version of the CDP using something similar to `org.seleniumhq.selenium:selenium-devtools-v86:4.1.3` where the version ("v86") matches the version of the chromium-based browser you're using and the version number of the artifact is the same as Selenium's.
]]></system-err>
  </testcase>
  <testcase name="TC002 kullanici gecersiz SSN ile kayit olamamali" classname="Registration Ozelligi" time="22.289">
    <system-out><![CDATA[
@smokeTest
Scenario: TC002 kullanici gecersiz SSN ile kayit olamamali       &amp#27;[90m# src/test/resources/features/UIFeatures/US001_Registration.feature:19&amp#27;[0m
  &amp#27;[32mGiven &amp#27;[0m&amp#27;[32mKullanici Medunna ana sayfasina gider&amp#27;[0m                    &amp#27;[90m# stepDefinitions.uiSteps.US001.kullanici_medunna_ana_sayfasina_gider()&amp#27;[0m
  &amp#27;[32mAnd &amp#27;[0m&amp#27;[32mKullanici Register butonuna tiklar&amp#27;[0m                         &amp#27;[90m# stepDefinitions.uiSteps.US001.kullanici_register_butonuna_tiklar()&amp#27;[0m
  &amp#27;[32mAnd &amp#27;[0m&amp#27;[32mKullanici SSN kutusuna geÃ§ersiz bir &amp#27;[0m&amp#27;[32m&amp#27;[1m"SSN"&amp#27;[0m&amp#27;[32m numarasi girer&amp#27;[0m   &amp#27;[90m# stepDefinitions.uiSteps.US001.kullanici_ssn_kutusuna_geÃ§ersiz_bir_numarasi_girer(java.lang.String)&amp#27;[0m
  &amp#27;[32mAnd &amp#27;[0m&amp#27;[32mKullanici firstname kutusuna geÃ§erli bir &amp#27;[0m&amp#27;[32m&amp#27;[1m"firstname"&amp#27;[0m&amp#27;[32m girer&amp#27;[0m &amp#27;[90m# stepDefinitions.uiSteps.US001.kullanici_firstname_kutusuna_geÃ§erli_bir_girer(java.lang.String)&amp#27;[0m
  &amp#27;[32mAnd &amp#27;[0m&amp#27;[32mKullanici lastname kutusuna geÃ§erli bir &amp#27;[0m&amp#27;[32m&amp#27;[1m"lastname"&amp#27;[0m&amp#27;[32m girer&amp#27;[0m   &amp#27;[90m# stepDefinitions.uiSteps.US001.kullanici_lastname_kutusuna_geÃ§erli_bir_girer(java.lang.String)&amp#27;[0m
  &amp#27;[32mAnd &amp#27;[0m&amp#27;[32mKullanici username kutusuna geÃ§erli bir &amp#27;[0m&amp#27;[32m&amp#27;[1m"username"&amp#27;[0m&amp#27;[32m girer&amp#27;[0m   &amp#27;[90m# stepDefinitions.uiSteps.US001.kullanici_username_kutusuna_geÃ§erli_bir_girer(java.lang.String)&amp#27;[0m
  &amp#27;[32mAnd &amp#27;[0m&amp#27;[32mKullanici email kutusuna geÃ§erli bir &amp#27;[0m&amp#27;[32m&amp#27;[1m"email"&amp#27;[0m&amp#27;[32m girer&amp#27;[0m         &amp#27;[90m# stepDefinitions.uiSteps.US001.kullanici_email_kutusuna_geÃ§erli_bir_girer(java.lang.String)&amp#27;[0m
  &amp#27;[32mAnd &amp#27;[0m&amp#27;[32mKullanici password kutusuna geÃ§erli bir &amp#27;[0m&amp#27;[32m&amp#27;[1m"password"&amp#27;[0m&amp#27;[32m girer&amp#27;[0m   &amp#27;[90m# stepDefinitions.uiSteps.US001.kullanici_password_kutusuna_geÃ§erli_bir_girer(java.lang.String)&amp#27;[0m
  &amp#27;[32mThen &amp#27;[0m&amp#27;[32mKullanici register butonuna tÄ±klar&amp#27;[0m                        &amp#27;[90m# stepDefinitions.uiSteps.US001.kullanici_register_butonuna_tÄ±klar()&amp#27;[0m
  &amp#27;[32mThen &amp#27;[0m&amp#27;[32mKullanici SSN hata mesajinin gorunur oldugunu dogrular&amp#27;[0m    &amp#27;[90m# stepDefinitions.uiSteps.US001.kullanici_ssn_hata_mesajinin_gorunur_oldugunu_dogrular()&amp#27;[0m
]]></system-out>
    <system-err><![CDATA[Starting ChromeDriver 104.0.5112.79 (3cf3e8c8a07d104b9e1260c910efb8f383285dc5-refs/branch-heads/5112@{#1307}) on port 60197
Only local connections are allowed.
Please see https://chromedriver.chromium.org/security-considerations for suggestions on keeping ChromeDriver safe.
ChromeDriver was started successfully.
Aug 15, 2022 9:29:10 PM org.openqa.selenium.remote.ProtocolHandshake createSession
INFO: Detected dialect: W3C
Aug 15, 2022 9:29:10 PM org.openqa.selenium.devtools.CdpVersionFinder findNearestMatch
WARNING: Unable to find an exact match for CDP version 104, so returning the closest version found: a no-op implementation
Aug 15, 2022 9:29:10 PM org.openqa.selenium.devtools.CdpVersionFinder findNearestMatch
INFO: Unable to find CDP implementation matching 104.
Aug 15, 2022 9:29:10 PM org.openqa.selenium.chromium.ChromiumDriver lambda$new$3
WARNING: Unable to find version of CDP to use for . You may need to include a dependency on a specific version of the CDP using something similar to `org.seleniumhq.selenium:selenium-devtools-v86:4.1.3` where the version ("v86") matches the version of the chromium-based browser you're using and the version number of the artifact is the same as Selenium's.
Aug 15, 2022 9:29:28 PM org.openqa.selenium.os.OsProcess destroy
SEVERE: Unable to kill process Process[pid=14912, exitValue=1]
]]></system-err>
  </testcase>
  <testcase name="TC003 kullanici bos SSN ile kayit olamamali" classname="Registration Ozelligi" time="18.231">
    <system-out><![CDATA[
@smokeTest
Scenario: TC003 kullanici bos SSN ile kayit olamamali             &amp#27;[90m# src/test/resources/features/UIFeatures/US001_Registration.feature:31&amp#27;[0m
  &amp#27;[32mGiven &amp#27;[0m&amp#27;[32mKullanici Medunna ana sayfasina gider&amp#27;[0m                     &amp#27;[90m# stepDefinitions.uiSteps.US001.kullanici_medunna_ana_sayfasina_gider()&amp#27;[0m
  &amp#27;[32mAnd &amp#27;[0m&amp#27;[32mKullanici Register butonuna tiklar&amp#27;[0m                          &amp#27;[90m# stepDefinitions.uiSteps.US001.kullanici_register_butonuna_tiklar()&amp#27;[0m
  &amp#27;[32mAnd &amp#27;[0m&amp#27;[32mKullanici SSN kutusunu bos birakir&amp#27;[0m                          &amp#27;[90m# stepDefinitions.uiSteps.US001.kullanici_ssn_kutusunu_bos_birakir()&amp#27;[0m
  &amp#27;[32mAnd &amp#27;[0m&amp#27;[32mKullanici firstname kutusuna geÃ§erli bir &amp#27;[0m&amp#27;[32m&amp#27;[1m"firstname"&amp#27;[0m&amp#27;[32m girer&amp#27;[0m  &amp#27;[90m# stepDefinitions.uiSteps.US001.kullanici_firstname_kutusuna_geÃ§erli_bir_girer(java.lang.String)&amp#27;[0m
  &amp#27;[32mAnd &amp#27;[0m&amp#27;[32mKullanici lastname kutusuna geÃ§erli bir &amp#27;[0m&amp#27;[32m&amp#27;[1m"lastname"&amp#27;[0m&amp#27;[32m girer&amp#27;[0m    &amp#27;[90m# stepDefinitions.uiSteps.US001.kullanici_lastname_kutusuna_geÃ§erli_bir_girer(java.lang.String)&amp#27;[0m
  &amp#27;[32mAnd &amp#27;[0m&amp#27;[32mKullanici username kutusuna geÃ§erli bir &amp#27;[0m&amp#27;[32m&amp#27;[1m"username"&amp#27;[0m&amp#27;[32m girer&amp#27;[0m    &amp#27;[90m# stepDefinitions.uiSteps.US001.kullanici_username_kutusuna_geÃ§erli_bir_girer(java.lang.String)&amp#27;[0m
  &amp#27;[32mAnd &amp#27;[0m&amp#27;[32mKullanici email kutusuna geÃ§erli bir &amp#27;[0m&amp#27;[32m&amp#27;[1m"email"&amp#27;[0m&amp#27;[32m girer&amp#27;[0m          &amp#27;[90m# stepDefinitions.uiSteps.US001.kullanici_email_kutusuna_geÃ§erli_bir_girer(java.lang.String)&amp#27;[0m
  &amp#27;[32mAnd &amp#27;[0m&amp#27;[32mKullanici password kutusuna geÃ§erli bir &amp#27;[0m&amp#27;[32m&amp#27;[1m"password"&amp#27;[0m&amp#27;[32m girer&amp#27;[0m    &amp#27;[90m# stepDefinitions.uiSteps.US001.kullanici_password_kutusuna_geÃ§erli_bir_girer(java.lang.String)&amp#27;[0m
  &amp#27;[32mThen &amp#27;[0m&amp#27;[32mKullanici register butonuna tÄ±klar&amp#27;[0m                         &amp#27;[90m# stepDefinitions.uiSteps.US001.kullanici_register_butonuna_tÄ±klar()&amp#27;[0m
  &amp#27;[32mThen &amp#27;[0m&amp#27;[32mKullanici bos SSN hata mesajinin gorunur oldugunu dogrular&amp#27;[0m &amp#27;[90m# stepDefinitions.uiSteps.US001.kullanici_bos_ssn_hata_mesajinin_gorunur_oldugunu_dogrular()&amp#27;[0m
]]></system-out>
    <system-err><![CDATA[Starting ChromeDriver 104.0.5112.79 (3cf3e8c8a07d104b9e1260c910efb8f383285dc5-refs/branch-heads/5112@{#1307}) on port 55285
Only local connections are allowed.
Please see https://chromedriver.chromium.org/security-considerations for suggestions on keeping ChromeDriver safe.
ChromeDriver was started successfully.
Aug 15, 2022 9:29:30 PM org.openqa.selenium.remote.ProtocolHandshake createSession
INFO: Detected dialect: W3C
Aug 15, 2022 9:29:30 PM org.openqa.selenium.devtools.CdpVersionFinder findNearestMatch
WARNING: Unable to find an exact match for CDP version 104, so returning the closest version found: a no-op implementation
Aug 15, 2022 9:29:30 PM org.openqa.selenium.devtools.CdpVersionFinder findNearestMatch
INFO: Unable to find CDP implementation matching 104.
Aug 15, 2022 9:29:30 PM org.openqa.selenium.chromium.ChromiumDriver lambda$new$3
WARNING: Unable to find version of CDP to use for . You may need to include a dependency on a specific version of the CDP using something similar to `org.seleniumhq.selenium:selenium-devtools-v86:4.1.3` where the version ("v86") matches the version of the chromium-based browser you're using and the version number of the artifact is the same as Selenium's.
]]></system-err>
  </testcase>
  <testcase name="TC004 kullanici bos firtsname ile kayit olamamali" classname="Registration Ozelligi" time="17.007">
    <system-out><![CDATA[
@smokeTest
Scenario: TC004 kullanici bos firtsname ile kayit olamamali             &amp#27;[90m# src/test/resources/features/UIFeatures/US001_Registration.feature:43&amp#27;[0m
  &amp#27;[32mGiven &amp#27;[0m&amp#27;[32mKullanici Medunna ana sayfasina gider&amp#27;[0m                           &amp#27;[90m# stepDefinitions.uiSteps.US001.kullanici_medunna_ana_sayfasina_gider()&amp#27;[0m
  &amp#27;[32mAnd &amp#27;[0m&amp#27;[32mKullanici Register butonuna tiklar&amp#27;[0m                                &amp#27;[90m# stepDefinitions.uiSteps.US001.kullanici_register_butonuna_tiklar()&amp#27;[0m
  &amp#27;[32mAnd &amp#27;[0m&amp#27;[32mKullanici SSN kutusuna geÃ§erli bir &amp#27;[0m&amp#27;[32m&amp#27;[1m"SSN"&amp#27;[0m&amp#27;[32m numarasi girer&amp#27;[0m           &amp#27;[90m# stepDefinitions.uiSteps.US001.kullanici_ssn_kutusuna_geÃ§erli_bir_numarasi_girer(java.lang.String)&amp#27;[0m
  &amp#27;[32mAnd &amp#27;[0m&amp#27;[32mKullanici firstname kutusunu bos birakir&amp#27;[0m                          &amp#27;[90m# stepDefinitions.uiSteps.US001.kullanici_firstname_kutusunu_bos_birakir()&amp#27;[0m
  &amp#27;[32mAnd &amp#27;[0m&amp#27;[32mKullanici lastname kutusuna geÃ§erli bir &amp#27;[0m&amp#27;[32m&amp#27;[1m"lastname"&amp#27;[0m&amp#27;[32m girer&amp#27;[0m          &amp#27;[90m# stepDefinitions.uiSteps.US001.kullanici_lastname_kutusuna_geÃ§erli_bir_girer(java.lang.String)&amp#27;[0m
  &amp#27;[32mAnd &amp#27;[0m&amp#27;[32mKullanici username kutusuna geÃ§erli bir &amp#27;[0m&amp#27;[32m&amp#27;[1m"username"&amp#27;[0m&amp#27;[32m girer&amp#27;[0m          &amp#27;[90m# stepDefinitions.uiSteps.US001.kullanici_username_kutusuna_geÃ§erli_bir_girer(java.lang.String)&amp#27;[0m
  &amp#27;[32mAnd &amp#27;[0m&amp#27;[32mKullanici email kutusuna geÃ§erli bir &amp#27;[0m&amp#27;[32m&amp#27;[1m"email"&amp#27;[0m&amp#27;[32m girer&amp#27;[0m                &amp#27;[90m# stepDefinitions.uiSteps.US001.kullanici_email_kutusuna_geÃ§erli_bir_girer(java.lang.String)&amp#27;[0m
  &amp#27;[32mAnd &amp#27;[0m&amp#27;[32mKullanici password kutusuna geÃ§erli bir &amp#27;[0m&amp#27;[32m&amp#27;[1m"password"&amp#27;[0m&amp#27;[32m girer&amp#27;[0m          &amp#27;[90m# stepDefinitions.uiSteps.US001.kullanici_password_kutusuna_geÃ§erli_bir_girer(java.lang.String)&amp#27;[0m
  &amp#27;[32mThen &amp#27;[0m&amp#27;[32mKullanici register butonuna tÄ±klar&amp#27;[0m                               &amp#27;[90m# stepDefinitions.uiSteps.US001.kullanici_register_butonuna_tÄ±klar()&amp#27;[0m
  &amp#27;[32mThen &amp#27;[0m&amp#27;[32mKullanici bos firstname hata mesajinin gorunur oldugunu dogrular&amp#27;[0m &amp#27;[90m# stepDefinitions.uiSteps.US001.kullanici_bos_firstname_hata_mesajinin_gorunur_oldugunu_dogrular()&amp#27;[0m
]]></system-out>
    <system-err><![CDATA[Starting ChromeDriver 104.0.5112.79 (3cf3e8c8a07d104b9e1260c910efb8f383285dc5-refs/branch-heads/5112@{#1307}) on port 64071
Only local connections are allowed.
Please see https://chromedriver.chromium.org/security-considerations for suggestions on keeping ChromeDriver safe.
ChromeDriver was started successfully.
Aug 15, 2022 9:29:48 PM org.openqa.selenium.remote.ProtocolHandshake createSession
INFO: Detected dialect: W3C
Aug 15, 2022 9:29:48 PM org.openqa.selenium.devtools.CdpVersionFinder findNearestMatch
WARNING: Unable to find an exact match for CDP version 104, so returning the closest version found: a no-op implementation
Aug 15, 2022 9:29:48 PM org.openqa.selenium.devtools.CdpVersionFinder findNearestMatch
INFO: Unable to find CDP implementation matching 104.
Aug 15, 2022 9:29:48 PM org.openqa.selenium.chromium.ChromiumDriver lambda$new$3
WARNING: Unable to find version of CDP to use for . You may need to include a dependency on a specific version of the CDP using something similar to `org.seleniumhq.selenium:selenium-devtools-v86:4.1.3` where the version ("v86") matches the version of the chromium-based browser you're using and the version number of the artifact is the same as Selenium's.
]]></system-err>
  </testcase>
  <testcase name="TC005 kullanici bos lastname ile kayit olamamali" classname="Registration Ozelligi" time="16.75">
    <system-out><![CDATA[
@smokeTest
Scenario: TC005 kullanici bos lastname ile kayit olamamali             &amp#27;[90m# src/test/resources/features/UIFeatures/US001_Registration.feature:55&amp#27;[0m
  &amp#27;[32mGiven &amp#27;[0m&amp#27;[32mKullanici Medunna ana sayfasina gider&amp#27;[0m                          &amp#27;[90m# stepDefinitions.uiSteps.US001.kullanici_medunna_ana_sayfasina_gider()&amp#27;[0m
  &amp#27;[32mAnd &amp#27;[0m&amp#27;[32mKullanici Register butonuna tiklar&amp#27;[0m                               &amp#27;[90m# stepDefinitions.uiSteps.US001.kullanici_register_butonuna_tiklar()&amp#27;[0m
  &amp#27;[32mAnd &amp#27;[0m&amp#27;[32mKullanici SSN kutusuna geÃ§erli bir &amp#27;[0m&amp#27;[32m&amp#27;[1m"SSN"&amp#27;[0m&amp#27;[32m numarasi girer&amp#27;[0m          &amp#27;[90m# stepDefinitions.uiSteps.US001.kullanici_ssn_kutusuna_geÃ§erli_bir_numarasi_girer(java.lang.String)&amp#27;[0m
  &amp#27;[32mAnd &amp#27;[0m&amp#27;[32mKullanici firstname kutusuna geÃ§erli bir &amp#27;[0m&amp#27;[32m&amp#27;[1m"firstname"&amp#27;[0m&amp#27;[32m girer&amp#27;[0m       &amp#27;[90m# stepDefinitions.uiSteps.US001.kullanici_firstname_kutusuna_geÃ§erli_bir_girer(java.lang.String)&amp#27;[0m
  &amp#27;[32mAnd &amp#27;[0m&amp#27;[32mKullanici lastname kutusunu bos birakir&amp#27;[0m                          &amp#27;[90m# stepDefinitions.uiSteps.US001.kullanici_lastname_kutusunu_bos_birakir()&amp#27;[0m
  &amp#27;[32mAnd &amp#27;[0m&amp#27;[32mKullanici username kutusuna geÃ§erli bir &amp#27;[0m&amp#27;[32m&amp#27;[1m"username"&amp#27;[0m&amp#27;[32m girer&amp#27;[0m         &amp#27;[90m# stepDefinitions.uiSteps.US001.kullanici_username_kutusuna_geÃ§erli_bir_girer(java.lang.String)&amp#27;[0m
  &amp#27;[32mAnd &amp#27;[0m&amp#27;[32mKullanici email kutusuna geÃ§erli bir &amp#27;[0m&amp#27;[32m&amp#27;[1m"email"&amp#27;[0m&amp#27;[32m girer&amp#27;[0m               &amp#27;[90m# stepDefinitions.uiSteps.US001.kullanici_email_kutusuna_geÃ§erli_bir_girer(java.lang.String)&amp#27;[0m
  &amp#27;[32mAnd &amp#27;[0m&amp#27;[32mKullanici password kutusuna geÃ§erli bir &amp#27;[0m&amp#27;[32m&amp#27;[1m"password"&amp#27;[0m&amp#27;[32m girer&amp#27;[0m         &amp#27;[90m# stepDefinitions.uiSteps.US001.kullanici_password_kutusuna_geÃ§erli_bir_girer(java.lang.String)&amp#27;[0m
  &amp#27;[32mThen &amp#27;[0m&amp#27;[32mKullanici register butonuna tÄ±klar&amp#27;[0m                              &amp#27;[90m# stepDefinitions.uiSteps.US001.kullanici_register_butonuna_tÄ±klar()&amp#27;[0m
  &amp#27;[32mThen &amp#27;[0m&amp#27;[32mKullanici bos lastname hata mesajinin gorunur oldugunu dogrular&amp#27;[0m &amp#27;[90m# stepDefinitions.uiSteps.US001.kullanici_bos_lastname_hata_mesajinin_gorunur_oldugunu_dogrular()&amp#27;[0m
]]></system-out>
    <system-err><![CDATA[Starting ChromeDriver 104.0.5112.79 (3cf3e8c8a07d104b9e1260c910efb8f383285dc5-refs/branch-heads/5112@{#1307}) on port 54879
Only local connections are allowed.
Please see https://chromedriver.chromium.org/security-considerations for suggestions on keeping ChromeDriver safe.
ChromeDriver was started successfully.
Aug 15, 2022 9:30:05 PM org.openqa.selenium.remote.ProtocolHandshake createSession
INFO: Detected dialect: W3C
Aug 15, 2022 9:30:05 PM org.openqa.selenium.devtools.CdpVersionFinder findNearestMatch
WARNING: Unable to find an exact match for CDP version 104, so returning the closest version found: a no-op implementation
Aug 15, 2022 9:30:05 PM org.openqa.selenium.devtools.CdpVersionFinder findNearestMatch
INFO: Unable to find CDP implementation matching 104.
Aug 15, 2022 9:30:05 PM org.openqa.selenium.chromium.ChromiumDriver lambda$new$3
WARNING: Unable to find version of CDP to use for . You may need to include a dependency on a specific version of the CDP using something similar to `org.seleniumhq.selenium:selenium-devtools-v86:4.1.3` where the version ("v86") matches the version of the chromium-based browser you're using and the version number of the artifact is the same as Selenium's.
]]></system-err>
  </testcase>
  <testcase name="TC006 kullanici dokuz ile baslayan SSN ile kayit olabilmeli" classname="Registration Ozelligi" time="20.723">
    <error message="no such element: Unable to locate element: {&quot;method&quot;:&quot;xpath&quot;,&quot;selector&quot;:&quot;//div[@class=&apos;Toastify__toast-body&apos;]&quot;}&#10;  (Session info: chrome=104.0.5112.81)&#10;For documentation on this error, please visit: https://selenium.dev/exceptions/#no_such_element&#10;Build info: version: &apos;4.1.3&apos;, revision: &apos;7b1ebf28ef&apos;&#10;System info: host: &apos;DESKTOP-G4II477&apos;, ip: &apos;192.168.1.106&apos;, os.name: &apos;Windows 10&apos;, os.arch: &apos;amd64&apos;, os.version: &apos;10.0&apos;, java.version: &apos;11.0.13&apos;&#10;Driver info: org.openqa.selenium.chrome.ChromeDriver&#10;Command: [b2c11cedc7ce23934f4b1f877c4d71ca, findElement {using=xpath, value=//div[@class=&apos;Toastify__toast-body&apos;]}]&#10;Capabilities {acceptInsecureCerts: false, browserName: chrome, browserVersion: 104.0.5112.81, chrome: {chromedriverVersion: 104.0.5112.79 (3cf3e8c8a07d..., userDataDir: C:\Users\Halim\AppData\Loca...}, goog:chromeOptions: {debuggerAddress: localhost:59765}, javascriptEnabled: true, networkConnectionEnabled: false, pageLoadStrategy: normal, platform: WINDOWS, platformName: WINDOWS, proxy: Proxy(), se:cdp: ws://localhost:59765/devtoo..., se:cdpVersion: 104.0.5112.81, setWindowRect: true, strictFileInteractability: false, timeouts: {implicit: 0, pageLoad: 300000, script: 30000}, unhandledPromptBehavior: dismiss and notify, webauthn:extension:credBlob: true, webauthn:extension:largeBlob: true, webauthn:virtualAuthenticators: true}&#10;Session ID: b2c11cedc7ce23934f4b1f877c4d71ca" type="org.openqa.selenium.NoSuchElementException"><![CDATA[org.openqa.selenium.NoSuchElementException: 
no such element: Unable to locate element: {"method":"xpath","selector":"//div[@class='Toastify__toast-body']"}
  (Session info: chrome=104.0.5112.81)
For documentation on this error, please visit: https://selenium.dev/exceptions/#no_such_element
Build info: version: '4.1.3', revision: '7b1ebf28ef'
System info: host: 'DESKTOP-G4II477', ip: '192.168.1.106', os.name: 'Windows 10', os.arch: 'amd64', os.version: '10.0', java.version: '11.0.13'
Driver info: org.openqa.selenium.chrome.ChromeDriver
Command: [b2c11cedc7ce23934f4b1f877c4d71ca, findElement {using=xpath, value=//div[@class='Toastify__toast-body']}]
Capabilities {acceptInsecureCerts: false, browserName: chrome, browserVersion: 104.0.5112.81, chrome: {chromedriverVersion: 104.0.5112.79 (3cf3e8c8a07d..., userDataDir: C:\Users\Halim\AppData\Loca...}, goog:chromeOptions: {debuggerAddress: localhost:59765}, javascriptEnabled: true, networkConnectionEnabled: false, pageLoadStrategy: normal, platform: WINDOWS, platformName: WINDOWS, proxy: Proxy(), se:cdp: ws://localhost:59765/devtoo..., se:cdpVersion: 104.0.5112.81, setWindowRect: true, strictFileInteractability: false, timeouts: {implicit: 0, pageLoad: 300000, script: 30000}, unhandledPromptBehavior: dismiss and notify, webauthn:extension:credBlob: true, webauthn:extension:largeBlob: true, webauthn:virtualAuthenticators: true}
Session ID: b2c11cedc7ce23934f4b1f877c4d71ca
]]></error>
    <system-out><![CDATA[
@smokeTest
Scenario: TC006 kullanici dokuz ile baslayan SSN ile kayit olabilmeli    &amp#27;[90m# src/test/resources/features/UIFeatures/US001_Registration.feature:67&amp#27;[0m
  &amp#27;[32mGiven &amp#27;[0m&amp#27;[32mKullanici Medunna ana sayfasina gider&amp#27;[0m                            &amp#27;[90m# stepDefinitions.uiSteps.US001.kullanici_medunna_ana_sayfasina_gider()&amp#27;[0m
  &amp#27;[32mAnd &amp#27;[0m&amp#27;[32mKullanici Register butonuna tiklar&amp#27;[0m                                 &amp#27;[90m# stepDefinitions.uiSteps.US001.kullanici_register_butonuna_tiklar()&amp#27;[0m
  &amp#27;[32mAnd &amp#27;[0m&amp#27;[32mKullanici SSN kutusuna dokuz ile baÅŸlayan bir &amp#27;[0m&amp#27;[32m&amp#27;[1m"SSN"&amp#27;[0m&amp#27;[32m numarasi girer&amp#27;[0m &amp#27;[90m# stepDefinitions.uiSteps.US001.kullaniciSSNKutusunaDokuzIleBaÅŸlayanBirNumarasiGirer(java.lang.String)&amp#27;[0m
  &amp#27;[32mAnd &amp#27;[0m&amp#27;[32mKullanici firstname kutusuna geÃ§erli bir &amp#27;[0m&amp#27;[32m&amp#27;[1m"firstname"&amp#27;[0m&amp#27;[32m girer&amp#27;[0m         &amp#27;[90m# stepDefinitions.uiSteps.US001.kullanici_firstname_kutusuna_geÃ§erli_bir_girer(java.lang.String)&amp#27;[0m
  &amp#27;[32mAnd &amp#27;[0m&amp#27;[32mKullanici lastname kutusuna geÃ§erli bir &amp#27;[0m&amp#27;[32m&amp#27;[1m"lastname"&amp#27;[0m&amp#27;[32m girer&amp#27;[0m           &amp#27;[90m# stepDefinitions.uiSteps.US001.kullanici_lastname_kutusuna_geÃ§erli_bir_girer(java.lang.String)&amp#27;[0m
  &amp#27;[32mAnd &amp#27;[0m&amp#27;[32mKullanici username kutusuna geÃ§erli bir &amp#27;[0m&amp#27;[32m&amp#27;[1m"username"&amp#27;[0m&amp#27;[32m girer&amp#27;[0m           &amp#27;[90m# stepDefinitions.uiSteps.US001.kullanici_username_kutusuna_geÃ§erli_bir_girer(java.lang.String)&amp#27;[0m
  &amp#27;[32mAnd &amp#27;[0m&amp#27;[32mKullanici email kutusuna geÃ§erli bir &amp#27;[0m&amp#27;[32m&amp#27;[1m"email"&amp#27;[0m&amp#27;[32m girer&amp#27;[0m                 &amp#27;[90m# stepDefinitions.uiSteps.US001.kullanici_email_kutusuna_geÃ§erli_bir_girer(java.lang.String)&amp#27;[0m
  &amp#27;[32mAnd &amp#27;[0m&amp#27;[32mKullanici password kutusuna geÃ§erli bir &amp#27;[0m&amp#27;[32m&amp#27;[1m"password"&amp#27;[0m&amp#27;[32m girer&amp#27;[0m           &amp#27;[90m# stepDefinitions.uiSteps.US001.kullanici_password_kutusuna_geÃ§erli_bir_girer(java.lang.String)&amp#27;[0m
  &amp#27;[32mThen &amp#27;[0m&amp#27;[32mKullanici register butonuna tÄ±klar&amp#27;[0m                                &amp#27;[90m# stepDefinitions.uiSteps.US001.kullanici_register_butonuna_tÄ±klar()&amp#27;[0m
  &amp#27;[31mThen &amp#27;[0m&amp#27;[31mKullanici Registitaion Saved yazisinin gorunur oldugunu dogrular&amp#27;[0m  &amp#27;[90m# stepDefinitions.uiSteps.US001.kullanici_registitaion_saved_yazisinin_gorunur_oldugunu_dogrular()&amp#27;[0m
      &amp#27;[31morg.openqa.selenium.NoSuchElementException: no such element: Unable to locate element: {"method":"xpath","selector":"//div[@class='Toastify__toast-body']"}
  (Session info: chrome=104.0.5112.81)
For documentation on this error, please visit: https://selenium.dev/exceptions/#no_such_element
Build info: version: '4.1.3', revision: '7b1ebf28ef'
System info: host: 'DESKTOP-G4II477', ip: '192.168.1.106', os.name: 'Windows 10', os.arch: 'amd64', os.version: '10.0', java.version: '11.0.13'
Driver info: org.openqa.selenium.chrome.ChromeDriver
Command: [b2c11cedc7ce23934f4b1f877c4d71ca, findElement {using=xpath, value=//div[@class='Toastify__toast-body']}]
Capabilities {acceptInsecureCerts: false, browserName: chrome, browserVersion: 104.0.5112.81, chrome: {chromedriverVersion: 104.0.5112.79 (3cf3e8c8a07d..., userDataDir: C:\Users\Halim\AppData\Loca...}, goog:chromeOptions: {debuggerAddress: localhost:59765}, javascriptEnabled: true, networkConnectionEnabled: false, pageLoadStrategy: normal, platform: WINDOWS, platformName: WINDOWS, proxy: Proxy(), se:cdp: ws://localhost:59765/devtoo..., se:cdpVersion: 104.0.5112.81, setWindowRect: true, strictFileInteractability: false, timeouts: {implicit: 0, pageLoad: 300000, script: 30000}, unhandledPromptBehavior: dismiss and notify, webauthn:extension:credBlob: true, webauthn:extension:largeBlob: true, webauthn:virtualAuthenticators: true}
Session ID: b2c11cedc7ce23934f4b1f877c4d71ca
	at java.base/jdk.internal.reflect.NativeConstructorAccessorImpl.newInstance0(Native Method)
	at java.base/jdk.internal.reflect.NativeConstructorAccessorImpl.newInstance(NativeConstructorAccessorImpl.java:62)
	at java.base/jdk.internal.reflect.DelegatingConstructorAccessorImpl.newInstance(DelegatingConstructorAccessorImpl.java:45)
	at java.base/java.lang.reflect.Constructor.newInstance(Constructor.java:490)
	at org.openqa.selenium.remote.codec.w3c.W3CHttpResponseCodec.createException(W3CHttpResponseCodec.java:200)
	at org.openqa.selenium.remote.codec.w3c.W3CHttpResponseCodec.decode(W3CHttpResponseCodec.java:133)
	at org.openqa.selenium.remote.codec.w3c.W3CHttpResponseCodec.decode(W3CHttpResponseCodec.java:53)
	at org.openqa.selenium.remote.HttpCommandExecutor.execute(HttpCommandExecutor.java:184)
	at org.openqa.selenium.remote.service.DriverCommandExecutor.invokeExecute(DriverCommandExecutor.java:167)
	at org.openqa.selenium.remote.service.DriverCommandExecutor.execute(DriverCommandExecutor.java:142)
	at org.openqa.selenium.remote.RemoteWebDriver.execute(RemoteWebDriver.java:567)
	at org.openqa.selenium.remote.ElementLocation$ElementFinder$2.findElement(ElementLocation.java:162)
	at org.openqa.selenium.remote.ElementLocation.findElement(ElementLocation.java:60)
	at org.openqa.selenium.remote.RemoteWebDriver.findElement(RemoteWebDriver.java:385)
	at org.openqa.selenium.remote.RemoteWebDriver.findElement(RemoteWebDriver.java:377)
	at org.openqa.selenium.support.pagefactory.DefaultElementLocator.findElement(DefaultElementLocator.java:70)
	at org.openqa.selenium.support.pagefactory.internal.LocatingElementHandler.invoke(LocatingElementHandler.java:39)
	at com.sun.proxy.$Proxy23.isDisplayed(Unknown Source)
	at stepDefinitions.uiSteps.US001.kullanici_registitaion_saved_yazisinin_gorunur_oldugunu_dogrular(US001.java:91)
	at âœ½.Kullanici Registitaion Saved yazisinin gorunur oldugunu dogrular(file:///C:/Users/Halim/MedunnaProjectTeam58/./src/test/resources/features/UIFeatures/US001_Registration.feature:77)
&amp#27;[0m

    Embedding screenshots [image/png 44540 bytes]

]]></system-out>
    <system-err><![CDATA[Starting ChromeDriver 104.0.5112.79 (3cf3e8c8a07d104b9e1260c910efb8f383285dc5-refs/branch-heads/5112@{#1307}) on port 51199
Only local connections are allowed.
Please see https://chromedriver.chromium.org/security-considerations for suggestions on keeping ChromeDriver safe.
ChromeDriver was started successfully.
Aug 15, 2022 9:30:22 PM org.openqa.selenium.remote.ProtocolHandshake createSession
INFO: Detected dialect: W3C
Aug 15, 2022 9:30:22 PM org.openqa.selenium.devtools.CdpVersionFinder findNearestMatch
WARNING: Unable to find an exact match for CDP version 104, so returning the closest version found: a no-op implementation
Aug 15, 2022 9:30:22 PM org.openqa.selenium.devtools.CdpVersionFinder findNearestMatch
INFO: Unable to find CDP implementation matching 104.
Aug 15, 2022 9:30:22 PM org.openqa.selenium.chromium.ChromiumDriver lambda$new$3
WARNING: Unable to find version of CDP to use for . You may need to include a dependency on a specific version of the CDP using something similar to `org.seleniumhq.selenium:selenium-devtools-v86:4.1.3` where the version ("v86") matches the version of the chromium-based browser you're using and the version number of the artifact is the same as Selenium's.
]]></system-err>
  </testcase>
  <testcase name="TC001 kullanici bos username ile kayit olamamali" classname="US002" time="19.456">
    <system-out><![CDATA[
@smokeTest
Scenario: TC001 kullanici bos username ile kayit olamamali             &amp#27;[90m# src/test/resources/features/UIFeatures/US002_Registration.feature:5&amp#27;[0m
  &amp#27;[32mGiven &amp#27;[0m&amp#27;[32mKullanici Medunna ana sayfasina gider&amp#27;[0m                          &amp#27;[90m# stepDefinitions.uiSteps.US001.kullanici_medunna_ana_sayfasina_gider()&amp#27;[0m
  &amp#27;[32mAnd &amp#27;[0m&amp#27;[32mKullanici Register butonuna tiklar&amp#27;[0m                               &amp#27;[90m# stepDefinitions.uiSteps.US001.kullanici_register_butonuna_tiklar()&amp#27;[0m
  &amp#27;[32mAnd &amp#27;[0m&amp#27;[32mKullanici SSN kutusuna geÃ§erli bir &amp#27;[0m&amp#27;[32m&amp#27;[1m"SSN"&amp#27;[0m&amp#27;[32m numarasi girer&amp#27;[0m          &amp#27;[90m# stepDefinitions.uiSteps.US001.kullanici_ssn_kutusuna_geÃ§erli_bir_numarasi_girer(java.lang.String)&amp#27;[0m
  &amp#27;[32mAnd &amp#27;[0m&amp#27;[32mKullanici firstname kutusuna geÃ§erli bir &amp#27;[0m&amp#27;[32m&amp#27;[1m"firstname"&amp#27;[0m&amp#27;[32m girer&amp#27;[0m       &amp#27;[90m# stepDefinitions.uiSteps.US001.kullanici_firstname_kutusuna_geÃ§erli_bir_girer(java.lang.String)&amp#27;[0m
  &amp#27;[32mAnd &amp#27;[0m&amp#27;[32mKullanici lastname kutusuna geÃ§erli bir &amp#27;[0m&amp#27;[32m&amp#27;[1m"lastname"&amp#27;[0m&amp#27;[32m girer&amp#27;[0m         &amp#27;[90m# stepDefinitions.uiSteps.US001.kullanici_lastname_kutusuna_geÃ§erli_bir_girer(java.lang.String)&amp#27;[0m
  &amp#27;[32mAnd &amp#27;[0m&amp#27;[32mKullanici username kutusunu bos birakir&amp#27;[0m                          &amp#27;[90m# stepDefinitions.uiSteps.US002.kullanici_username_kutusunu_bos_birakir()&amp#27;[0m
  &amp#27;[32mAnd &amp#27;[0m&amp#27;[32mKullanici email kutusuna geÃ§erli bir &amp#27;[0m&amp#27;[32m&amp#27;[1m"email"&amp#27;[0m&amp#27;[32m girer&amp#27;[0m               &amp#27;[90m# stepDefinitions.uiSteps.US001.kullanici_email_kutusuna_geÃ§erli_bir_girer(java.lang.String)&amp#27;[0m
  &amp#27;[32mAnd &amp#27;[0m&amp#27;[32mKullanici password kutusuna geÃ§erli bir &amp#27;[0m&amp#27;[32m&amp#27;[1m"password"&amp#27;[0m&amp#27;[32m girer&amp#27;[0m         &amp#27;[90m# stepDefinitions.uiSteps.US001.kullanici_password_kutusuna_geÃ§erli_bir_girer(java.lang.String)&amp#27;[0m
  &amp#27;[32mThen &amp#27;[0m&amp#27;[32mKullanici register butonuna tÄ±klar&amp#27;[0m                              &amp#27;[90m# stepDefinitions.uiSteps.US001.kullanici_register_butonuna_tÄ±klar()&amp#27;[0m
  &amp#27;[32mThen &amp#27;[0m&amp#27;[32mKullanici bos username hata mesajinin gorunur oldugunu dogrular&amp#27;[0m &amp#27;[90m# stepDefinitions.uiSteps.US002.kullanici_bos_username_hata_mesajinin_gorunur_oldugunu_dogrular()&amp#27;[0m
]]></system-out>
    <system-err><![CDATA[Starting ChromeDriver 104.0.5112.79 (3cf3e8c8a07d104b9e1260c910efb8f383285dc5-refs/branch-heads/5112@{#1307}) on port 53121
Only local connections are allowed.
Please see https://chromedriver.chromium.org/security-considerations for suggestions on keeping ChromeDriver safe.
ChromeDriver was started successfully.
Aug 15, 2022 9:30:42 PM org.openqa.selenium.remote.ProtocolHandshake createSession
INFO: Detected dialect: W3C
Aug 15, 2022 9:30:43 PM org.openqa.selenium.devtools.CdpVersionFinder findNearestMatch
WARNING: Unable to find an exact match for CDP version 104, so returning the closest version found: a no-op implementation
Aug 15, 2022 9:30:43 PM org.openqa.selenium.devtools.CdpVersionFinder findNearestMatch
INFO: Unable to find CDP implementation matching 104.
Aug 15, 2022 9:30:43 PM org.openqa.selenium.chromium.ChromiumDriver lambda$new$3
WARNING: Unable to find version of CDP to use for . You may need to include a dependency on a specific version of the CDP using something similar to `org.seleniumhq.selenium:selenium-devtools-v86:4.1.3` where the version ("v86") matches the version of the chromium-based browser you're using and the version number of the artifact is the same as Selenium's.
]]></system-err>
  </testcase>
  <testcase name="TC002 kullanici bos email ile kayit olamamali" classname="US002" time="19.804">
    <system-out><![CDATA[
@smokeTest
Scenario: TC002 kullanici bos email ile kayit olamamali             &amp#27;[90m# src/test/resources/features/UIFeatures/US002_Registration.feature:18&amp#27;[0m
  &amp#27;[32mGiven &amp#27;[0m&amp#27;[32mKullanici Medunna ana sayfasina gider&amp#27;[0m                       &amp#27;[90m# stepDefinitions.uiSteps.US001.kullanici_medunna_ana_sayfasina_gider()&amp#27;[0m
  &amp#27;[32mAnd &amp#27;[0m&amp#27;[32mKullanici Register butonuna tiklar&amp#27;[0m                            &amp#27;[90m# stepDefinitions.uiSteps.US001.kullanici_register_butonuna_tiklar()&amp#27;[0m
  &amp#27;[32mAnd &amp#27;[0m&amp#27;[32mKullanici SSN kutusuna geÃ§erli bir &amp#27;[0m&amp#27;[32m&amp#27;[1m"SSN"&amp#27;[0m&amp#27;[32m numarasi girer&amp#27;[0m       &amp#27;[90m# stepDefinitions.uiSteps.US001.kullanici_ssn_kutusuna_geÃ§erli_bir_numarasi_girer(java.lang.String)&amp#27;[0m
  &amp#27;[32mAnd &amp#27;[0m&amp#27;[32mKullanici firstname kutusuna geÃ§erli bir &amp#27;[0m&amp#27;[32m&amp#27;[1m"firstname"&amp#27;[0m&amp#27;[32m girer&amp#27;[0m    &amp#27;[90m# stepDefinitions.uiSteps.US001.kullanici_firstname_kutusuna_geÃ§erli_bir_girer(java.lang.String)&amp#27;[0m
  &amp#27;[32mAnd &amp#27;[0m&amp#27;[32mKullanici lastname kutusuna geÃ§erli bir &amp#27;[0m&amp#27;[32m&amp#27;[1m"lastname"&amp#27;[0m&amp#27;[32m girer&amp#27;[0m      &amp#27;[90m# stepDefinitions.uiSteps.US001.kullanici_lastname_kutusuna_geÃ§erli_bir_girer(java.lang.String)&amp#27;[0m
  &amp#27;[32mAnd &amp#27;[0m&amp#27;[32mKullanici username kutusuna geÃ§erli bir &amp#27;[0m&amp#27;[32m&amp#27;[1m"username"&amp#27;[0m&amp#27;[32m girer&amp#27;[0m      &amp#27;[90m# stepDefinitions.uiSteps.US001.kullanici_username_kutusuna_geÃ§erli_bir_girer(java.lang.String)&amp#27;[0m
  &amp#27;[32mAnd &amp#27;[0m&amp#27;[32mKullanici email kutusunu bos birakir&amp#27;[0m                          &amp#27;[90m# stepDefinitions.uiSteps.US002.kullanici_email_kutusunu_bos_birakir()&amp#27;[0m
  &amp#27;[32mAnd &amp#27;[0m&amp#27;[32mKullanici password kutusuna geÃ§erli bir &amp#27;[0m&amp#27;[32m&amp#27;[1m"password"&amp#27;[0m&amp#27;[32m girer&amp#27;[0m      &amp#27;[90m# stepDefinitions.uiSteps.US001.kullanici_password_kutusuna_geÃ§erli_bir_girer(java.lang.String)&amp#27;[0m
  &amp#27;[32mThen &amp#27;[0m&amp#27;[32mKullanici register butonuna tÄ±klar&amp#27;[0m                           &amp#27;[90m# stepDefinitions.uiSteps.US001.kullanici_register_butonuna_tÄ±klar()&amp#27;[0m
  &amp#27;[32mThen &amp#27;[0m&amp#27;[32mKullanici bos email hata mesajinin gorunur oldugunu dogrular&amp#27;[0m &amp#27;[90m# stepDefinitions.uiSteps.US002.kullanici_bos_email_hata_mesajinin_gorunur_oldugunu_dogrular()&amp#27;[0m
]]></system-out>
    <system-err><![CDATA[Starting ChromeDriver 104.0.5112.79 (3cf3e8c8a07d104b9e1260c910efb8f383285dc5-refs/branch-heads/5112@{#1307}) on port 55028
Only local connections are allowed.
Please see https://chromedriver.chromium.org/security-considerations for suggestions on keeping ChromeDriver safe.
ChromeDriver was started successfully.
Aug 15, 2022 9:31:02 PM org.openqa.selenium.remote.ProtocolHandshake createSession
INFO: Detected dialect: W3C
Aug 15, 2022 9:31:02 PM org.openqa.selenium.devtools.CdpVersionFinder findNearestMatch
WARNING: Unable to find an exact match for CDP version 104, so returning the closest version found: a no-op implementation
Aug 15, 2022 9:31:02 PM org.openqa.selenium.devtools.CdpVersionFinder findNearestMatch
INFO: Unable to find CDP implementation matching 104.
Aug 15, 2022 9:31:02 PM org.openqa.selenium.chromium.ChromiumDriver lambda$new$3
WARNING: Unable to find version of CDP to use for . You may need to include a dependency on a specific version of the CDP using something similar to `org.seleniumhq.selenium:selenium-devtools-v86:4.1.3` where the version ("v86") matches the version of the chromium-based browser you're using and the version number of the artifact is the same as Selenium's.
]]></system-err>
  </testcase>
  <testcase name="TC003 kullanici gecersiz email ile kayıt olamamali" classname="US002" time="19.753">
    <system-out><![CDATA[
@smokeTest
Scenario: TC003 kullanici gecersiz email ile kayÄ±t olamamali             &amp#27;[90m# src/test/resources/features/UIFeatures/US002_Registration.feature:30&amp#27;[0m
  &amp#27;[32mGiven &amp#27;[0m&amp#27;[32mKullanici Medunna ana sayfasina gider&amp#27;[0m                            &amp#27;[90m# stepDefinitions.uiSteps.US001.kullanici_medunna_ana_sayfasina_gider()&amp#27;[0m
  &amp#27;[32mAnd &amp#27;[0m&amp#27;[32mKullanici Register butonuna tiklar&amp#27;[0m                                 &amp#27;[90m# stepDefinitions.uiSteps.US001.kullanici_register_butonuna_tiklar()&amp#27;[0m
  &amp#27;[32mAnd &amp#27;[0m&amp#27;[32mKullanici SSN kutusuna geÃ§erli bir &amp#27;[0m&amp#27;[32m&amp#27;[1m"SSN"&amp#27;[0m&amp#27;[32m numarasi girer&amp#27;[0m            &amp#27;[90m# stepDefinitions.uiSteps.US001.kullanici_ssn_kutusuna_geÃ§erli_bir_numarasi_girer(java.lang.String)&amp#27;[0m
  &amp#27;[32mAnd &amp#27;[0m&amp#27;[32mKullanici firstname kutusuna geÃ§erli bir &amp#27;[0m&amp#27;[32m&amp#27;[1m"firstname"&amp#27;[0m&amp#27;[32m girer&amp#27;[0m         &amp#27;[90m# stepDefinitions.uiSteps.US001.kullanici_firstname_kutusuna_geÃ§erli_bir_girer(java.lang.String)&amp#27;[0m
  &amp#27;[32mAnd &amp#27;[0m&amp#27;[32mKullanici lastname kutusuna geÃ§erli bir &amp#27;[0m&amp#27;[32m&amp#27;[1m"lastname"&amp#27;[0m&amp#27;[32m girer&amp#27;[0m           &amp#27;[90m# stepDefinitions.uiSteps.US001.kullanici_lastname_kutusuna_geÃ§erli_bir_girer(java.lang.String)&amp#27;[0m
  &amp#27;[32mAnd &amp#27;[0m&amp#27;[32mKullanici username kutusuna geÃ§erli bir &amp#27;[0m&amp#27;[32m&amp#27;[1m"username"&amp#27;[0m&amp#27;[32m girer&amp#27;[0m           &amp#27;[90m# stepDefinitions.uiSteps.US001.kullanici_username_kutusuna_geÃ§erli_bir_girer(java.lang.String)&amp#27;[0m
  &amp#27;[32mAnd &amp#27;[0m&amp#27;[32mKullanici email kutusuna gecersiz bir &amp#27;[0m&amp#27;[32m&amp#27;[1m"email"&amp#27;[0m&amp#27;[32m girer&amp#27;[0m                &amp#27;[90m# stepDefinitions.uiSteps.US002.kullanici_email_kutusuna_gecersiz_bir_girer(java.lang.String)&amp#27;[0m
  &amp#27;[32mAnd &amp#27;[0m&amp#27;[32mKullanici password kutusuna geÃ§erli bir &amp#27;[0m&amp#27;[32m&amp#27;[1m"password"&amp#27;[0m&amp#27;[32m girer&amp#27;[0m           &amp#27;[90m# stepDefinitions.uiSteps.US001.kullanici_password_kutusuna_geÃ§erli_bir_girer(java.lang.String)&amp#27;[0m
  &amp#27;[32mThen &amp#27;[0m&amp#27;[32mKullanici register butonuna tÄ±klar&amp#27;[0m                                &amp#27;[90m# stepDefinitions.uiSteps.US001.kullanici_register_butonuna_tÄ±klar()&amp#27;[0m
  &amp#27;[32mThen &amp#27;[0m&amp#27;[32mKullanici gecersiz email hata mesajinin gorunur oldugunu dogrular&amp#27;[0m &amp#27;[90m# stepDefinitions.uiSteps.US002.kullanici_gecersiz_email_hata_mesajinin_gorunur_oldugunu_dogrular()&amp#27;[0m
]]></system-out>
    <system-err><![CDATA[Starting ChromeDriver 104.0.5112.79 (3cf3e8c8a07d104b9e1260c910efb8f383285dc5-refs/branch-heads/5112@{#1307}) on port 64897
Only local connections are allowed.
Please see https://chromedriver.chromium.org/security-considerations for suggestions on keeping ChromeDriver safe.
ChromeDriver was started successfully.
Aug 15, 2022 9:31:22 PM org.openqa.selenium.remote.ProtocolHandshake createSession
INFO: Detected dialect: W3C
Aug 15, 2022 9:31:22 PM org.openqa.selenium.devtools.CdpVersionFinder findNearestMatch
WARNING: Unable to find an exact match for CDP version 104, so returning the closest version found: a no-op implementation
Aug 15, 2022 9:31:22 PM org.openqa.selenium.devtools.CdpVersionFinder findNearestMatch
INFO: Unable to find CDP implementation matching 104.
Aug 15, 2022 9:31:22 PM org.openqa.selenium.chromium.ChromiumDriver lambda$new$3
WARNING: Unable to find version of CDP to use for . You may need to include a dependency on a specific version of the CDP using something similar to `org.seleniumhq.selenium:selenium-devtools-v86:4.1.3` where the version ("v86") matches the version of the chromium-based browser you're using and the version number of the artifact is the same as Selenium's.
]]></system-err>
  </testcase>
  <testcase name="TC001 Kullanici Giris sayfasi sadece geceli bilgilerle erisilebilir olmali" classname="US004 Giris Sayfasi Erisimi #1" time="19.364">
    <error message="no such element: Unable to locate element: {&quot;method&quot;:&quot;xpath&quot;,&quot;selector&quot;:&quot;//span[text()=&apos;user Team58&apos;]&quot;}&#10;  (Session info: chrome=104.0.5112.81)&#10;For documentation on this error, please visit: https://selenium.dev/exceptions/#no_such_element&#10;Build info: version: &apos;4.1.3&apos;, revision: &apos;7b1ebf28ef&apos;&#10;System info: host: &apos;DESKTOP-G4II477&apos;, ip: &apos;192.168.1.106&apos;, os.name: &apos;Windows 10&apos;, os.arch: &apos;amd64&apos;, os.version: &apos;10.0&apos;, java.version: &apos;11.0.13&apos;&#10;Driver info: org.openqa.selenium.chrome.ChromeDriver&#10;Command: [1bbab4f27003c44667d4557138e6316d, findElement {using=xpath, value=//span[text()=&apos;user Team58&apos;]}]&#10;Capabilities {acceptInsecureCerts: false, browserName: chrome, browserVersion: 104.0.5112.81, chrome: {chromedriverVersion: 104.0.5112.79 (3cf3e8c8a07d..., userDataDir: C:\Users\Halim\AppData\Loca...}, goog:chromeOptions: {debuggerAddress: localhost:59893}, javascriptEnabled: true, networkConnectionEnabled: false, pageLoadStrategy: normal, platform: WINDOWS, platformName: WINDOWS, proxy: Proxy(), se:cdp: ws://localhost:59893/devtoo..., se:cdpVersion: 104.0.5112.81, setWindowRect: true, strictFileInteractability: false, timeouts: {implicit: 0, pageLoad: 300000, script: 30000}, unhandledPromptBehavior: dismiss and notify, webauthn:extension:credBlob: true, webauthn:extension:largeBlob: true, webauthn:virtualAuthenticators: true}&#10;Session ID: 1bbab4f27003c44667d4557138e6316d" type="org.openqa.selenium.NoSuchElementException"><![CDATA[org.openqa.selenium.NoSuchElementException: 
no such element: Unable to locate element: {"method":"xpath","selector":"//span[text()='user Team58']"}
  (Session info: chrome=104.0.5112.81)
For documentation on this error, please visit: https://selenium.dev/exceptions/#no_such_element
Build info: version: '4.1.3', revision: '7b1ebf28ef'
System info: host: 'DESKTOP-G4II477', ip: '192.168.1.106', os.name: 'Windows 10', os.arch: 'amd64', os.version: '10.0', java.version: '11.0.13'
Driver info: org.openqa.selenium.chrome.ChromeDriver
Command: [1bbab4f27003c44667d4557138e6316d, findElement {using=xpath, value=//span[text()='user Team58']}]
Capabilities {acceptInsecureCerts: false, browserName: chrome, browserVersion: 104.0.5112.81, chrome: {chromedriverVersion: 104.0.5112.79 (3cf3e8c8a07d..., userDataDir: C:\Users\Halim\AppData\Loca...}, goog:chromeOptions: {debuggerAddress: localhost:59893}, javascriptEnabled: true, networkConnectionEnabled: false, pageLoadStrategy: normal, platform: WINDOWS, platformName: WINDOWS, proxy: Proxy(), se:cdp: ws://localhost:59893/devtoo..., se:cdpVersion: 104.0.5112.81, setWindowRect: true, strictFileInteractability: false, timeouts: {implicit: 0, pageLoad: 300000, script: 30000}, unhandledPromptBehavior: dismiss and notify, webauthn:extension:credBlob: true, webauthn:extension:largeBlob: true, webauthn:virtualAuthenticators: true}
Session ID: 1bbab4f27003c44667d4557138e6316d
]]></error>
    <system-out><![CDATA[
@smokeTest @us004tc001
Scenario: TC001 Kullanici Giris sayfasi sadece geceli bilgilerle erisilebilir olmali &amp#27;[90m# src/test/resources/features/UIFeatures/US004_GirisSayfasiSadeceGecerliBilgilerleErisilmeli.feature:5&amp#27;[0m
  &amp#27;[32mGiven &amp#27;[0m&amp#27;[32muser &amp#27;[0m&amp#27;[32m&amp#27;[1m"medunnaUrl"&amp#27;[0m&amp#27;[32m anasayfasinda&amp#27;[0m                                              &amp#27;[90m# stepDefinitions.uiSteps.OrtakClass.user_anasayfasinda(java.lang.String)&amp#27;[0m
  &amp#27;[32mThen &amp#27;[0m&amp#27;[32muser user sembolune tiklar&amp#27;[0m                                                    &amp#27;[90m# stepDefinitions.uiSteps.OrtakClass.user_user_sembolune_tiklar()&amp#27;[0m
  &amp#27;[32mAnd &amp#27;[0m&amp#27;[32muser singIn sekmesi tiklar&amp#27;[0m                                                     &amp#27;[90m# stepDefinitions.uiSteps.OrtakClass.user_sing_in_sekmesi_tiklar()&amp#27;[0m
  &amp#27;[32mAnd &amp#27;[0m&amp#27;[32mbeni hatirla secenegi oldugu kontrol eder&amp#27;[0m                                      &amp#27;[90m# stepDefinitions.uiSteps.US004.beni_hatirla_secenegi_oldugu_kontrol_eder()&amp#27;[0m
  &amp#27;[32mAnd &amp#27;[0m&amp#27;[32mDid you forget your password secenegi oldugu kontrol eder&amp#27;[0m                      &amp#27;[90m# stepDefinitions.uiSteps.US004.did_you_forget_your_password_secenegi_oldugu_kontrol_eder()&amp#27;[0m
  &amp#27;[32mAnd &amp#27;[0m&amp#27;[32mCancel butonu oldugu kontrol eder&amp#27;[0m                                              &amp#27;[90m# stepDefinitions.uiSteps.US004.cancel_butonu_oldugu_kontrol_eder()&amp#27;[0m
  &amp#27;[32mAnd &amp#27;[0m&amp#27;[32muser gecerli &amp#27;[0m&amp#27;[32m&amp#27;[1m"newUsername"&amp#27;[0m&amp#27;[32m ve &amp#27;[0m&amp#27;[32m&amp#27;[1m"newUserPassword"&amp#27;[0m&amp#27;[32m ile giris yapar&amp#27;[0m                &amp#27;[90m# stepDefinitions.uiSteps.OrtakClass.user_gecerli_ve_ile_giris_yapar(java.lang.String,java.lang.String)&amp#27;[0m
  &amp#27;[31mAnd &amp#27;[0m&amp#27;[31muser sing in butonuna tiklar&amp#27;[0m                                                   &amp#27;[90m# stepDefinitions.uiSteps.OrtakClass.user_sing_in_butonuna_tiklar()&amp#27;[0m
      &amp#27;[31morg.openqa.selenium.NoSuchElementException: no such element: Unable to locate element: {"method":"xpath","selector":"//span[text()='user Team58']"}
  (Session info: chrome=104.0.5112.81)
For documentation on this error, please visit: https://selenium.dev/exceptions/#no_such_element
Build info: version: '4.1.3', revision: '7b1ebf28ef'
System info: host: 'DESKTOP-G4II477', ip: '192.168.1.106', os.name: 'Windows 10', os.arch: 'amd64', os.version: '10.0', java.version: '11.0.13'
Driver info: org.openqa.selenium.chrome.ChromeDriver
Command: [1bbab4f27003c44667d4557138e6316d, findElement {using=xpath, value=//span[text()='user Team58']}]
Capabilities {acceptInsecureCerts: false, browserName: chrome, browserVersion: 104.0.5112.81, chrome: {chromedriverVersion: 104.0.5112.79 (3cf3e8c8a07d..., userDataDir: C:\Users\Halim\AppData\Loca...}, goog:chromeOptions: {debuggerAddress: localhost:59893}, javascriptEnabled: true, networkConnectionEnabled: false, pageLoadStrategy: normal, platform: WINDOWS, platformName: WINDOWS, proxy: Proxy(), se:cdp: ws://localhost:59893/devtoo..., se:cdpVersion: 104.0.5112.81, setWindowRect: true, strictFileInteractability: false, timeouts: {implicit: 0, pageLoad: 300000, script: 30000}, unhandledPromptBehavior: dismiss and notify, webauthn:extension:credBlob: true, webauthn:extension:largeBlob: true, webauthn:virtualAuthenticators: true}
Session ID: 1bbab4f27003c44667d4557138e6316d
	at java.base/jdk.internal.reflect.NativeConstructorAccessorImpl.newInstance0(Native Method)
	at java.base/jdk.internal.reflect.NativeConstructorAccessorImpl.newInstance(NativeConstructorAccessorImpl.java:62)
	at java.base/jdk.internal.reflect.DelegatingConstructorAccessorImpl.newInstance(DelegatingConstructorAccessorImpl.java:45)
	at java.base/java.lang.reflect.Constructor.newInstance(Constructor.java:490)
	at org.openqa.selenium.remote.codec.w3c.W3CHttpResponseCodec.createException(W3CHttpResponseCodec.java:200)
	at org.openqa.selenium.remote.codec.w3c.W3CHttpResponseCodec.decode(W3CHttpResponseCodec.java:133)
	at org.openqa.selenium.remote.codec.w3c.W3CHttpResponseCodec.decode(W3CHttpResponseCodec.java:53)
	at org.openqa.selenium.remote.HttpCommandExecutor.execute(HttpCommandExecutor.java:184)
	at org.openqa.selenium.remote.service.DriverCommandExecutor.invokeExecute(DriverCommandExecutor.java:167)
	at org.openqa.selenium.remote.service.DriverCommandExecutor.execute(DriverCommandExecutor.java:142)
	at org.openqa.selenium.remote.RemoteWebDriver.execute(RemoteWebDriver.java:567)
	at org.openqa.selenium.remote.ElementLocation$ElementFinder$2.findElement(ElementLocation.java:162)
	at org.openqa.selenium.remote.ElementLocation.findElement(ElementLocation.java:60)
	at org.openqa.selenium.remote.RemoteWebDriver.findElement(RemoteWebDriver.java:385)
	at org.openqa.selenium.remote.RemoteWebDriver.findElement(RemoteWebDriver.java:377)
	at org.openqa.selenium.support.pagefactory.DefaultElementLocator.findElement(DefaultElementLocator.java:70)
	at org.openqa.selenium.support.pagefactory.internal.LocatingElementHandler.invoke(LocatingElementHandler.java:39)
	at com.sun.proxy.$Proxy23.isDisplayed(Unknown Source)
	at stepDefinitions.uiSteps.OrtakClass.user_sing_in_butonuna_tiklar(OrtakClass.java:190)
	at âœ½.user sing in butonuna tiklar(file:///C:/Users/Halim/MedunnaProjectTeam58/./src/test/resources/features/UIFeatures/US004_GirisSayfasiSadeceGecerliBilgilerleErisilmeli.feature:13)
&amp#27;[0m
  &amp#27;[36mAnd &amp#27;[0m&amp#27;[36mgiris yaptigini dogrular&amp#27;[0m                                                       &amp#27;[90m# stepDefinitions.uiSteps.US004.giris_yaptigini_dogrular()&amp#27;[0m

    Embedding screenshots [image/png 531523 bytes]

]]></system-out>
    <system-err><![CDATA[Starting ChromeDriver 104.0.5112.79 (3cf3e8c8a07d104b9e1260c910efb8f383285dc5-refs/branch-heads/5112@{#1307}) on port 49404
Only local connections are allowed.
Please see https://chromedriver.chromium.org/security-considerations for suggestions on keeping ChromeDriver safe.
ChromeDriver was started successfully.
Aug 15, 2022 9:31:41 PM org.openqa.selenium.remote.ProtocolHandshake createSession
INFO: Detected dialect: W3C
Aug 15, 2022 9:31:41 PM org.openqa.selenium.devtools.CdpVersionFinder findNearestMatch
WARNING: Unable to find an exact match for CDP version 104, so returning the closest version found: a no-op implementation
Aug 15, 2022 9:31:41 PM org.openqa.selenium.devtools.CdpVersionFinder findNearestMatch
INFO: Unable to find CDP implementation matching 104.
Aug 15, 2022 9:31:41 PM org.openqa.selenium.chromium.ChromiumDriver lambda$new$3
WARNING: Unable to find version of CDP to use for . You may need to include a dependency on a specific version of the CDP using something similar to `org.seleniumhq.selenium:selenium-devtools-v86:4.1.3` where the version ("v86") matches the version of the chromium-based browser you're using and the version number of the artifact is the same as Selenium's.
]]></system-err>
  </testcase>
  <testcase name="TC002 Admin Giris sayfasi sadece geceli bilgilerle erisilebilir olmali" classname="US004 Giris Sayfasi Erisimi #1" time="17.293">
    <error message="no such element: Unable to locate element: {&quot;method&quot;:&quot;xpath&quot;,&quot;selector&quot;:&quot;//span[text()=&apos;user Team58&apos;]&quot;}&#10;  (Session info: chrome=104.0.5112.81)&#10;For documentation on this error, please visit: https://selenium.dev/exceptions/#no_such_element&#10;Build info: version: &apos;4.1.3&apos;, revision: &apos;7b1ebf28ef&apos;&#10;System info: host: &apos;DESKTOP-G4II477&apos;, ip: &apos;192.168.1.106&apos;, os.name: &apos;Windows 10&apos;, os.arch: &apos;amd64&apos;, os.version: &apos;10.0&apos;, java.version: &apos;11.0.13&apos;&#10;Driver info: org.openqa.selenium.chrome.ChromeDriver&#10;Command: [0d10e7ba0f83cdb60ca937a7c7bc2fbf, findElement {using=xpath, value=//span[text()=&apos;user Team58&apos;]}]&#10;Capabilities {acceptInsecureCerts: false, browserName: chrome, browserVersion: 104.0.5112.81, chrome: {chromedriverVersion: 104.0.5112.79 (3cf3e8c8a07d..., userDataDir: C:\Users\Halim\AppData\Loca...}, goog:chromeOptions: {debuggerAddress: localhost:59927}, javascriptEnabled: true, networkConnectionEnabled: false, pageLoadStrategy: normal, platform: WINDOWS, platformName: WINDOWS, proxy: Proxy(), se:cdp: ws://localhost:59927/devtoo..., se:cdpVersion: 104.0.5112.81, setWindowRect: true, strictFileInteractability: false, timeouts: {implicit: 0, pageLoad: 300000, script: 30000}, unhandledPromptBehavior: dismiss and notify, webauthn:extension:credBlob: true, webauthn:extension:largeBlob: true, webauthn:virtualAuthenticators: true}&#10;Session ID: 0d10e7ba0f83cdb60ca937a7c7bc2fbf" type="org.openqa.selenium.NoSuchElementException"><![CDATA[org.openqa.selenium.NoSuchElementException: 
no such element: Unable to locate element: {"method":"xpath","selector":"//span[text()='user Team58']"}
  (Session info: chrome=104.0.5112.81)
For documentation on this error, please visit: https://selenium.dev/exceptions/#no_such_element
Build info: version: '4.1.3', revision: '7b1ebf28ef'
System info: host: 'DESKTOP-G4II477', ip: '192.168.1.106', os.name: 'Windows 10', os.arch: 'amd64', os.version: '10.0', java.version: '11.0.13'
Driver info: org.openqa.selenium.chrome.ChromeDriver
Command: [0d10e7ba0f83cdb60ca937a7c7bc2fbf, findElement {using=xpath, value=//span[text()='user Team58']}]
Capabilities {acceptInsecureCerts: false, browserName: chrome, browserVersion: 104.0.5112.81, chrome: {chromedriverVersion: 104.0.5112.79 (3cf3e8c8a07d..., userDataDir: C:\Users\Halim\AppData\Loca...}, goog:chromeOptions: {debuggerAddress: localhost:59927}, javascriptEnabled: true, networkConnectionEnabled: false, pageLoadStrategy: normal, platform: WINDOWS, platformName: WINDOWS, proxy: Proxy(), se:cdp: ws://localhost:59927/devtoo..., se:cdpVersion: 104.0.5112.81, setWindowRect: true, strictFileInteractability: false, timeouts: {implicit: 0, pageLoad: 300000, script: 30000}, unhandledPromptBehavior: dismiss and notify, webauthn:extension:credBlob: true, webauthn:extension:largeBlob: true, webauthn:virtualAuthenticators: true}
Session ID: 0d10e7ba0f83cdb60ca937a7c7bc2fbf
]]></error>
    <system-out><![CDATA[
@smokeTest @us004tc002
Scenario: TC002 Admin Giris sayfasi sadece geceli bilgilerle erisilebilir olmali &amp#27;[90m# src/test/resources/features/UIFeatures/US004_GirisSayfasiSadeceGecerliBilgilerleErisilmeli.feature:17&amp#27;[0m
  &amp#27;[32mGiven &amp#27;[0m&amp#27;[32muser &amp#27;[0m&amp#27;[32m&amp#27;[1m"medunnaUrl"&amp#27;[0m&amp#27;[32m anasayfasinda&amp#27;[0m                                          &amp#27;[90m# stepDefinitions.uiSteps.OrtakClass.user_anasayfasinda(java.lang.String)&amp#27;[0m
  &amp#27;[32mThen &amp#27;[0m&amp#27;[32muser user sembolune tiklar&amp#27;[0m                                                &amp#27;[90m# stepDefinitions.uiSteps.OrtakClass.user_user_sembolune_tiklar()&amp#27;[0m
  &amp#27;[32mAnd &amp#27;[0m&amp#27;[32muser singIn sekmesi tiklar&amp#27;[0m                                                 &amp#27;[90m# stepDefinitions.uiSteps.OrtakClass.user_sing_in_sekmesi_tiklar()&amp#27;[0m
  &amp#27;[32mAnd &amp#27;[0m&amp#27;[32mbeni hatirla secenegi oldugu kontrol eder&amp#27;[0m                                  &amp#27;[90m# stepDefinitions.uiSteps.US004.beni_hatirla_secenegi_oldugu_kontrol_eder()&amp#27;[0m
  &amp#27;[32mAnd &amp#27;[0m&amp#27;[32mDid you forget your password secenegi oldugu kontrol eder&amp#27;[0m                  &amp#27;[90m# stepDefinitions.uiSteps.US004.did_you_forget_your_password_secenegi_oldugu_kontrol_eder()&amp#27;[0m
  &amp#27;[32mAnd &amp#27;[0m&amp#27;[32mCancel butonu oldugu kontrol eder&amp#27;[0m                                          &amp#27;[90m# stepDefinitions.uiSteps.US004.cancel_butonu_oldugu_kontrol_eder()&amp#27;[0m
  &amp#27;[32mAnd &amp#27;[0m&amp#27;[32muser gecerli &amp#27;[0m&amp#27;[32m&amp#27;[1m"adminUsername"&amp#27;[0m&amp#27;[32m ve &amp#27;[0m&amp#27;[32m&amp#27;[1m"adminPassword"&amp#27;[0m&amp#27;[32m ile giris yapar&amp#27;[0m            &amp#27;[90m# stepDefinitions.uiSteps.OrtakClass.user_gecerli_ve_ile_giris_yapar(java.lang.String,java.lang.String)&amp#27;[0m
  &amp#27;[31mAnd &amp#27;[0m&amp#27;[31muser sing in butonuna tiklar&amp#27;[0m                                               &amp#27;[90m# stepDefinitions.uiSteps.OrtakClass.user_sing_in_butonuna_tiklar()&amp#27;[0m
      &amp#27;[31morg.openqa.selenium.NoSuchElementException: no such element: Unable to locate element: {"method":"xpath","selector":"//span[text()='user Team58']"}
  (Session info: chrome=104.0.5112.81)
For documentation on this error, please visit: https://selenium.dev/exceptions/#no_such_element
Build info: version: '4.1.3', revision: '7b1ebf28ef'
System info: host: 'DESKTOP-G4II477', ip: '192.168.1.106', os.name: 'Windows 10', os.arch: 'amd64', os.version: '10.0', java.version: '11.0.13'
Driver info: org.openqa.selenium.chrome.ChromeDriver
Command: [0d10e7ba0f83cdb60ca937a7c7bc2fbf, findElement {using=xpath, value=//span[text()='user Team58']}]
Capabilities {acceptInsecureCerts: false, browserName: chrome, browserVersion: 104.0.5112.81, chrome: {chromedriverVersion: 104.0.5112.79 (3cf3e8c8a07d..., userDataDir: C:\Users\Halim\AppData\Loca...}, goog:chromeOptions: {debuggerAddress: localhost:59927}, javascriptEnabled: true, networkConnectionEnabled: false, pageLoadStrategy: normal, platform: WINDOWS, platformName: WINDOWS, proxy: Proxy(), se:cdp: ws://localhost:59927/devtoo..., se:cdpVersion: 104.0.5112.81, setWindowRect: true, strictFileInteractability: false, timeouts: {implicit: 0, pageLoad: 300000, script: 30000}, unhandledPromptBehavior: dismiss and notify, webauthn:extension:credBlob: true, webauthn:extension:largeBlob: true, webauthn:virtualAuthenticators: true}
Session ID: 0d10e7ba0f83cdb60ca937a7c7bc2fbf
	at java.base/jdk.internal.reflect.NativeConstructorAccessorImpl.newInstance0(Native Method)
	at java.base/jdk.internal.reflect.NativeConstructorAccessorImpl.newInstance(NativeConstructorAccessorImpl.java:62)
	at java.base/jdk.internal.reflect.DelegatingConstructorAccessorImpl.newInstance(DelegatingConstructorAccessorImpl.java:45)
	at java.base/java.lang.reflect.Constructor.newInstance(Constructor.java:490)
	at org.openqa.selenium.remote.codec.w3c.W3CHttpResponseCodec.createException(W3CHttpResponseCodec.java:200)
	at org.openqa.selenium.remote.codec.w3c.W3CHttpResponseCodec.decode(W3CHttpResponseCodec.java:133)
	at org.openqa.selenium.remote.codec.w3c.W3CHttpResponseCodec.decode(W3CHttpResponseCodec.java:53)
	at org.openqa.selenium.remote.HttpCommandExecutor.execute(HttpCommandExecutor.java:184)
	at org.openqa.selenium.remote.service.DriverCommandExecutor.invokeExecute(DriverCommandExecutor.java:167)
	at org.openqa.selenium.remote.service.DriverCommandExecutor.execute(DriverCommandExecutor.java:142)
	at org.openqa.selenium.remote.RemoteWebDriver.execute(RemoteWebDriver.java:567)
	at org.openqa.selenium.remote.ElementLocation$ElementFinder$2.findElement(ElementLocation.java:162)
	at org.openqa.selenium.remote.ElementLocation.findElement(ElementLocation.java:60)
	at org.openqa.selenium.remote.RemoteWebDriver.findElement(RemoteWebDriver.java:385)
	at org.openqa.selenium.remote.RemoteWebDriver.findElement(RemoteWebDriver.java:377)
	at org.openqa.selenium.support.pagefactory.DefaultElementLocator.findElement(DefaultElementLocator.java:70)
	at org.openqa.selenium.support.pagefactory.internal.LocatingElementHandler.invoke(LocatingElementHandler.java:39)
	at com.sun.proxy.$Proxy23.isDisplayed(Unknown Source)
	at stepDefinitions.uiSteps.OrtakClass.user_sing_in_butonuna_tiklar(OrtakClass.java:190)
	at âœ½.user sing in butonuna tiklar(file:///C:/Users/Halim/MedunnaProjectTeam58/./src/test/resources/features/UIFeatures/US004_GirisSayfasiSadeceGecerliBilgilerleErisilmeli.feature:25)
&amp#27;[0m
  &amp#27;[36mAnd &amp#27;[0m&amp#27;[36mgiris yaptigini dogrular&amp#27;[0m                                                   &amp#27;[90m# stepDefinitions.uiSteps.US004.giris_yaptigini_dogrular()&amp#27;[0m

    Embedding screenshots [image/png 531523 bytes]

]]></system-out>
    <system-err><![CDATA[Starting ChromeDriver 104.0.5112.79 (3cf3e8c8a07d104b9e1260c910efb8f383285dc5-refs/branch-heads/5112@{#1307}) on port 52797
Only local connections are allowed.
Please see https://chromedriver.chromium.org/security-considerations for suggestions on keeping ChromeDriver safe.
ChromeDriver was started successfully.
Aug 15, 2022 9:32:01 PM org.openqa.selenium.remote.ProtocolHandshake createSession
INFO: Detected dialect: W3C
Aug 15, 2022 9:32:01 PM org.openqa.selenium.devtools.CdpVersionFinder findNearestMatch
WARNING: Unable to find an exact match for CDP version 104, so returning the closest version found: a no-op implementation
Aug 15, 2022 9:32:01 PM org.openqa.selenium.devtools.CdpVersionFinder findNearestMatch
INFO: Unable to find CDP implementation matching 104.
Aug 15, 2022 9:32:01 PM org.openqa.selenium.chromium.ChromiumDriver lambda$new$3
WARNING: Unable to find version of CDP to use for . You may need to include a dependency on a specific version of the CDP using something similar to `org.seleniumhq.selenium:selenium-devtools-v86:4.1.3` where the version ("v86") matches the version of the chromium-based browser you're using and the version number of the artifact is the same as Selenium's.
]]></system-err>
  </testcase>
  <testcase name="TC003 Doktor Giris sayfasi sadece geceli bilgilerle erisilebilir olmali" classname="US004 Giris Sayfasi Erisimi #1" time="18.934">
    <error message="no such element: Unable to locate element: {&quot;method&quot;:&quot;xpath&quot;,&quot;selector&quot;:&quot;//span[text()=&apos;user Team58&apos;]&quot;}&#10;  (Session info: chrome=104.0.5112.81)&#10;For documentation on this error, please visit: https://selenium.dev/exceptions/#no_such_element&#10;Build info: version: &apos;4.1.3&apos;, revision: &apos;7b1ebf28ef&apos;&#10;System info: host: &apos;DESKTOP-G4II477&apos;, ip: &apos;192.168.1.106&apos;, os.name: &apos;Windows 10&apos;, os.arch: &apos;amd64&apos;, os.version: &apos;10.0&apos;, java.version: &apos;11.0.13&apos;&#10;Driver info: org.openqa.selenium.chrome.ChromeDriver&#10;Command: [700df22ce80cea44cad9956223ad85d3, findElement {using=xpath, value=//span[text()=&apos;user Team58&apos;]}]&#10;Capabilities {acceptInsecureCerts: false, browserName: chrome, browserVersion: 104.0.5112.81, chrome: {chromedriverVersion: 104.0.5112.79 (3cf3e8c8a07d..., userDataDir: C:\Users\Halim\AppData\Loca...}, goog:chromeOptions: {debuggerAddress: localhost:59960}, javascriptEnabled: true, networkConnectionEnabled: false, pageLoadStrategy: normal, platform: WINDOWS, platformName: WINDOWS, proxy: Proxy(), se:cdp: ws://localhost:59960/devtoo..., se:cdpVersion: 104.0.5112.81, setWindowRect: true, strictFileInteractability: false, timeouts: {implicit: 0, pageLoad: 300000, script: 30000}, unhandledPromptBehavior: dismiss and notify, webauthn:extension:credBlob: true, webauthn:extension:largeBlob: true, webauthn:virtualAuthenticators: true}&#10;Session ID: 700df22ce80cea44cad9956223ad85d3" type="org.openqa.selenium.NoSuchElementException"><![CDATA[org.openqa.selenium.NoSuchElementException: 
no such element: Unable to locate element: {"method":"xpath","selector":"//span[text()='user Team58']"}
  (Session info: chrome=104.0.5112.81)
For documentation on this error, please visit: https://selenium.dev/exceptions/#no_such_element
Build info: version: '4.1.3', revision: '7b1ebf28ef'
System info: host: 'DESKTOP-G4II477', ip: '192.168.1.106', os.name: 'Windows 10', os.arch: 'amd64', os.version: '10.0', java.version: '11.0.13'
Driver info: org.openqa.selenium.chrome.ChromeDriver
Command: [700df22ce80cea44cad9956223ad85d3, findElement {using=xpath, value=//span[text()='user Team58']}]
Capabilities {acceptInsecureCerts: false, browserName: chrome, browserVersion: 104.0.5112.81, chrome: {chromedriverVersion: 104.0.5112.79 (3cf3e8c8a07d..., userDataDir: C:\Users\Halim\AppData\Loca...}, goog:chromeOptions: {debuggerAddress: localhost:59960}, javascriptEnabled: true, networkConnectionEnabled: false, pageLoadStrategy: normal, platform: WINDOWS, platformName: WINDOWS, proxy: Proxy(), se:cdp: ws://localhost:59960/devtoo..., se:cdpVersion: 104.0.5112.81, setWindowRect: true, strictFileInteractability: false, timeouts: {implicit: 0, pageLoad: 300000, script: 30000}, unhandledPromptBehavior: dismiss and notify, webauthn:extension:credBlob: true, webauthn:extension:largeBlob: true, webauthn:virtualAuthenticators: true}
Session ID: 700df22ce80cea44cad9956223ad85d3
]]></error>
    <system-out><![CDATA[
@smokeTest @us004tc003
Scenario: TC003 Doktor Giris sayfasi sadece geceli bilgilerle erisilebilir olmali &amp#27;[90m# src/test/resources/features/UIFeatures/US004_GirisSayfasiSadeceGecerliBilgilerleErisilmeli.feature:29&amp#27;[0m
  &amp#27;[32mGiven &amp#27;[0m&amp#27;[32muser &amp#27;[0m&amp#27;[32m&amp#27;[1m"medunnaUrl"&amp#27;[0m&amp#27;[32m anasayfasinda&amp#27;[0m                                           &amp#27;[90m# stepDefinitions.uiSteps.OrtakClass.user_anasayfasinda(java.lang.String)&amp#27;[0m
  &amp#27;[32mThen &amp#27;[0m&amp#27;[32muser user sembolune tiklar&amp#27;[0m                                                 &amp#27;[90m# stepDefinitions.uiSteps.OrtakClass.user_user_sembolune_tiklar()&amp#27;[0m
  &amp#27;[32mAnd &amp#27;[0m&amp#27;[32muser singIn sekmesi tiklar&amp#27;[0m                                                  &amp#27;[90m# stepDefinitions.uiSteps.OrtakClass.user_sing_in_sekmesi_tiklar()&amp#27;[0m
  &amp#27;[32mAnd &amp#27;[0m&amp#27;[32mbeni hatirla secenegi oldugu kontrol eder&amp#27;[0m                                   &amp#27;[90m# stepDefinitions.uiSteps.US004.beni_hatirla_secenegi_oldugu_kontrol_eder()&amp#27;[0m
  &amp#27;[32mAnd &amp#27;[0m&amp#27;[32mDid you forget your password secenegi oldugu kontrol eder&amp#27;[0m                   &amp#27;[90m# stepDefinitions.uiSteps.US004.did_you_forget_your_password_secenegi_oldugu_kontrol_eder()&amp#27;[0m
  &amp#27;[32mAnd &amp#27;[0m&amp#27;[32mCancel butonu oldugu kontrol eder&amp#27;[0m                                           &amp#27;[90m# stepDefinitions.uiSteps.US004.cancel_butonu_oldugu_kontrol_eder()&amp#27;[0m
  &amp#27;[32mAnd &amp#27;[0m&amp#27;[32muser gecerli &amp#27;[0m&amp#27;[32m&amp#27;[1m"Doctorsername"&amp#27;[0m&amp#27;[32m ve &amp#27;[0m&amp#27;[32m&amp#27;[1m"DoctorPassword"&amp#27;[0m&amp#27;[32m ile giris yapar&amp#27;[0m            &amp#27;[90m# stepDefinitions.uiSteps.OrtakClass.user_gecerli_ve_ile_giris_yapar(java.lang.String,java.lang.String)&amp#27;[0m
  &amp#27;[31mAnd &amp#27;[0m&amp#27;[31muser sing in butonuna tiklar&amp#27;[0m                                                &amp#27;[90m# stepDefinitions.uiSteps.OrtakClass.user_sing_in_butonuna_tiklar()&amp#27;[0m
      &amp#27;[31morg.openqa.selenium.NoSuchElementException: no such element: Unable to locate element: {"method":"xpath","selector":"//span[text()='user Team58']"}
  (Session info: chrome=104.0.5112.81)
For documentation on this error, please visit: https://selenium.dev/exceptions/#no_such_element
Build info: version: '4.1.3', revision: '7b1ebf28ef'
System info: host: 'DESKTOP-G4II477', ip: '192.168.1.106', os.name: 'Windows 10', os.arch: 'amd64', os.version: '10.0', java.version: '11.0.13'
Driver info: org.openqa.selenium.chrome.ChromeDriver
Command: [700df22ce80cea44cad9956223ad85d3, findElement {using=xpath, value=//span[text()='user Team58']}]
Capabilities {acceptInsecureCerts: false, browserName: chrome, browserVersion: 104.0.5112.81, chrome: {chromedriverVersion: 104.0.5112.79 (3cf3e8c8a07d..., userDataDir: C:\Users\Halim\AppData\Loca...}, goog:chromeOptions: {debuggerAddress: localhost:59960}, javascriptEnabled: true, networkConnectionEnabled: false, pageLoadStrategy: normal, platform: WINDOWS, platformName: WINDOWS, proxy: Proxy(), se:cdp: ws://localhost:59960/devtoo..., se:cdpVersion: 104.0.5112.81, setWindowRect: true, strictFileInteractability: false, timeouts: {implicit: 0, pageLoad: 300000, script: 30000}, unhandledPromptBehavior: dismiss and notify, webauthn:extension:credBlob: true, webauthn:extension:largeBlob: true, webauthn:virtualAuthenticators: true}
Session ID: 700df22ce80cea44cad9956223ad85d3
	at java.base/jdk.internal.reflect.NativeConstructorAccessorImpl.newInstance0(Native Method)
	at java.base/jdk.internal.reflect.NativeConstructorAccessorImpl.newInstance(NativeConstructorAccessorImpl.java:62)
	at java.base/jdk.internal.reflect.DelegatingConstructorAccessorImpl.newInstance(DelegatingConstructorAccessorImpl.java:45)
	at java.base/java.lang.reflect.Constructor.newInstance(Constructor.java:490)
	at org.openqa.selenium.remote.codec.w3c.W3CHttpResponseCodec.createException(W3CHttpResponseCodec.java:200)
	at org.openqa.selenium.remote.codec.w3c.W3CHttpResponseCodec.decode(W3CHttpResponseCodec.java:133)
	at org.openqa.selenium.remote.codec.w3c.W3CHttpResponseCodec.decode(W3CHttpResponseCodec.java:53)
	at org.openqa.selenium.remote.HttpCommandExecutor.execute(HttpCommandExecutor.java:184)
	at org.openqa.selenium.remote.service.DriverCommandExecutor.invokeExecute(DriverCommandExecutor.java:167)
	at org.openqa.selenium.remote.service.DriverCommandExecutor.execute(DriverCommandExecutor.java:142)
	at org.openqa.selenium.remote.RemoteWebDriver.execute(RemoteWebDriver.java:567)
	at org.openqa.selenium.remote.ElementLocation$ElementFinder$2.findElement(ElementLocation.java:162)
	at org.openqa.selenium.remote.ElementLocation.findElement(ElementLocation.java:60)
	at org.openqa.selenium.remote.RemoteWebDriver.findElement(RemoteWebDriver.java:385)
	at org.openqa.selenium.remote.RemoteWebDriver.findElement(RemoteWebDriver.java:377)
	at org.openqa.selenium.support.pagefactory.DefaultElementLocator.findElement(DefaultElementLocator.java:70)
	at org.openqa.selenium.support.pagefactory.internal.LocatingElementHandler.invoke(LocatingElementHandler.java:39)
	at com.sun.proxy.$Proxy23.isDisplayed(Unknown Source)
	at stepDefinitions.uiSteps.OrtakClass.user_sing_in_butonuna_tiklar(OrtakClass.java:190)
	at âœ½.user sing in butonuna tiklar(file:///C:/Users/Halim/MedunnaProjectTeam58/./src/test/resources/features/UIFeatures/US004_GirisSayfasiSadeceGecerliBilgilerleErisilmeli.feature:37)
&amp#27;[0m
  &amp#27;[36mAnd &amp#27;[0m&amp#27;[36mgiris yaptigini dogrular&amp#27;[0m                                                    &amp#27;[90m# stepDefinitions.uiSteps.US004.giris_yaptigini_dogrular()&amp#27;[0m

    Embedding screenshots [image/png 531523 bytes]

]]></system-out>
    <system-err><![CDATA[Starting ChromeDriver 104.0.5112.79 (3cf3e8c8a07d104b9e1260c910efb8f383285dc5-refs/branch-heads/5112@{#1307}) on port 49357
Only local connections are allowed.
Please see https://chromedriver.chromium.org/security-considerations for suggestions on keeping ChromeDriver safe.
ChromeDriver was started successfully.
Aug 15, 2022 9:32:18 PM org.openqa.selenium.remote.ProtocolHandshake createSession
INFO: Detected dialect: W3C
Aug 15, 2022 9:32:18 PM org.openqa.selenium.devtools.CdpVersionFinder findNearestMatch
WARNING: Unable to find an exact match for CDP version 104, so returning the closest version found: a no-op implementation
Aug 15, 2022 9:32:18 PM org.openqa.selenium.devtools.CdpVersionFinder findNearestMatch
INFO: Unable to find CDP implementation matching 104.
Aug 15, 2022 9:32:18 PM org.openqa.selenium.chromium.ChromiumDriver lambda$new$3
WARNING: Unable to find version of CDP to use for . You may need to include a dependency on a specific version of the CDP using something similar to `org.seleniumhq.selenium:selenium-devtools-v86:4.1.3` where the version ("v86") matches the version of the chromium-based browser you're using and the version number of the artifact is the same as Selenium's.
]]></system-err>
  </testcase>
  <testcase name="TC004 Personel Giris sayfasi sadece geceli bilgilerle erisilebilir olmali" classname="US004 Giris Sayfasi Erisimi #1" time="18.875">
    <error message="no such element: Unable to locate element: {&quot;method&quot;:&quot;xpath&quot;,&quot;selector&quot;:&quot;//span[text()=&apos;user Team58&apos;]&quot;}&#10;  (Session info: chrome=104.0.5112.81)&#10;For documentation on this error, please visit: https://selenium.dev/exceptions/#no_such_element&#10;Build info: version: &apos;4.1.3&apos;, revision: &apos;7b1ebf28ef&apos;&#10;System info: host: &apos;DESKTOP-G4II477&apos;, ip: &apos;192.168.1.106&apos;, os.name: &apos;Windows 10&apos;, os.arch: &apos;amd64&apos;, os.version: &apos;10.0&apos;, java.version: &apos;11.0.13&apos;&#10;Driver info: org.openqa.selenium.chrome.ChromeDriver&#10;Command: [6b91b8147926c30d9fe06a5fac4392a9, findElement {using=xpath, value=//span[text()=&apos;user Team58&apos;]}]&#10;Capabilities {acceptInsecureCerts: false, browserName: chrome, browserVersion: 104.0.5112.81, chrome: {chromedriverVersion: 104.0.5112.79 (3cf3e8c8a07d..., userDataDir: C:\Users\Halim\AppData\Loca...}, goog:chromeOptions: {debuggerAddress: localhost:59991}, javascriptEnabled: true, networkConnectionEnabled: false, pageLoadStrategy: normal, platform: WINDOWS, platformName: WINDOWS, proxy: Proxy(), se:cdp: ws://localhost:59991/devtoo..., se:cdpVersion: 104.0.5112.81, setWindowRect: true, strictFileInteractability: false, timeouts: {implicit: 0, pageLoad: 300000, script: 30000}, unhandledPromptBehavior: dismiss and notify, webauthn:extension:credBlob: true, webauthn:extension:largeBlob: true, webauthn:virtualAuthenticators: true}&#10;Session ID: 6b91b8147926c30d9fe06a5fac4392a9" type="org.openqa.selenium.NoSuchElementException"><![CDATA[org.openqa.selenium.NoSuchElementException: 
no such element: Unable to locate element: {"method":"xpath","selector":"//span[text()='user Team58']"}
  (Session info: chrome=104.0.5112.81)
For documentation on this error, please visit: https://selenium.dev/exceptions/#no_such_element
Build info: version: '4.1.3', revision: '7b1ebf28ef'
System info: host: 'DESKTOP-G4II477', ip: '192.168.1.106', os.name: 'Windows 10', os.arch: 'amd64', os.version: '10.0', java.version: '11.0.13'
Driver info: org.openqa.selenium.chrome.ChromeDriver
Command: [6b91b8147926c30d9fe06a5fac4392a9, findElement {using=xpath, value=//span[text()='user Team58']}]
Capabilities {acceptInsecureCerts: false, browserName: chrome, browserVersion: 104.0.5112.81, chrome: {chromedriverVersion: 104.0.5112.79 (3cf3e8c8a07d..., userDataDir: C:\Users\Halim\AppData\Loca...}, goog:chromeOptions: {debuggerAddress: localhost:59991}, javascriptEnabled: true, networkConnectionEnabled: false, pageLoadStrategy: normal, platform: WINDOWS, platformName: WINDOWS, proxy: Proxy(), se:cdp: ws://localhost:59991/devtoo..., se:cdpVersion: 104.0.5112.81, setWindowRect: true, strictFileInteractability: false, timeouts: {implicit: 0, pageLoad: 300000, script: 30000}, unhandledPromptBehavior: dismiss and notify, webauthn:extension:credBlob: true, webauthn:extension:largeBlob: true, webauthn:virtualAuthenticators: true}
Session ID: 6b91b8147926c30d9fe06a5fac4392a9
]]></error>
    <system-out><![CDATA[
@smokeTest @us004tc004
Scenario: TC004 Personel Giris sayfasi sadece geceli bilgilerle erisilebilir olmali &amp#27;[90m# src/test/resources/features/UIFeatures/US004_GirisSayfasiSadeceGecerliBilgilerleErisilmeli.feature:41&amp#27;[0m
  &amp#27;[32mGiven &amp#27;[0m&amp#27;[32muser &amp#27;[0m&amp#27;[32m&amp#27;[1m"medunnaUrl"&amp#27;[0m&amp#27;[32m anasayfasinda&amp#27;[0m                                             &amp#27;[90m# stepDefinitions.uiSteps.OrtakClass.user_anasayfasinda(java.lang.String)&amp#27;[0m
  &amp#27;[32mThen &amp#27;[0m&amp#27;[32muser user sembolune tiklar&amp#27;[0m                                                   &amp#27;[90m# stepDefinitions.uiSteps.OrtakClass.user_user_sembolune_tiklar()&amp#27;[0m
  &amp#27;[32mAnd &amp#27;[0m&amp#27;[32muser singIn sekmesi tiklar&amp#27;[0m                                                    &amp#27;[90m# stepDefinitions.uiSteps.OrtakClass.user_sing_in_sekmesi_tiklar()&amp#27;[0m
  &amp#27;[32mAnd &amp#27;[0m&amp#27;[32mbeni hatirla secenegi oldugu kontrol eder&amp#27;[0m                                     &amp#27;[90m# stepDefinitions.uiSteps.US004.beni_hatirla_secenegi_oldugu_kontrol_eder()&amp#27;[0m
  &amp#27;[32mAnd &amp#27;[0m&amp#27;[32mDid you forget your password secenegi oldugu kontrol eder&amp#27;[0m                     &amp#27;[90m# stepDefinitions.uiSteps.US004.did_you_forget_your_password_secenegi_oldugu_kontrol_eder()&amp#27;[0m
  &amp#27;[32mAnd &amp#27;[0m&amp#27;[32mCancel butonu oldugu kontrol eder&amp#27;[0m                                             &amp#27;[90m# stepDefinitions.uiSteps.US004.cancel_butonu_oldugu_kontrol_eder()&amp#27;[0m
  &amp#27;[32mAnd &amp#27;[0m&amp#27;[32muser gecerli &amp#27;[0m&amp#27;[32m&amp#27;[1m"PersonelUsername"&amp#27;[0m&amp#27;[32m ve &amp#27;[0m&amp#27;[32m&amp#27;[1m"PersonelPassword"&amp#27;[0m&amp#27;[32m ile giris yapar&amp#27;[0m         &amp#27;[90m# stepDefinitions.uiSteps.OrtakClass.user_gecerli_ve_ile_giris_yapar(java.lang.String,java.lang.String)&amp#27;[0m
  &amp#27;[31mAnd &amp#27;[0m&amp#27;[31muser sing in butonuna tiklar&amp#27;[0m                                                  &amp#27;[90m# stepDefinitions.uiSteps.OrtakClass.user_sing_in_butonuna_tiklar()&amp#27;[0m
      &amp#27;[31morg.openqa.selenium.NoSuchElementException: no such element: Unable to locate element: {"method":"xpath","selector":"//span[text()='user Team58']"}
  (Session info: chrome=104.0.5112.81)
For documentation on this error, please visit: https://selenium.dev/exceptions/#no_such_element
Build info: version: '4.1.3', revision: '7b1ebf28ef'
System info: host: 'DESKTOP-G4II477', ip: '192.168.1.106', os.name: 'Windows 10', os.arch: 'amd64', os.version: '10.0', java.version: '11.0.13'
Driver info: org.openqa.selenium.chrome.ChromeDriver
Command: [6b91b8147926c30d9fe06a5fac4392a9, findElement {using=xpath, value=//span[text()='user Team58']}]
Capabilities {acceptInsecureCerts: false, browserName: chrome, browserVersion: 104.0.5112.81, chrome: {chromedriverVersion: 104.0.5112.79 (3cf3e8c8a07d..., userDataDir: C:\Users\Halim\AppData\Loca...}, goog:chromeOptions: {debuggerAddress: localhost:59991}, javascriptEnabled: true, networkConnectionEnabled: false, pageLoadStrategy: normal, platform: WINDOWS, platformName: WINDOWS, proxy: Proxy(), se:cdp: ws://localhost:59991/devtoo..., se:cdpVersion: 104.0.5112.81, setWindowRect: true, strictFileInteractability: false, timeouts: {implicit: 0, pageLoad: 300000, script: 30000}, unhandledPromptBehavior: dismiss and notify, webauthn:extension:credBlob: true, webauthn:extension:largeBlob: true, webauthn:virtualAuthenticators: true}
Session ID: 6b91b8147926c30d9fe06a5fac4392a9
	at java.base/jdk.internal.reflect.NativeConstructorAccessorImpl.newInstance0(Native Method)
	at java.base/jdk.internal.reflect.NativeConstructorAccessorImpl.newInstance(NativeConstructorAccessorImpl.java:62)
	at java.base/jdk.internal.reflect.DelegatingConstructorAccessorImpl.newInstance(DelegatingConstructorAccessorImpl.java:45)
	at java.base/java.lang.reflect.Constructor.newInstance(Constructor.java:490)
	at org.openqa.selenium.remote.codec.w3c.W3CHttpResponseCodec.createException(W3CHttpResponseCodec.java:200)
	at org.openqa.selenium.remote.codec.w3c.W3CHttpResponseCodec.decode(W3CHttpResponseCodec.java:133)
	at org.openqa.selenium.remote.codec.w3c.W3CHttpResponseCodec.decode(W3CHttpResponseCodec.java:53)
	at org.openqa.selenium.remote.HttpCommandExecutor.execute(HttpCommandExecutor.java:184)
	at org.openqa.selenium.remote.service.DriverCommandExecutor.invokeExecute(DriverCommandExecutor.java:167)
	at org.openqa.selenium.remote.service.DriverCommandExecutor.execute(DriverCommandExecutor.java:142)
	at org.openqa.selenium.remote.RemoteWebDriver.execute(RemoteWebDriver.java:567)
	at org.openqa.selenium.remote.ElementLocation$ElementFinder$2.findElement(ElementLocation.java:162)
	at org.openqa.selenium.remote.ElementLocation.findElement(ElementLocation.java:60)
	at org.openqa.selenium.remote.RemoteWebDriver.findElement(RemoteWebDriver.java:385)
	at org.openqa.selenium.remote.RemoteWebDriver.findElement(RemoteWebDriver.java:377)
	at org.openqa.selenium.support.pagefactory.DefaultElementLocator.findElement(DefaultElementLocator.java:70)
	at org.openqa.selenium.support.pagefactory.internal.LocatingElementHandler.invoke(LocatingElementHandler.java:39)
	at com.sun.proxy.$Proxy23.isDisplayed(Unknown Source)
	at stepDefinitions.uiSteps.OrtakClass.user_sing_in_butonuna_tiklar(OrtakClass.java:190)
	at âœ½.user sing in butonuna tiklar(file:///C:/Users/Halim/MedunnaProjectTeam58/./src/test/resources/features/UIFeatures/US004_GirisSayfasiSadeceGecerliBilgilerleErisilmeli.feature:49)
&amp#27;[0m
  &amp#27;[36mAnd &amp#27;[0m&amp#27;[36mgiris yaptigini dogrular&amp#27;[0m                                                      &amp#27;[90m# stepDefinitions.uiSteps.US004.giris_yaptigini_dogrular()&amp#27;[0m

    Embedding screenshots [image/png 531523 bytes]

]]></system-out>
    <system-err><![CDATA[Starting ChromeDriver 104.0.5112.79 (3cf3e8c8a07d104b9e1260c910efb8f383285dc5-refs/branch-heads/5112@{#1307}) on port 53089
Only local connections are allowed.
Please see https://chromedriver.chromium.org/security-considerations for suggestions on keeping ChromeDriver safe.
ChromeDriver was started successfully.
Aug 15, 2022 9:32:37 PM org.openqa.selenium.remote.ProtocolHandshake createSession
INFO: Detected dialect: W3C
Aug 15, 2022 9:32:37 PM org.openqa.selenium.devtools.CdpVersionFinder findNearestMatch
WARNING: Unable to find an exact match for CDP version 104, so returning the closest version found: a no-op implementation
Aug 15, 2022 9:32:37 PM org.openqa.selenium.devtools.CdpVersionFinder findNearestMatch
INFO: Unable to find CDP implementation matching 104.
Aug 15, 2022 9:32:37 PM org.openqa.selenium.chromium.ChromiumDriver lambda$new$3
WARNING: Unable to find version of CDP to use for . You may need to include a dependency on a specific version of the CDP using something similar to `org.seleniumhq.selenium:selenium-devtools-v86:4.1.3` where the version ("v86") matches the version of the chromium-based browser you're using and the version number of the artifact is the same as Selenium's.
]]></system-err>
  </testcase>
  <testcase name="TC005 Hasta Giris sayfasi sadece geceli bilgilerle erisilebilir olmali" classname="US004 Giris Sayfasi Erisimi #1" time="16.215">
    <error message="no such element: Unable to locate element: {&quot;method&quot;:&quot;xpath&quot;,&quot;selector&quot;:&quot;//span[text()=&apos;user Team58&apos;]&quot;}&#10;  (Session info: chrome=104.0.5112.81)&#10;For documentation on this error, please visit: https://selenium.dev/exceptions/#no_such_element&#10;Build info: version: &apos;4.1.3&apos;, revision: &apos;7b1ebf28ef&apos;&#10;System info: host: &apos;DESKTOP-G4II477&apos;, ip: &apos;192.168.1.106&apos;, os.name: &apos;Windows 10&apos;, os.arch: &apos;amd64&apos;, os.version: &apos;10.0&apos;, java.version: &apos;11.0.13&apos;&#10;Driver info: org.openqa.selenium.chrome.ChromeDriver&#10;Command: [0d3d69b944cd02c7075f8df0869e87ff, findElement {using=xpath, value=//span[text()=&apos;user Team58&apos;]}]&#10;Capabilities {acceptInsecureCerts: false, browserName: chrome, browserVersion: 104.0.5112.81, chrome: {chromedriverVersion: 104.0.5112.79 (3cf3e8c8a07d..., userDataDir: C:\Users\Halim\AppData\Loca...}, goog:chromeOptions: {debuggerAddress: localhost:60025}, javascriptEnabled: true, networkConnectionEnabled: false, pageLoadStrategy: normal, platform: WINDOWS, platformName: WINDOWS, proxy: Proxy(), se:cdp: ws://localhost:60025/devtoo..., se:cdpVersion: 104.0.5112.81, setWindowRect: true, strictFileInteractability: false, timeouts: {implicit: 0, pageLoad: 300000, script: 30000}, unhandledPromptBehavior: dismiss and notify, webauthn:extension:credBlob: true, webauthn:extension:largeBlob: true, webauthn:virtualAuthenticators: true}&#10;Session ID: 0d3d69b944cd02c7075f8df0869e87ff" type="org.openqa.selenium.NoSuchElementException"><![CDATA[org.openqa.selenium.NoSuchElementException: 
no such element: Unable to locate element: {"method":"xpath","selector":"//span[text()='user Team58']"}
  (Session info: chrome=104.0.5112.81)
For documentation on this error, please visit: https://selenium.dev/exceptions/#no_such_element
Build info: version: '4.1.3', revision: '7b1ebf28ef'
System info: host: 'DESKTOP-G4II477', ip: '192.168.1.106', os.name: 'Windows 10', os.arch: 'amd64', os.version: '10.0', java.version: '11.0.13'
Driver info: org.openqa.selenium.chrome.ChromeDriver
Command: [0d3d69b944cd02c7075f8df0869e87ff, findElement {using=xpath, value=//span[text()='user Team58']}]
Capabilities {acceptInsecureCerts: false, browserName: chrome, browserVersion: 104.0.5112.81, chrome: {chromedriverVersion: 104.0.5112.79 (3cf3e8c8a07d..., userDataDir: C:\Users\Halim\AppData\Loca...}, goog:chromeOptions: {debuggerAddress: localhost:60025}, javascriptEnabled: true, networkConnectionEnabled: false, pageLoadStrategy: normal, platform: WINDOWS, platformName: WINDOWS, proxy: Proxy(), se:cdp: ws://localhost:60025/devtoo..., se:cdpVersion: 104.0.5112.81, setWindowRect: true, strictFileInteractability: false, timeouts: {implicit: 0, pageLoad: 300000, script: 30000}, unhandledPromptBehavior: dismiss and notify, webauthn:extension:credBlob: true, webauthn:extension:largeBlob: true, webauthn:virtualAuthenticators: true}
Session ID: 0d3d69b944cd02c7075f8df0869e87ff
]]></error>
    <system-out><![CDATA[
@smokeTest @us004tc005
Scenario: TC005 Hasta Giris sayfasi sadece geceli bilgilerle erisilebilir olmali &amp#27;[90m# src/test/resources/features/UIFeatures/US004_GirisSayfasiSadeceGecerliBilgilerleErisilmeli.feature:53&amp#27;[0m
  &amp#27;[32mGiven &amp#27;[0m&amp#27;[32muser &amp#27;[0m&amp#27;[32m&amp#27;[1m"medunnaUrl"&amp#27;[0m&amp#27;[32m anasayfasinda&amp#27;[0m                                          &amp#27;[90m# stepDefinitions.uiSteps.OrtakClass.user_anasayfasinda(java.lang.String)&amp#27;[0m
  &amp#27;[32mThen &amp#27;[0m&amp#27;[32muser user sembolune tiklar&amp#27;[0m                                                &amp#27;[90m# stepDefinitions.uiSteps.OrtakClass.user_user_sembolune_tiklar()&amp#27;[0m
  &amp#27;[32mAnd &amp#27;[0m&amp#27;[32muser singIn sekmesi tiklar&amp#27;[0m                                                 &amp#27;[90m# stepDefinitions.uiSteps.OrtakClass.user_sing_in_sekmesi_tiklar()&amp#27;[0m
  &amp#27;[32mAnd &amp#27;[0m&amp#27;[32mbeni hatirla secenegi oldugu kontrol eder&amp#27;[0m                                  &amp#27;[90m# stepDefinitions.uiSteps.US004.beni_hatirla_secenegi_oldugu_kontrol_eder()&amp#27;[0m
  &amp#27;[32mAnd &amp#27;[0m&amp#27;[32mDid you forget your password secenegi oldugu kontrol eder&amp#27;[0m                  &amp#27;[90m# stepDefinitions.uiSteps.US004.did_you_forget_your_password_secenegi_oldugu_kontrol_eder()&amp#27;[0m
  &amp#27;[32mAnd &amp#27;[0m&amp#27;[32mCancel butonu oldugu kontrol eder&amp#27;[0m                                          &amp#27;[90m# stepDefinitions.uiSteps.US004.cancel_butonu_oldugu_kontrol_eder()&amp#27;[0m
  &amp#27;[32mAnd &amp#27;[0m&amp#27;[32muser gecerli &amp#27;[0m&amp#27;[32m&amp#27;[1m"HastaUsername"&amp#27;[0m&amp#27;[32m ve &amp#27;[0m&amp#27;[32m&amp#27;[1m"HastaPassword"&amp#27;[0m&amp#27;[32m ile giris yapar&amp#27;[0m            &amp#27;[90m# stepDefinitions.uiSteps.OrtakClass.user_gecerli_ve_ile_giris_yapar(java.lang.String,java.lang.String)&amp#27;[0m
  &amp#27;[31mAnd &amp#27;[0m&amp#27;[31muser sing in butonuna tiklar&amp#27;[0m                                               &amp#27;[90m# stepDefinitions.uiSteps.OrtakClass.user_sing_in_butonuna_tiklar()&amp#27;[0m
      &amp#27;[31morg.openqa.selenium.NoSuchElementException: no such element: Unable to locate element: {"method":"xpath","selector":"//span[text()='user Team58']"}
  (Session info: chrome=104.0.5112.81)
For documentation on this error, please visit: https://selenium.dev/exceptions/#no_such_element
Build info: version: '4.1.3', revision: '7b1ebf28ef'
System info: host: 'DESKTOP-G4II477', ip: '192.168.1.106', os.name: 'Windows 10', os.arch: 'amd64', os.version: '10.0', java.version: '11.0.13'
Driver info: org.openqa.selenium.chrome.ChromeDriver
Command: [0d3d69b944cd02c7075f8df0869e87ff, findElement {using=xpath, value=//span[text()='user Team58']}]
Capabilities {acceptInsecureCerts: false, browserName: chrome, browserVersion: 104.0.5112.81, chrome: {chromedriverVersion: 104.0.5112.79 (3cf3e8c8a07d..., userDataDir: C:\Users\Halim\AppData\Loca...}, goog:chromeOptions: {debuggerAddress: localhost:60025}, javascriptEnabled: true, networkConnectionEnabled: false, pageLoadStrategy: normal, platform: WINDOWS, platformName: WINDOWS, proxy: Proxy(), se:cdp: ws://localhost:60025/devtoo..., se:cdpVersion: 104.0.5112.81, setWindowRect: true, strictFileInteractability: false, timeouts: {implicit: 0, pageLoad: 300000, script: 30000}, unhandledPromptBehavior: dismiss and notify, webauthn:extension:credBlob: true, webauthn:extension:largeBlob: true, webauthn:virtualAuthenticators: true}
Session ID: 0d3d69b944cd02c7075f8df0869e87ff
	at java.base/jdk.internal.reflect.NativeConstructorAccessorImpl.newInstance0(Native Method)
	at java.base/jdk.internal.reflect.NativeConstructorAccessorImpl.newInstance(NativeConstructorAccessorImpl.java:62)
	at java.base/jdk.internal.reflect.DelegatingConstructorAccessorImpl.newInstance(DelegatingConstructorAccessorImpl.java:45)
	at java.base/java.lang.reflect.Constructor.newInstance(Constructor.java:490)
	at org.openqa.selenium.remote.codec.w3c.W3CHttpResponseCodec.createException(W3CHttpResponseCodec.java:200)
	at org.openqa.selenium.remote.codec.w3c.W3CHttpResponseCodec.decode(W3CHttpResponseCodec.java:133)
	at org.openqa.selenium.remote.codec.w3c.W3CHttpResponseCodec.decode(W3CHttpResponseCodec.java:53)
	at org.openqa.selenium.remote.HttpCommandExecutor.execute(HttpCommandExecutor.java:184)
	at org.openqa.selenium.remote.service.DriverCommandExecutor.invokeExecute(DriverCommandExecutor.java:167)
	at org.openqa.selenium.remote.service.DriverCommandExecutor.execute(DriverCommandExecutor.java:142)
	at org.openqa.selenium.remote.RemoteWebDriver.execute(RemoteWebDriver.java:567)
	at org.openqa.selenium.remote.ElementLocation$ElementFinder$2.findElement(ElementLocation.java:162)
	at org.openqa.selenium.remote.ElementLocation.findElement(ElementLocation.java:60)
	at org.openqa.selenium.remote.RemoteWebDriver.findElement(RemoteWebDriver.java:385)
	at org.openqa.selenium.remote.RemoteWebDriver.findElement(RemoteWebDriver.java:377)
	at org.openqa.selenium.support.pagefactory.DefaultElementLocator.findElement(DefaultElementLocator.java:70)
	at org.openqa.selenium.support.pagefactory.internal.LocatingElementHandler.invoke(LocatingElementHandler.java:39)
	at com.sun.proxy.$Proxy23.isDisplayed(Unknown Source)
	at stepDefinitions.uiSteps.OrtakClass.user_sing_in_butonuna_tiklar(OrtakClass.java:190)
	at âœ½.user sing in butonuna tiklar(file:///C:/Users/Halim/MedunnaProjectTeam58/./src/test/resources/features/UIFeatures/US004_GirisSayfasiSadeceGecerliBilgilerleErisilmeli.feature:61)
&amp#27;[0m
  &amp#27;[36mAnd &amp#27;[0m&amp#27;[36mgiris yaptigini dogrular&amp#27;[0m                                                   &amp#27;[90m# stepDefinitions.uiSteps.US004.giris_yaptigini_dogrular()&amp#27;[0m

    Embedding screenshots [image/png 531523 bytes]

]]></system-out>
    <system-err><![CDATA[Starting ChromeDriver 104.0.5112.79 (3cf3e8c8a07d104b9e1260c910efb8f383285dc5-refs/branch-heads/5112@{#1307}) on port 51895
Only local connections are allowed.
Please see https://chromedriver.chromium.org/security-considerations for suggestions on keeping ChromeDriver safe.
ChromeDriver was started successfully.
Aug 15, 2022 9:32:56 PM org.openqa.selenium.remote.ProtocolHandshake createSession
INFO: Detected dialect: W3C
Aug 15, 2022 9:32:56 PM org.openqa.selenium.devtools.CdpVersionFinder findNearestMatch
WARNING: Unable to find an exact match for CDP version 104, so returning the closest version found: a no-op implementation
Aug 15, 2022 9:32:56 PM org.openqa.selenium.devtools.CdpVersionFinder findNearestMatch
INFO: Unable to find CDP implementation matching 104.
Aug 15, 2022 9:32:56 PM org.openqa.selenium.chromium.ChromiumDriver lambda$new$3
WARNING: Unable to find version of CDP to use for . You may need to include a dependency on a specific version of the CDP using something similar to `org.seleniumhq.selenium:selenium-devtools-v86:4.1.3` where the version ("v86") matches the version of the chromium-based browser you're using and the version number of the artifact is the same as Selenium's.
]]></system-err>
  </testcase>
</testsuite>