<?xml version="1.0" encoding="UTF-8"?>
<testsuite xmlns:xsi="http://www.w3.org/2001/XMLSchema-instance" xsi:noNamespaceSchemaLocation="https://maven.apache.org/surefire/maven-surefire-plugin/xsd/surefire-test-report-3.0.xsd" version="3.0" name="Registration Ozelligi" time="76.406" tests="6" errors="1" skipped="0" failures="0">
  <properties>
[...]
</properties>
  <testcase name="TC001 kullanici gecerli bilgiler ile kayit olabilmeli" classname="Registration Ozelligi" time="12.137">
    <system-out><![CDATA[
@smokeTest
Scenario: TC001 kullanici gecerli bilgiler ile kayit olabilmeli         &amp#27;[90m# src/test/resources/features/UIFeatures/US001_Registration.feature:7&amp#27;[0m
  &amp#27;[32mGiven &amp#27;[0m&amp#27;[32mKullanici Medunna ana sayfasina gider&amp#27;[0m                           &amp#27;[90m# stepDefinitions.uiSteps.US001.kullanici_medunna_ana_sayfasina_gider()&amp#27;[0m
  &amp#27;[32mAnd &amp#27;[0m&amp#27;[32mKullanici Register butonuna tiklar&amp#27;[0m                                &amp#27;[90m# stepDefinitions.uiSteps.US001.kullanici_register_butonuna_tiklar()&amp#27;[0m
  &amp#27;[32mAnd &amp#27;[0m&amp#27;[32mKullanici SSN kutusuna geçerli bir &amp#27;[0m&amp#27;[32m&amp#27;[1m"SSN"&amp#27;[0m&amp#27;[32m numarasi girer&amp#27;[0m           &amp#27;[90m# stepDefinitions.uiSteps.US001.kullanici_ssn_kutusuna_geçerli_bir_numarasi_girer(java.lang.String)&amp#27;[0m
  &amp#27;[32mAnd &amp#27;[0m&amp#27;[32mKullanici firstname kutusuna geçerli bir &amp#27;[0m&amp#27;[32m&amp#27;[1m"firstname"&amp#27;[0m&amp#27;[32m girer&amp#27;[0m        &amp#27;[90m# stepDefinitions.uiSteps.US001.kullanici_firstname_kutusuna_geçerli_bir_girer(java.lang.String)&amp#27;[0m
  &amp#27;[32mAnd &amp#27;[0m&amp#27;[32mKullanici lastname kutusuna geçerli bir &amp#27;[0m&amp#27;[32m&amp#27;[1m"lastname"&amp#27;[0m&amp#27;[32m girer&amp#27;[0m          &amp#27;[90m# stepDefinitions.uiSteps.US001.kullanici_lastname_kutusuna_geçerli_bir_girer(java.lang.String)&amp#27;[0m
  &amp#27;[32mAnd &amp#27;[0m&amp#27;[32mKullanici username kutusuna geçerli bir &amp#27;[0m&amp#27;[32m&amp#27;[1m"username"&amp#27;[0m&amp#27;[32m girer&amp#27;[0m          &amp#27;[90m# stepDefinitions.uiSteps.US001.kullanici_username_kutusuna_geçerli_bir_girer(java.lang.String)&amp#27;[0m
  &amp#27;[32mAnd &amp#27;[0m&amp#27;[32mKullanici email kutusuna geçerli bir &amp#27;[0m&amp#27;[32m&amp#27;[1m"email"&amp#27;[0m&amp#27;[32m girer&amp#27;[0m                &amp#27;[90m# stepDefinitions.uiSteps.US001.kullanici_email_kutusuna_geçerli_bir_girer(java.lang.String)&amp#27;[0m
  &amp#27;[32mAnd &amp#27;[0m&amp#27;[32mKullanici password kutusuna geçerli bir &amp#27;[0m&amp#27;[32m&amp#27;[1m"password"&amp#27;[0m&amp#27;[32m girer&amp#27;[0m          &amp#27;[90m# stepDefinitions.uiSteps.US001.kullanici_password_kutusuna_geçerli_bir_girer(java.lang.String)&amp#27;[0m
  &amp#27;[32mThen &amp#27;[0m&amp#27;[32mKullanici register butonuna tıklar&amp#27;[0m                               &amp#27;[90m# stepDefinitions.uiSteps.US001.kullanici_register_butonuna_tıklar()&amp#27;[0m
  &amp#27;[32mThen &amp#27;[0m&amp#27;[32mKullanici Registitaion Saved yazisinin gorunur oldugunu dogrular&amp#27;[0m &amp#27;[90m# stepDefinitions.uiSteps.US001.kullanici_registitaion_saved_yazisinin_gorunur_oldugunu_dogrular()&amp#27;[0m
]]></system-out>
    <system-err><![CDATA[SLF4J: Failed to load class "org.slf4j.impl.StaticLoggerBinder".
SLF4J: Defaulting to no-operation (NOP) logger implementation
SLF4J: See http://www.slf4j.org/codes.html#StaticLoggerBinder for further details.
Starting ChromeDriver 104.0.5112.79 (3cf3e8c8a07d104b9e1260c910efb8f383285dc5-refs/branch-heads/5112@{#1307}) on port 54674
Only local connections are allowed.
Please see https://chromedriver.chromium.org/security-considerations for suggestions on keeping ChromeDriver safe.
ChromeDriver was started successfully.
Ağu 16, 2022 6:52:42 ÖS org.openqa.selenium.remote.ProtocolHandshake createSession
INFO: Detected dialect: W3C
Ağu 16, 2022 6:52:42 ÖS org.openqa.selenium.devtools.CdpVersionFinder findNearestMatch
WARNING: Unable to find an exact match for CDP version 104, so returning the closest version found: a no-op implementation
Ağu 16, 2022 6:52:42 ÖS org.openqa.selenium.devtools.CdpVersionFinder findNearestMatch
INFO: Unable to find CDP implementation matching 104.
Ağu 16, 2022 6:52:42 ÖS org.openqa.selenium.chromium.ChromiumDriver lambda$new$3
WARNING: Unable to find version of CDP to use for . You may need to include a dependency on a specific version of the CDP using something similar to `org.seleniumhq.selenium:selenium-devtools-v86:4.1.3` where the version ("v86") matches the version of the chromium-based browser you're using and the version number of the artifact is the same as Selenium's.
]]></system-err>
  </testcase>
  <testcase name="TC002 kullanici gecersiz SSN ile kayit olamamali" classname="Registration Ozelligi" time="8.071">
    <system-out><![CDATA[
@smokeTest
Scenario: TC002 kullanici gecersiz SSN ile kayit olamamali       &amp#27;[90m# src/test/resources/features/UIFeatures/US001_Registration.feature:19&amp#27;[0m
  &amp#27;[32mGiven &amp#27;[0m&amp#27;[32mKullanici Medunna ana sayfasina gider&amp#27;[0m                    &amp#27;[90m# stepDefinitions.uiSteps.US001.kullanici_medunna_ana_sayfasina_gider()&amp#27;[0m
  &amp#27;[32mAnd &amp#27;[0m&amp#27;[32mKullanici Register butonuna tiklar&amp#27;[0m                         &amp#27;[90m# stepDefinitions.uiSteps.US001.kullanici_register_butonuna_tiklar()&amp#27;[0m
  &amp#27;[32mAnd &amp#27;[0m&amp#27;[32mKullanici SSN kutusuna geçersiz bir &amp#27;[0m&amp#27;[32m&amp#27;[1m"SSN"&amp#27;[0m&amp#27;[32m numarasi girer&amp#27;[0m   &amp#27;[90m# stepDefinitions.uiSteps.US001.kullanici_ssn_kutusuna_geçersiz_bir_numarasi_girer(java.lang.String)&amp#27;[0m
  &amp#27;[32mAnd &amp#27;[0m&amp#27;[32mKullanici firstname kutusuna geçerli bir &amp#27;[0m&amp#27;[32m&amp#27;[1m"firstname"&amp#27;[0m&amp#27;[32m girer&amp#27;[0m &amp#27;[90m# stepDefinitions.uiSteps.US001.kullanici_firstname_kutusuna_geçerli_bir_girer(java.lang.String)&amp#27;[0m
  &amp#27;[32mAnd &amp#27;[0m&amp#27;[32mKullanici lastname kutusuna geçerli bir &amp#27;[0m&amp#27;[32m&amp#27;[1m"lastname"&amp#27;[0m&amp#27;[32m girer&amp#27;[0m   &amp#27;[90m# stepDefinitions.uiSteps.US001.kullanici_lastname_kutusuna_geçerli_bir_girer(java.lang.String)&amp#27;[0m
  &amp#27;[32mAnd &amp#27;[0m&amp#27;[32mKullanici username kutusuna geçerli bir &amp#27;[0m&amp#27;[32m&amp#27;[1m"username"&amp#27;[0m&amp#27;[32m girer&amp#27;[0m   &amp#27;[90m# stepDefinitions.uiSteps.US001.kullanici_username_kutusuna_geçerli_bir_girer(java.lang.String)&amp#27;[0m
  &amp#27;[32mAnd &amp#27;[0m&amp#27;[32mKullanici email kutusuna geçerli bir &amp#27;[0m&amp#27;[32m&amp#27;[1m"email"&amp#27;[0m&amp#27;[32m girer&amp#27;[0m         &amp#27;[90m# stepDefinitions.uiSteps.US001.kullanici_email_kutusuna_geçerli_bir_girer(java.lang.String)&amp#27;[0m
  &amp#27;[32mAnd &amp#27;[0m&amp#27;[32mKullanici password kutusuna geçerli bir &amp#27;[0m&amp#27;[32m&amp#27;[1m"password"&amp#27;[0m&amp#27;[32m girer&amp#27;[0m   &amp#27;[90m# stepDefinitions.uiSteps.US001.kullanici_password_kutusuna_geçerli_bir_girer(java.lang.String)&amp#27;[0m
  &amp#27;[32mThen &amp#27;[0m&amp#27;[32mKullanici register butonuna tıklar&amp#27;[0m                        &amp#27;[90m# stepDefinitions.uiSteps.US001.kullanici_register_butonuna_tıklar()&amp#27;[0m
  &amp#27;[32mThen &amp#27;[0m&amp#27;[32mKullanici SSN hata mesajinin gorunur oldugunu dogrular&amp#27;[0m    &amp#27;[90m# stepDefinitions.uiSteps.US001.kullanici_ssn_hata_mesajinin_gorunur_oldugunu_dogrular()&amp#27;[0m
]]></system-out>
    <system-err><![CDATA[Starting ChromeDriver 104.0.5112.79 (3cf3e8c8a07d104b9e1260c910efb8f383285dc5-refs/branch-heads/5112@{#1307}) on port 61154
Only local connections are allowed.
Please see https://chromedriver.chromium.org/security-considerations for suggestions on keeping ChromeDriver safe.
ChromeDriver was started successfully.
Ağu 16, 2022 6:52:53 ÖS org.openqa.selenium.remote.ProtocolHandshake createSession
INFO: Detected dialect: W3C
Ağu 16, 2022 6:52:53 ÖS org.openqa.selenium.devtools.CdpVersionFinder findNearestMatch
WARNING: Unable to find an exact match for CDP version 104, so returning the closest version found: a no-op implementation
Ağu 16, 2022 6:52:53 ÖS org.openqa.selenium.devtools.CdpVersionFinder findNearestMatch
INFO: Unable to find CDP implementation matching 104.
Ağu 16, 2022 6:52:53 ÖS org.openqa.selenium.chromium.ChromiumDriver lambda$new$3
WARNING: Unable to find version of CDP to use for . You may need to include a dependency on a specific version of the CDP using something similar to `org.seleniumhq.selenium:selenium-devtools-v86:4.1.3` where the version ("v86") matches the version of the chromium-based browser you're using and the version number of the artifact is the same as Selenium's.
]]></system-err>
  </testcase>
  <testcase name="TC003 kullanici bos SSN ile kayit olamamali" classname="Registration Ozelligi" time="7.541">
    <system-out><![CDATA[
@smokeTest
Scenario: TC003 kullanici bos SSN ile kayit olamamali             &amp#27;[90m# src/test/resources/features/UIFeatures/US001_Registration.feature:31&amp#27;[0m
  &amp#27;[32mGiven &amp#27;[0m&amp#27;[32mKullanici Medunna ana sayfasina gider&amp#27;[0m                     &amp#27;[90m# stepDefinitions.uiSteps.US001.kullanici_medunna_ana_sayfasina_gider()&amp#27;[0m
  &amp#27;[32mAnd &amp#27;[0m&amp#27;[32mKullanici Register butonuna tiklar&amp#27;[0m                          &amp#27;[90m# stepDefinitions.uiSteps.US001.kullanici_register_butonuna_tiklar()&amp#27;[0m
  &amp#27;[32mAnd &amp#27;[0m&amp#27;[32mKullanici SSN kutusunu bos birakir&amp#27;[0m                          &amp#27;[90m# stepDefinitions.uiSteps.US001.kullanici_ssn_kutusunu_bos_birakir()&amp#27;[0m
  &amp#27;[32mAnd &amp#27;[0m&amp#27;[32mKullanici firstname kutusuna geçerli bir &amp#27;[0m&amp#27;[32m&amp#27;[1m"firstname"&amp#27;[0m&amp#27;[32m girer&amp#27;[0m  &amp#27;[90m# stepDefinitions.uiSteps.US001.kullanici_firstname_kutusuna_geçerli_bir_girer(java.lang.String)&amp#27;[0m
  &amp#27;[32mAnd &amp#27;[0m&amp#27;[32mKullanici lastname kutusuna geçerli bir &amp#27;[0m&amp#27;[32m&amp#27;[1m"lastname"&amp#27;[0m&amp#27;[32m girer&amp#27;[0m    &amp#27;[90m# stepDefinitions.uiSteps.US001.kullanici_lastname_kutusuna_geçerli_bir_girer(java.lang.String)&amp#27;[0m
  &amp#27;[32mAnd &amp#27;[0m&amp#27;[32mKullanici username kutusuna geçerli bir &amp#27;[0m&amp#27;[32m&amp#27;[1m"username"&amp#27;[0m&amp#27;[32m girer&amp#27;[0m    &amp#27;[90m# stepDefinitions.uiSteps.US001.kullanici_username_kutusuna_geçerli_bir_girer(java.lang.String)&amp#27;[0m
  &amp#27;[32mAnd &amp#27;[0m&amp#27;[32mKullanici email kutusuna geçerli bir &amp#27;[0m&amp#27;[32m&amp#27;[1m"email"&amp#27;[0m&amp#27;[32m girer&amp#27;[0m          &amp#27;[90m# stepDefinitions.uiSteps.US001.kullanici_email_kutusuna_geçerli_bir_girer(java.lang.String)&amp#27;[0m
  &amp#27;[32mAnd &amp#27;[0m&amp#27;[32mKullanici password kutusuna geçerli bir &amp#27;[0m&amp#27;[32m&amp#27;[1m"password"&amp#27;[0m&amp#27;[32m girer&amp#27;[0m    &amp#27;[90m# stepDefinitions.uiSteps.US001.kullanici_password_kutusuna_geçerli_bir_girer(java.lang.String)&amp#27;[0m
  &amp#27;[32mThen &amp#27;[0m&amp#27;[32mKullanici register butonuna tıklar&amp#27;[0m                         &amp#27;[90m# stepDefinitions.uiSteps.US001.kullanici_register_butonuna_tıklar()&amp#27;[0m
  &amp#27;[32mThen &amp#27;[0m&amp#27;[32mKullanici bos SSN hata mesajinin gorunur oldugunu dogrular&amp#27;[0m &amp#27;[90m# stepDefinitions.uiSteps.US001.kullanici_bos_ssn_hata_mesajinin_gorunur_oldugunu_dogrular()&amp#27;[0m
]]></system-out>
    <system-err><![CDATA[Starting ChromeDriver 104.0.5112.79 (3cf3e8c8a07d104b9e1260c910efb8f383285dc5-refs/branch-heads/5112@{#1307}) on port 58057
Only local connections are allowed.
Please see https://chromedriver.chromium.org/security-considerations for suggestions on keeping ChromeDriver safe.
ChromeDriver was started successfully.
Ağu 16, 2022 6:53:01 ÖS org.openqa.selenium.remote.ProtocolHandshake createSession
INFO: Detected dialect: W3C
Ağu 16, 2022 6:53:01 ÖS org.openqa.selenium.devtools.CdpVersionFinder findNearestMatch
WARNING: Unable to find an exact match for CDP version 104, so returning the closest version found: a no-op implementation
Ağu 16, 2022 6:53:01 ÖS org.openqa.selenium.devtools.CdpVersionFinder findNearestMatch
INFO: Unable to find CDP implementation matching 104.
Ağu 16, 2022 6:53:01 ÖS org.openqa.selenium.chromium.ChromiumDriver lambda$new$3
WARNING: Unable to find version of CDP to use for . You may need to include a dependency on a specific version of the CDP using something similar to `org.seleniumhq.selenium:selenium-devtools-v86:4.1.3` where the version ("v86") matches the version of the chromium-based browser you're using and the version number of the artifact is the same as Selenium's.
]]></system-err>
  </testcase>
  <testcase name="TC004 kullanici bos firtsname ile kayit olamamali" classname="Registration Ozelligi" time="7.945">
    <system-out><![CDATA[
@smokeTest
Scenario: TC004 kullanici bos firtsname ile kayit olamamali             &amp#27;[90m# src/test/resources/features/UIFeatures/US001_Registration.feature:43&amp#27;[0m
  &amp#27;[32mGiven &amp#27;[0m&amp#27;[32mKullanici Medunna ana sayfasina gider&amp#27;[0m                           &amp#27;[90m# stepDefinitions.uiSteps.US001.kullanici_medunna_ana_sayfasina_gider()&amp#27;[0m
  &amp#27;[32mAnd &amp#27;[0m&amp#27;[32mKullanici Register butonuna tiklar&amp#27;[0m                                &amp#27;[90m# stepDefinitions.uiSteps.US001.kullanici_register_butonuna_tiklar()&amp#27;[0m
  &amp#27;[32mAnd &amp#27;[0m&amp#27;[32mKullanici SSN kutusuna geçerli bir &amp#27;[0m&amp#27;[32m&amp#27;[1m"SSN"&amp#27;[0m&amp#27;[32m numarasi girer&amp#27;[0m           &amp#27;[90m# stepDefinitions.uiSteps.US001.kullanici_ssn_kutusuna_geçerli_bir_numarasi_girer(java.lang.String)&amp#27;[0m
  &amp#27;[32mAnd &amp#27;[0m&amp#27;[32mKullanici firstname kutusunu bos birakir&amp#27;[0m                          &amp#27;[90m# stepDefinitions.uiSteps.US001.kullanici_firstname_kutusunu_bos_birakir()&amp#27;[0m
  &amp#27;[32mAnd &amp#27;[0m&amp#27;[32mKullanici lastname kutusuna geçerli bir &amp#27;[0m&amp#27;[32m&amp#27;[1m"lastname"&amp#27;[0m&amp#27;[32m girer&amp#27;[0m          &amp#27;[90m# stepDefinitions.uiSteps.US001.kullanici_lastname_kutusuna_geçerli_bir_girer(java.lang.String)&amp#27;[0m
  &amp#27;[32mAnd &amp#27;[0m&amp#27;[32mKullanici username kutusuna geçerli bir &amp#27;[0m&amp#27;[32m&amp#27;[1m"username"&amp#27;[0m&amp#27;[32m girer&amp#27;[0m          &amp#27;[90m# stepDefinitions.uiSteps.US001.kullanici_username_kutusuna_geçerli_bir_girer(java.lang.String)&amp#27;[0m
  &amp#27;[32mAnd &amp#27;[0m&amp#27;[32mKullanici email kutusuna geçerli bir &amp#27;[0m&amp#27;[32m&amp#27;[1m"email"&amp#27;[0m&amp#27;[32m girer&amp#27;[0m                &amp#27;[90m# stepDefinitions.uiSteps.US001.kullanici_email_kutusuna_geçerli_bir_girer(java.lang.String)&amp#27;[0m
  &amp#27;[32mAnd &amp#27;[0m&amp#27;[32mKullanici password kutusuna geçerli bir &amp#27;[0m&amp#27;[32m&amp#27;[1m"password"&amp#27;[0m&amp#27;[32m girer&amp#27;[0m          &amp#27;[90m# stepDefinitions.uiSteps.US001.kullanici_password_kutusuna_geçerli_bir_girer(java.lang.String)&amp#27;[0m
  &amp#27;[32mThen &amp#27;[0m&amp#27;[32mKullanici register butonuna tıklar&amp#27;[0m                               &amp#27;[90m# stepDefinitions.uiSteps.US001.kullanici_register_butonuna_tıklar()&amp#27;[0m
  &amp#27;[32mThen &amp#27;[0m&amp#27;[32mKullanici bos firstname hata mesajinin gorunur oldugunu dogrular&amp#27;[0m &amp#27;[90m# stepDefinitions.uiSteps.US001.kullanici_bos_firstname_hata_mesajinin_gorunur_oldugunu_dogrular()&amp#27;[0m
]]></system-out>
    <system-err><![CDATA[Starting ChromeDriver 104.0.5112.79 (3cf3e8c8a07d104b9e1260c910efb8f383285dc5-refs/branch-heads/5112@{#1307}) on port 56687
Only local connections are allowed.
Please see https://chromedriver.chromium.org/security-considerations for suggestions on keeping ChromeDriver safe.
ChromeDriver was started successfully.
Ağu 16, 2022 6:53:09 ÖS org.openqa.selenium.remote.ProtocolHandshake createSession
INFO: Detected dialect: W3C
Ağu 16, 2022 6:53:09 ÖS org.openqa.selenium.devtools.CdpVersionFinder findNearestMatch
WARNING: Unable to find an exact match for CDP version 104, so returning the closest version found: a no-op implementation
Ağu 16, 2022 6:53:09 ÖS org.openqa.selenium.devtools.CdpVersionFinder findNearestMatch
INFO: Unable to find CDP implementation matching 104.
Ağu 16, 2022 6:53:09 ÖS org.openqa.selenium.chromium.ChromiumDriver lambda$new$3
WARNING: Unable to find version of CDP to use for . You may need to include a dependency on a specific version of the CDP using something similar to `org.seleniumhq.selenium:selenium-devtools-v86:4.1.3` where the version ("v86") matches the version of the chromium-based browser you're using and the version number of the artifact is the same as Selenium's.
]]></system-err>
  </testcase>
  <testcase name="TC005 kullanici bos lastname ile kayit olamamali" classname="Registration Ozelligi" time="14.837">
    <system-out><![CDATA[
@smokeTest
Scenario: TC005 kullanici bos lastname ile kayit olamamali             &amp#27;[90m# src/test/resources/features/UIFeatures/US001_Registration.feature:55&amp#27;[0m
  &amp#27;[32mGiven &amp#27;[0m&amp#27;[32mKullanici Medunna ana sayfasina gider&amp#27;[0m                          &amp#27;[90m# stepDefinitions.uiSteps.US001.kullanici_medunna_ana_sayfasina_gider()&amp#27;[0m
  &amp#27;[32mAnd &amp#27;[0m&amp#27;[32mKullanici Register butonuna tiklar&amp#27;[0m                               &amp#27;[90m# stepDefinitions.uiSteps.US001.kullanici_register_butonuna_tiklar()&amp#27;[0m
  &amp#27;[32mAnd &amp#27;[0m&amp#27;[32mKullanici SSN kutusuna geçerli bir &amp#27;[0m&amp#27;[32m&amp#27;[1m"SSN"&amp#27;[0m&amp#27;[32m numarasi girer&amp#27;[0m          &amp#27;[90m# stepDefinitions.uiSteps.US001.kullanici_ssn_kutusuna_geçerli_bir_numarasi_girer(java.lang.String)&amp#27;[0m
  &amp#27;[32mAnd &amp#27;[0m&amp#27;[32mKullanici firstname kutusuna geçerli bir &amp#27;[0m&amp#27;[32m&amp#27;[1m"firstname"&amp#27;[0m&amp#27;[32m girer&amp#27;[0m       &amp#27;[90m# stepDefinitions.uiSteps.US001.kullanici_firstname_kutusuna_geçerli_bir_girer(java.lang.String)&amp#27;[0m
  &amp#27;[32mAnd &amp#27;[0m&amp#27;[32mKullanici lastname kutusunu bos birakir&amp#27;[0m                          &amp#27;[90m# stepDefinitions.uiSteps.US001.kullanici_lastname_kutusunu_bos_birakir()&amp#27;[0m
  &amp#27;[32mAnd &amp#27;[0m&amp#27;[32mKullanici username kutusuna geçerli bir &amp#27;[0m&amp#27;[32m&amp#27;[1m"username"&amp#27;[0m&amp#27;[32m girer&amp#27;[0m         &amp#27;[90m# stepDefinitions.uiSteps.US001.kullanici_username_kutusuna_geçerli_bir_girer(java.lang.String)&amp#27;[0m
  &amp#27;[32mAnd &amp#27;[0m&amp#27;[32mKullanici email kutusuna geçerli bir &amp#27;[0m&amp#27;[32m&amp#27;[1m"email"&amp#27;[0m&amp#27;[32m girer&amp#27;[0m               &amp#27;[90m# stepDefinitions.uiSteps.US001.kullanici_email_kutusuna_geçerli_bir_girer(java.lang.String)&amp#27;[0m
  &amp#27;[32mAnd &amp#27;[0m&amp#27;[32mKullanici password kutusuna geçerli bir &amp#27;[0m&amp#27;[32m&amp#27;[1m"password"&amp#27;[0m&amp#27;[32m girer&amp#27;[0m         &amp#27;[90m# stepDefinitions.uiSteps.US001.kullanici_password_kutusuna_geçerli_bir_girer(java.lang.String)&amp#27;[0m
  &amp#27;[32mThen &amp#27;[0m&amp#27;[32mKullanici register butonuna tıklar&amp#27;[0m                              &amp#27;[90m# stepDefinitions.uiSteps.US001.kullanici_register_butonuna_tıklar()&amp#27;[0m
  &amp#27;[32mThen &amp#27;[0m&amp#27;[32mKullanici bos lastname hata mesajinin gorunur oldugunu dogrular&amp#27;[0m &amp#27;[90m# stepDefinitions.uiSteps.US001.kullanici_bos_lastname_hata_mesajinin_gorunur_oldugunu_dogrular()&amp#27;[0m
]]></system-out>
    <system-err><![CDATA[Starting ChromeDriver 104.0.5112.79 (3cf3e8c8a07d104b9e1260c910efb8f383285dc5-refs/branch-heads/5112@{#1307}) on port 49349
Only local connections are allowed.
Please see https://chromedriver.chromium.org/security-considerations for suggestions on keeping ChromeDriver safe.
ChromeDriver was started successfully.
Ağu 16, 2022 6:53:17 ÖS org.openqa.selenium.remote.ProtocolHandshake createSession
INFO: Detected dialect: W3C
Ağu 16, 2022 6:53:17 ÖS org.openqa.selenium.devtools.CdpVersionFinder findNearestMatch
WARNING: Unable to find an exact match for CDP version 104, so returning the closest version found: a no-op implementation
Ağu 16, 2022 6:53:17 ÖS org.openqa.selenium.devtools.CdpVersionFinder findNearestMatch
INFO: Unable to find CDP implementation matching 104.
Ağu 16, 2022 6:53:17 ÖS org.openqa.selenium.chromium.ChromiumDriver lambda$new$3
WARNING: Unable to find version of CDP to use for . You may need to include a dependency on a specific version of the CDP using something similar to `org.seleniumhq.selenium:selenium-devtools-v86:4.1.3` where the version ("v86") matches the version of the chromium-based browser you're using and the version number of the artifact is the same as Selenium's.
]]></system-err>
  </testcase>
  <testcase name="TC006 kullanici dokuz ile baslayan SSN ile kayit olabilmeli" classname="Registration Ozelligi" time="25.874">
    <error message="no such element: Unable to locate element: {&quot;method&quot;:&quot;xpath&quot;,&quot;selector&quot;:&quot;//div[@class=&apos;Toastify__toast-body&apos;]&quot;}&#10;  (Session info: chrome=104.0.5112.81)&#10;For documentation on this error, please visit: https://selenium.dev/exceptions/#no_such_element&#10;Build info: version: &apos;4.1.3&apos;, revision: &apos;7b1ebf28ef&apos;&#10;System info: host: &apos;DESKTOP-6U1HIQ0&apos;, ip: &apos;192.168.1.174&apos;, os.name: &apos;Windows 10&apos;, os.arch: &apos;amd64&apos;, os.version: &apos;10.0&apos;, java.version: &apos;11.0.15&apos;&#10;Driver info: org.openqa.selenium.chrome.ChromeDriver&#10;Command: [c251d31dd711b8148ac1ce4beee44323, findElement {using=xpath, value=//div[@class=&apos;Toastify__toast-body&apos;]}]&#10;Capabilities {acceptInsecureCerts: false, browserName: chrome, browserVersion: 104.0.5112.81, chrome: {chromedriverVersion: 104.0.5112.79 (3cf3e8c8a07d..., userDataDir: C:\Users\ayber\AppData\Loca...}, goog:chromeOptions: {debuggerAddress: localhost:63642}, javascriptEnabled: true, networkConnectionEnabled: false, pageLoadStrategy: normal, platform: WINDOWS, platformName: WINDOWS, proxy: Proxy(), se:cdp: ws://localhost:63642/devtoo..., se:cdpVersion: 104.0.5112.81, setWindowRect: true, strictFileInteractability: false, timeouts: {implicit: 0, pageLoad: 300000, script: 30000}, unhandledPromptBehavior: dismiss and notify, webauthn:extension:credBlob: true, webauthn:extension:largeBlob: true, webauthn:virtualAuthenticators: true}&#10;Session ID: c251d31dd711b8148ac1ce4beee44323" type="org.openqa.selenium.NoSuchElementException"><![CDATA[org.openqa.selenium.NoSuchElementException: 
no such element: Unable to locate element: {"method":"xpath","selector":"//div[@class='Toastify__toast-body']"}
  (Session info: chrome=104.0.5112.81)
For documentation on this error, please visit: https://selenium.dev/exceptions/#no_such_element
Build info: version: '4.1.3', revision: '7b1ebf28ef'
System info: host: 'DESKTOP-6U1HIQ0', ip: '192.168.1.174', os.name: 'Windows 10', os.arch: 'amd64', os.version: '10.0', java.version: '11.0.15'
Driver info: org.openqa.selenium.chrome.ChromeDriver
Command: [c251d31dd711b8148ac1ce4beee44323, findElement {using=xpath, value=//div[@class='Toastify__toast-body']}]
Capabilities {acceptInsecureCerts: false, browserName: chrome, browserVersion: 104.0.5112.81, chrome: {chromedriverVersion: 104.0.5112.79 (3cf3e8c8a07d..., userDataDir: C:\Users\ayber\AppData\Loca...}, goog:chromeOptions: {debuggerAddress: localhost:63642}, javascriptEnabled: true, networkConnectionEnabled: false, pageLoadStrategy: normal, platform: WINDOWS, platformName: WINDOWS, proxy: Proxy(), se:cdp: ws://localhost:63642/devtoo..., se:cdpVersion: 104.0.5112.81, setWindowRect: true, strictFileInteractability: false, timeouts: {implicit: 0, pageLoad: 300000, script: 30000}, unhandledPromptBehavior: dismiss and notify, webauthn:extension:credBlob: true, webauthn:extension:largeBlob: true, webauthn:virtualAuthenticators: true}
Session ID: c251d31dd711b8148ac1ce4beee44323
]]></error>
    <system-out><![CDATA[
@smokeTest
Scenario: TC006 kullanici dokuz ile baslayan SSN ile kayit olabilmeli    &amp#27;[90m# src/test/resources/features/UIFeatures/US001_Registration.feature:67&amp#27;[0m
  &amp#27;[32mGiven &amp#27;[0m&amp#27;[32mKullanici Medunna ana sayfasina gider&amp#27;[0m                            &amp#27;[90m# stepDefinitions.uiSteps.US001.kullanici_medunna_ana_sayfasina_gider()&amp#27;[0m
  &amp#27;[32mAnd &amp#27;[0m&amp#27;[32mKullanici Register butonuna tiklar&amp#27;[0m                                 &amp#27;[90m# stepDefinitions.uiSteps.US001.kullanici_register_butonuna_tiklar()&amp#27;[0m
  &amp#27;[32mAnd &amp#27;[0m&amp#27;[32mKullanici SSN kutusuna dokuz ile başlayan bir &amp#27;[0m&amp#27;[32m&amp#27;[1m"SSN"&amp#27;[0m&amp#27;[32m numarasi girer&amp#27;[0m &amp#27;[90m# stepDefinitions.uiSteps.US001.kullaniciSSNKutusunaDokuzIleBaşlayanBirNumarasiGirer(java.lang.String)&amp#27;[0m
  &amp#27;[32mAnd &amp#27;[0m&amp#27;[32mKullanici firstname kutusuna geçerli bir &amp#27;[0m&amp#27;[32m&amp#27;[1m"firstname"&amp#27;[0m&amp#27;[32m girer&amp#27;[0m         &amp#27;[90m# stepDefinitions.uiSteps.US001.kullanici_firstname_kutusuna_geçerli_bir_girer(java.lang.String)&amp#27;[0m
  &amp#27;[32mAnd &amp#27;[0m&amp#27;[32mKullanici lastname kutusuna geçerli bir &amp#27;[0m&amp#27;[32m&amp#27;[1m"lastname"&amp#27;[0m&amp#27;[32m girer&amp#27;[0m           &amp#27;[90m# stepDefinitions.uiSteps.US001.kullanici_lastname_kutusuna_geçerli_bir_girer(java.lang.String)&amp#27;[0m
  &amp#27;[32mAnd &amp#27;[0m&amp#27;[32mKullanici username kutusuna geçerli bir &amp#27;[0m&amp#27;[32m&amp#27;[1m"username"&amp#27;[0m&amp#27;[32m girer&amp#27;[0m           &amp#27;[90m# stepDefinitions.uiSteps.US001.kullanici_username_kutusuna_geçerli_bir_girer(java.lang.String)&amp#27;[0m
  &amp#27;[32mAnd &amp#27;[0m&amp#27;[32mKullanici email kutusuna geçerli bir &amp#27;[0m&amp#27;[32m&amp#27;[1m"email"&amp#27;[0m&amp#27;[32m girer&amp#27;[0m                 &amp#27;[90m# stepDefinitions.uiSteps.US001.kullanici_email_kutusuna_geçerli_bir_girer(java.lang.String)&amp#27;[0m
  &amp#27;[32mAnd &amp#27;[0m&amp#27;[32mKullanici password kutusuna geçerli bir &amp#27;[0m&amp#27;[32m&amp#27;[1m"password"&amp#27;[0m&amp#27;[32m girer&amp#27;[0m           &amp#27;[90m# stepDefinitions.uiSteps.US001.kullanici_password_kutusuna_geçerli_bir_girer(java.lang.String)&amp#27;[0m
  &amp#27;[32mThen &amp#27;[0m&amp#27;[32mKullanici register butonuna tıklar&amp#27;[0m                                &amp#27;[90m# stepDefinitions.uiSteps.US001.kullanici_register_butonuna_tıklar()&amp#27;[0m
  &amp#27;[31mThen &amp#27;[0m&amp#27;[31mKullanici Registitaion Saved yazisinin gorunur oldugunu dogrular&amp#27;[0m  &amp#27;[90m# stepDefinitions.uiSteps.US001.kullanici_registitaion_saved_yazisinin_gorunur_oldugunu_dogrular()&amp#27;[0m
      &amp#27;[31morg.openqa.selenium.NoSuchElementException: no such element: Unable to locate element: {"method":"xpath","selector":"//div[@class='Toastify__toast-body']"}
  (Session info: chrome=104.0.5112.81)
For documentation on this error, please visit: https://selenium.dev/exceptions/#no_such_element
Build info: version: '4.1.3', revision: '7b1ebf28ef'
System info: host: 'DESKTOP-6U1HIQ0', ip: '192.168.1.174', os.name: 'Windows 10', os.arch: 'amd64', os.version: '10.0', java.version: '11.0.15'
Driver info: org.openqa.selenium.chrome.ChromeDriver
Command: [c251d31dd711b8148ac1ce4beee44323, findElement {using=xpath, value=//div[@class='Toastify__toast-body']}]
Capabilities {acceptInsecureCerts: false, browserName: chrome, browserVersion: 104.0.5112.81, chrome: {chromedriverVersion: 104.0.5112.79 (3cf3e8c8a07d..., userDataDir: C:\Users\ayber\AppData\Loca...}, goog:chromeOptions: {debuggerAddress: localhost:63642}, javascriptEnabled: true, networkConnectionEnabled: false, pageLoadStrategy: normal, platform: WINDOWS, platformName: WINDOWS, proxy: Proxy(), se:cdp: ws://localhost:63642/devtoo..., se:cdpVersion: 104.0.5112.81, setWindowRect: true, strictFileInteractability: false, timeouts: {implicit: 0, pageLoad: 300000, script: 30000}, unhandledPromptBehavior: dismiss and notify, webauthn:extension:credBlob: true, webauthn:extension:largeBlob: true, webauthn:virtualAuthenticators: true}
Session ID: c251d31dd711b8148ac1ce4beee44323
	at java.base/jdk.internal.reflect.NativeConstructorAccessorImpl.newInstance0(Native Method)
	at java.base/jdk.internal.reflect.NativeConstructorAccessorImpl.newInstance(NativeConstructorAccessorImpl.java:62)
	at java.base/jdk.internal.reflect.DelegatingConstructorAccessorImpl.newInstance(DelegatingConstructorAccessorImpl.java:45)
	at java.base/java.lang.reflect.Constructor.newInstance(Constructor.java:490)
	at org.openqa.selenium.remote.codec.w3c.W3CHttpResponseCodec.createException(W3CHttpResponseCodec.java:200)
	at org.openqa.selenium.remote.codec.w3c.W3CHttpResponseCodec.decode(W3CHttpResponseCodec.java:133)
	at org.openqa.selenium.remote.codec.w3c.W3CHttpResponseCodec.decode(W3CHttpResponseCodec.java:53)
	at org.openqa.selenium.remote.HttpCommandExecutor.execute(HttpCommandExecutor.java:184)
	at org.openqa.selenium.remote.service.DriverCommandExecutor.invokeExecute(DriverCommandExecutor.java:167)
	at org.openqa.selenium.remote.service.DriverCommandExecutor.execute(DriverCommandExecutor.java:142)
	at org.openqa.selenium.remote.RemoteWebDriver.execute(RemoteWebDriver.java:567)
	at org.openqa.selenium.remote.ElementLocation$ElementFinder$2.findElement(ElementLocation.java:162)
	at org.openqa.selenium.remote.ElementLocation.findElement(ElementLocation.java:60)
	at org.openqa.selenium.remote.RemoteWebDriver.findElement(RemoteWebDriver.java:385)
	at org.openqa.selenium.remote.RemoteWebDriver.findElement(RemoteWebDriver.java:377)
	at org.openqa.selenium.support.pagefactory.DefaultElementLocator.findElement(DefaultElementLocator.java:70)
	at org.openqa.selenium.support.pagefactory.internal.LocatingElementHandler.invoke(LocatingElementHandler.java:39)
	at com.sun.proxy.$Proxy23.isDisplayed(Unknown Source)
	at stepDefinitions.uiSteps.US001.kullanici_registitaion_saved_yazisinin_gorunur_oldugunu_dogrular(US001.java:91)
	at ✽.Kullanici Registitaion Saved yazisinin gorunur oldugunu dogrular(file:///C:/Users/ayber/IdeaProjects/MedunnaProject/./src/test/resources/features/UIFeatures/US001_Registration.feature:77)
&amp#27;[0m

    Embedding screenshots [image/png 95623 bytes]

]]></system-out>
    <system-err><![CDATA[Starting ChromeDriver 104.0.5112.79 (3cf3e8c8a07d104b9e1260c910efb8f383285dc5-refs/branch-heads/5112@{#1307}) on port 51733
Only local connections are allowed.
Please see https://chromedriver.chromium.org/security-considerations for suggestions on keeping ChromeDriver safe.
ChromeDriver was started successfully.
Ağu 16, 2022 6:53:31 ÖS org.openqa.selenium.remote.ProtocolHandshake createSession
INFO: Detected dialect: W3C
Ağu 16, 2022 6:53:31 ÖS org.openqa.selenium.devtools.CdpVersionFinder findNearestMatch
WARNING: Unable to find an exact match for CDP version 104, so returning the closest version found: a no-op implementation
Ağu 16, 2022 6:53:31 ÖS org.openqa.selenium.devtools.CdpVersionFinder findNearestMatch
INFO: Unable to find CDP implementation matching 104.
Ağu 16, 2022 6:53:31 ÖS org.openqa.selenium.chromium.ChromiumDriver lambda$new$3
WARNING: Unable to find version of CDP to use for . You may need to include a dependency on a specific version of the CDP using something similar to `org.seleniumhq.selenium:selenium-devtools-v86:4.1.3` where the version ("v86") matches the version of the chromium-based browser you're using and the version number of the artifact is the same as Selenium's.
]]></system-err>
  </testcase>
</testsuite>