<?xml version="1.0" encoding="UTF-8"?>
<testsuite xmlns:xsi="http://www.w3.org/2001/XMLSchema-instance" xsi:noNamespaceSchemaLocation="https://maven.apache.org/surefire/maven-surefire-plugin/xsd/surefire-test-report.xsd" name="US003 Password Strength" time="15.777" tests="8" errors="8" skipped="0" failures="0">
  <properties>
[...]
</properties>
  <testcase name="TC001 Password uzunlugu 7den kucukse Password Strength seviyesinin degistigi gorulmeli #1" classname="US003 Password Strength" time="14.929">
    <error message="no such window: target window already closed&#10;from unknown error: web view not found&#10;  (Session info: chrome=104.0.5112.81)&#10;Build info: version: &apos;4.1.3&apos;, revision: &apos;7b1ebf28ef&apos;&#10;System info: host: &apos;RICHMOND&apos;, ip: &apos;192.168.0.139&apos;, os.name: &apos;Windows 11&apos;, os.arch: &apos;amd64&apos;, os.version: &apos;10.0&apos;, java.version: &apos;11.0.16&apos;&#10;Driver info: org.openqa.selenium.chrome.ChromeDriver&#10;Command: [cfa2d4db25005f1e18ced2b5c985e26e, maximizeCurrentWindow {}]&#10;Capabilities {acceptInsecureCerts: false, browserName: chrome, browserVersion: 104.0.5112.81, chrome: {chromedriverVersion: 104.0.5112.79 (3cf3e8c8a07d..., userDataDir: C:\Users\bmana\AppData\Loca...}, goog:chromeOptions: {debuggerAddress: localhost:60024}, javascriptEnabled: true, networkConnectionEnabled: false, pageLoadStrategy: normal, platform: WINDOWS, platformName: WINDOWS, proxy: Proxy(), se:cdp: ws://localhost:60024/devtoo..., se:cdpVersion: 104.0.5112.81, setWindowRect: true, strictFileInteractability: false, timeouts: {implicit: 0, pageLoad: 300000, script: 30000}, unhandledPromptBehavior: dismiss and notify, webauthn:extension:credBlob: true, webauthn:extension:largeBlob: true, webauthn:virtualAuthenticators: true}&#10;Session ID: cfa2d4db25005f1e18ced2b5c985e26e" type="org.openqa.selenium.NoSuchWindowException">org.openqa.selenium.NoSuchWindowException: 
no such window: target window already closed
from unknown error: web view not found
  (Session info: chrome=104.0.5112.81)
Build info: version: '4.1.3', revision: '7b1ebf28ef'
System info: host: 'RICHMOND', ip: '192.168.0.139', os.name: 'Windows 11', os.arch: 'amd64', os.version: '10.0', java.version: '11.0.16'
Driver info: org.openqa.selenium.chrome.ChromeDriver
Command: [cfa2d4db25005f1e18ced2b5c985e26e, maximizeCurrentWindow {}]
Capabilities {acceptInsecureCerts: false, browserName: chrome, browserVersion: 104.0.5112.81, chrome: {chromedriverVersion: 104.0.5112.79 (3cf3e8c8a07d..., userDataDir: C:\Users\bmana\AppData\Loca...}, goog:chromeOptions: {debuggerAddress: localhost:60024}, javascriptEnabled: true, networkConnectionEnabled: false, pageLoadStrategy: normal, platform: WINDOWS, platformName: WINDOWS, proxy: Proxy(), se:cdp: ws://localhost:60024/devtoo..., se:cdpVersion: 104.0.5112.81, setWindowRect: true, strictFileInteractability: false, timeouts: {implicit: 0, pageLoad: 300000, script: 30000}, unhandledPromptBehavior: dismiss and notify, webauthn:extension:credBlob: true, webauthn:extension:largeBlob: true, webauthn:virtualAuthenticators: true}
Session ID: cfa2d4db25005f1e18ced2b5c985e26e
</error>
    <system-out><![CDATA[&amp#27;[32m&amp#27;[1m┌───────────────────────────────────────────────────────────────────────────────────┐&amp#27;[0m
&amp#27;[32m&amp#27;[1m│&amp#27;[0m Share your Cucumber Report with your team at &amp#27;[36m&amp#27;[1m&amp#27;[4mhttps://reports.cucumber.io&amp#27;[0m          &amp#27;[32m&amp#27;[1m│&amp#27;[0m
&amp#27;[32m&amp#27;[1m│&amp#27;[0m Activate publishing with one of the following:                                    &amp#27;[32m&amp#27;[1m│&amp#27;[0m
&amp#27;[32m&amp#27;[1m│&amp#27;[0m                                                                                   &amp#27;[32m&amp#27;[1m│&amp#27;[0m
&amp#27;[32m&amp#27;[1m│&amp#27;[0m src/test/resources/cucumber.properties:          &amp#27;[36mcucumber.publish.enabled&amp#27;[0m=&amp#27;[36mtrue&amp#27;[0m    &amp#27;[32m&amp#27;[1m│&amp#27;[0m
&amp#27;[32m&amp#27;[1m│&amp#27;[0m src/test/resources/junit-platform.properties:    &amp#27;[36mcucumber.publish.enabled&amp#27;[0m=&amp#27;[36mtrue&amp#27;[0m    &amp#27;[32m&amp#27;[1m│&amp#27;[0m
&amp#27;[32m&amp#27;[1m│&amp#27;[0m Environment variable:                            &amp#27;[36mCUCUMBER_PUBLISH_ENABLED&amp#27;[0m=&amp#27;[36mtrue&amp#27;[0m    &amp#27;[32m&amp#27;[1m│&amp#27;[0m
&amp#27;[32m&amp#27;[1m│&amp#27;[0m JUnit:                                           &amp#27;[36m@CucumberOptions&amp#27;[0m(publish = &amp#27;[36mtrue&amp#27;[0m) &amp#27;[32m&amp#27;[1m│&amp#27;[0m
&amp#27;[32m&amp#27;[1m│&amp#27;[0m                                                                                   &amp#27;[32m&amp#27;[1m│&amp#27;[0m
&amp#27;[32m&amp#27;[1m│&amp#27;[0m More information at &amp#27;[36mhttps://cucumber.io/docs/cucumber/environment-variables/&amp#27;[0m      &amp#27;[32m&amp#27;[1m│&amp#27;[0m
&amp#27;[32m&amp#27;[1m│&amp#27;[0m                                                                                   &amp#27;[32m&amp#27;[1m│&amp#27;[0m
&amp#27;[32m&amp#27;[1m│&amp#27;[0m Disable this message with one of the following:                                   &amp#27;[32m&amp#27;[1m│&amp#27;[0m
&amp#27;[32m&amp#27;[1m│&amp#27;[0m                                                                                   &amp#27;[32m&amp#27;[1m│&amp#27;[0m
&amp#27;[32m&amp#27;[1m│&amp#27;[0m src/test/resources/cucumber.properties:          &amp#27;[36mcucumber.publish.quiet&amp#27;[0m=&amp#27;[36mtrue&amp#27;[0m      &amp#27;[32m&amp#27;[1m│&amp#27;[0m
&amp#27;[32m&amp#27;[1m│&amp#27;[0m src/test/resources/junit-platform.properties:    &amp#27;[36mcucumber.publish.quiet&amp#27;[0m=&amp#27;[36mtrue&amp#27;[0m      &amp#27;[32m&amp#27;[1m│&amp#27;[0m
&amp#27;[32m&amp#27;[1m└───────────────────────────────────────────────────────────────────────────────────┘&amp#27;[0m

@us003
Scenario Outline: TC001 Password uzunlugu 7den kucukse Password Strength seviyesinin degistigi gorulmeli &amp#27;[90m# src/test/resources/features/UIFeatures/US003_PasswordStrength.feature:15&amp#27;[0m
  &amp#27;[31mGiven &amp#27;[0m&amp#27;[31muser &amp#27;[0m&amp#27;[31m&amp#27;[1m"medunnaUrl"&amp#27;[0m&amp#27;[31m anasayfasinda&amp#27;[0m                                                                  &amp#27;[90m# stepDefinitions.uiSteps.OrtakClass.user_anasayfasinda(java.lang.String)&amp#27;[0m
      &amp#27;[31morg.openqa.selenium.NoSuchWindowException: no such window: target window already closed
from unknown error: web view not found
  (Session info: chrome=104.0.5112.81)
Build info: version: '4.1.3', revision: '7b1ebf28ef'
System info: host: 'RICHMOND', ip: '192.168.0.139', os.name: 'Windows 11', os.arch: 'amd64', os.version: '10.0', java.version: '11.0.16'
Driver info: org.openqa.selenium.chrome.ChromeDriver
Command: [cfa2d4db25005f1e18ced2b5c985e26e, maximizeCurrentWindow {}]
Capabilities {acceptInsecureCerts: false, browserName: chrome, browserVersion: 104.0.5112.81, chrome: {chromedriverVersion: 104.0.5112.79 (3cf3e8c8a07d..., userDataDir: C:\Users\bmana\AppData\Loca...}, goog:chromeOptions: {debuggerAddress: localhost:60024}, javascriptEnabled: true, networkConnectionEnabled: false, pageLoadStrategy: normal, platform: WINDOWS, platformName: WINDOWS, proxy: Proxy(), se:cdp: ws://localhost:60024/devtoo..., se:cdpVersion: 104.0.5112.81, setWindowRect: true, strictFileInteractability: false, timeouts: {implicit: 0, pageLoad: 300000, script: 30000}, unhandledPromptBehavior: dismiss and notify, webauthn:extension:credBlob: true, webauthn:extension:largeBlob: true, webauthn:virtualAuthenticators: true}
Session ID: cfa2d4db25005f1e18ced2b5c985e26e
	at java.base/jdk.internal.reflect.NativeConstructorAccessorImpl.newInstance0(Native Method)
	at java.base/jdk.internal.reflect.NativeConstructorAccessorImpl.newInstance(NativeConstructorAccessorImpl.java:62)
	at java.base/jdk.internal.reflect.DelegatingConstructorAccessorImpl.newInstance(DelegatingConstructorAccessorImpl.java:45)
	at java.base/java.lang.reflect.Constructor.newInstance(Constructor.java:490)
	at org.openqa.selenium.remote.codec.w3c.W3CHttpResponseCodec.createException(W3CHttpResponseCodec.java:200)
	at org.openqa.selenium.remote.codec.w3c.W3CHttpResponseCodec.decode(W3CHttpResponseCodec.java:133)
	at org.openqa.selenium.remote.codec.w3c.W3CHttpResponseCodec.decode(W3CHttpResponseCodec.java:53)
	at org.openqa.selenium.remote.HttpCommandExecutor.execute(HttpCommandExecutor.java:184)
	at org.openqa.selenium.remote.service.DriverCommandExecutor.invokeExecute(DriverCommandExecutor.java:167)
	at org.openqa.selenium.remote.service.DriverCommandExecutor.execute(DriverCommandExecutor.java:142)
	at org.openqa.selenium.remote.RemoteWebDriver.execute(RemoteWebDriver.java:567)
	at org.openqa.selenium.remote.RemoteWebDriver.execute(RemoteWebDriver.java:622)
	at org.openqa.selenium.remote.RemoteWebDriver.execute(RemoteWebDriver.java:626)
	at org.openqa.selenium.remote.RemoteWebDriver$RemoteWebDriverOptions$RemoteWindow.maximize(RemoteWebDriver.java:993)
	at utilities.Driver.getDriver(Driver.java:56)
	at stepDefinitions.uiSteps.OrtakClass.user_anasayfasinda(OrtakClass.java:163)
	at ✽.user "medunnaUrl" anasayfasinda(file:///C:/Users/bmana/IdeaProjects/MedunnaProjectTeam58/./src/test/resources/features/UIFeatures/US003_PasswordStrength.feature:5)
&amp#27;[0m
  &amp#27;[36mThen &amp#27;[0m&amp#27;[36muser user sembolune tiklar&amp#27;[0m                                                                        &amp#27;[90m# stepDefinitions.uiSteps.OrtakClass.user_user_sembolune_tiklar()&amp#27;[0m
  &amp#27;[36mAnd &amp#27;[0m&amp#27;[36mkullanici register butonuna basar&amp#27;[0m                                                                  &amp#27;[90m# stepDefinitions.uiSteps.US003.kullaniciRegisterButonunaBasar()&amp#27;[0m
  &amp#27;[36mAnd &amp#27;[0m&amp#27;[36mkucuk harf &amp#27;[0m&amp#27;[36m&amp#27;[1m"a"&amp#27;[0m&amp#27;[36m eklenince password strength kontrol eder&amp#27;[0m                                            &amp#27;[90m# stepDefinitions.uiSteps.US003.kucukHarfEklenincePasswordStrengthKontrolEder(java.lang.String)&amp#27;[0m
  &amp#27;[36mAnd &amp#27;[0m&amp#27;[36mbuyuk harf &amp#27;[0m&amp#27;[36m&amp#27;[1m"A"&amp#27;[0m&amp#27;[36m eklenince password strength kontrol eder&amp#27;[0m                                            &amp#27;[90m# stepDefinitions.uiSteps.US003.buyukHarfEklenincePasswordStrengthKontrolEder(java.lang.String)&amp#27;[0m
  &amp#27;[36mAnd &amp#27;[0m&amp#27;[36m&amp#27;[0m&amp#27;[36m&amp#27;[1m"5"&amp#27;[0m&amp#27;[36m eklenince password strength kontrol eder&amp#27;[0m                                                       &amp#27;[90m# stepDefinitions.uiSteps.US003.eklenincePasswordStrengthKontrolEder(java.lang.String)&amp#27;[0m
  &amp#27;[36mAnd &amp#27;[0m&amp#27;[36mozel karakter &amp#27;[0m&amp#27;[36m&amp#27;[1m"*"&amp#27;[0m&amp#27;[36m password strength kontrol eder&amp#27;[0m                                                   &amp#27;[90m# stepDefinitions.uiSteps.US003.ozelKarakterPasswordStrengthKontrolEder(java.lang.String)&amp#27;[0m
      &amp#27;[31morg.openqa.selenium.NoSuchWindowException: no such window: target window already closed
from unknown error: web view not found
  (Session info: chrome=104.0.5112.81)
Build info: version: '4.1.3', revision: '7b1ebf28ef'
System info: host: 'RICHMOND', ip: '192.168.0.139', os.name: 'Windows 11', os.arch: 'amd64', os.version: '10.0', java.version: '11.0.16'
Driver info: org.openqa.selenium.chrome.ChromeDriver
Command: [cfa2d4db25005f1e18ced2b5c985e26e, maximizeCurrentWindow {}]
Capabilities {acceptInsecureCerts: false, browserName: chrome, browserVersion: 104.0.5112.81, chrome: {chromedriverVersion: 104.0.5112.79 (3cf3e8c8a07d..., userDataDir: C:\Users\bmana\AppData\Loca...}, goog:chromeOptions: {debuggerAddress: localhost:60024}, javascriptEnabled: true, networkConnectionEnabled: false, pageLoadStrategy: normal, platform: WINDOWS, platformName: WINDOWS, proxy: Proxy(), se:cdp: ws://localhost:60024/devtoo..., se:cdpVersion: 104.0.5112.81, setWindowRect: true, strictFileInteractability: false, timeouts: {implicit: 0, pageLoad: 300000, script: 30000}, unhandledPromptBehavior: dismiss and notify, webauthn:extension:credBlob: true, webauthn:extension:largeBlob: true, webauthn:virtualAuthenticators: true}
Session ID: cfa2d4db25005f1e18ced2b5c985e26e
	at java.base/jdk.internal.reflect.NativeConstructorAccessorImpl.newInstance0(Native Method)
	at java.base/jdk.internal.reflect.NativeConstructorAccessorImpl.newInstance(NativeConstructorAccessorImpl.java:62)
	at java.base/jdk.internal.reflect.DelegatingConstructorAccessorImpl.newInstance(DelegatingConstructorAccessorImpl.java:45)
	at java.base/java.lang.reflect.Constructor.newInstance(Constructor.java:490)
	at org.openqa.selenium.remote.codec.w3c.W3CHttpResponseCodec.createException(W3CHttpResponseCodec.java:200)
	at org.openqa.selenium.remote.codec.w3c.W3CHttpResponseCodec.decode(W3CHttpResponseCodec.java:133)
	at org.openqa.selenium.remote.codec.w3c.W3CHttpResponseCodec.decode(W3CHttpResponseCodec.java:53)
	at org.openqa.selenium.remote.HttpCommandExecutor.execute(HttpCommandExecutor.java:184)
	at org.openqa.selenium.remote.service.DriverCommandExecutor.invokeExecute(DriverCommandExecutor.java:167)
	at org.openqa.selenium.remote.service.DriverCommandExecutor.execute(DriverCommandExecutor.java:142)
	at org.openqa.selenium.remote.RemoteWebDriver.execute(RemoteWebDriver.java:567)
	at org.openqa.selenium.remote.RemoteWebDriver.execute(RemoteWebDriver.java:622)
	at org.openqa.selenium.remote.RemoteWebDriver.execute(RemoteWebDriver.java:626)
	at org.openqa.selenium.remote.RemoteWebDriver$RemoteWebDriverOptions$RemoteWindow.maximize(RemoteWebDriver.java:993)
	at utilities.Driver.getDriver(Driver.java:56)
	at hooks.Hooks.tearDown(Hooks.java:13)
&amp#27;[0m
]]></system-out>
    <system-err><![CDATA[SLF4J: Failed to load class "org.slf4j.impl.StaticLoggerBinder".
SLF4J: Defaulting to no-operation (NOP) logger implementation
SLF4J: See http://www.slf4j.org/codes.html#StaticLoggerBinder for further details.
Starting ChromeDriver 104.0.5112.79 (3cf3e8c8a07d104b9e1260c910efb8f383285dc5-refs/branch-heads/5112@{#1307}) on port 64934
Only local connections are allowed.
Please see https://chromedriver.chromium.org/security-considerations for suggestions on keeping ChromeDriver safe.
ChromeDriver was started successfully.
Aug. 15, 2022 1:42:58 P.M. org.openqa.selenium.remote.ProtocolHandshake createSession
INFO: Detected dialect: W3C
Aug. 15, 2022 1:42:59 P.M. org.openqa.selenium.devtools.CdpVersionFinder findNearestMatch
WARNING: Unable to find an exact match for CDP version 104, so returning the closest version found: a no-op implementation
Aug. 15, 2022 1:42:59 P.M. org.openqa.selenium.devtools.CdpVersionFinder findNearestMatch
INFO: Unable to find CDP implementation matching 104.
Aug. 15, 2022 1:42:59 P.M. org.openqa.selenium.chromium.ChromiumDriver lambda$new$3
WARNING: Unable to find version of CDP to use for . You may need to include a dependency on a specific version of the CDP using something similar to `org.seleniumhq.selenium:selenium-devtools-v86:4.1.3` where the version ("v86") matches the version of the chromium-based browser you're using and the version number of the artifact is the same as Selenium's.
[1660585380.879][SEVERE]: Unable to receive message from renderer
]]></system-err>
  </testcase>
  <testcase name="TC001 Password uzunlugu 7den kucukse Password Strength seviyesinin degistigi gorulmeli #1" classname="US003 Password Strength" time="0">
    <error message="no such window: target window already closed&#10;from unknown error: web view not found&#10;  (Session info: chrome=104.0.5112.81)&#10;Build info: version: &apos;4.1.3&apos;, revision: &apos;7b1ebf28ef&apos;&#10;System info: host: &apos;RICHMOND&apos;, ip: &apos;192.168.0.139&apos;, os.name: &apos;Windows 11&apos;, os.arch: &apos;amd64&apos;, os.version: &apos;10.0&apos;, java.version: &apos;11.0.16&apos;&#10;Driver info: org.openqa.selenium.chrome.ChromeDriver&#10;Command: [cfa2d4db25005f1e18ced2b5c985e26e, maximizeCurrentWindow {}]&#10;Capabilities {acceptInsecureCerts: false, browserName: chrome, browserVersion: 104.0.5112.81, chrome: {chromedriverVersion: 104.0.5112.79 (3cf3e8c8a07d..., userDataDir: C:\Users\bmana\AppData\Loca...}, goog:chromeOptions: {debuggerAddress: localhost:60024}, javascriptEnabled: true, networkConnectionEnabled: false, pageLoadStrategy: normal, platform: WINDOWS, platformName: WINDOWS, proxy: Proxy(), se:cdp: ws://localhost:60024/devtoo..., se:cdpVersion: 104.0.5112.81, setWindowRect: true, strictFileInteractability: false, timeouts: {implicit: 0, pageLoad: 300000, script: 30000}, unhandledPromptBehavior: dismiss and notify, webauthn:extension:credBlob: true, webauthn:extension:largeBlob: true, webauthn:virtualAuthenticators: true}&#10;Session ID: cfa2d4db25005f1e18ced2b5c985e26e" type="org.openqa.selenium.NoSuchWindowException">org.openqa.selenium.NoSuchWindowException: 
no such window: target window already closed
from unknown error: web view not found
  (Session info: chrome=104.0.5112.81)
Build info: version: '4.1.3', revision: '7b1ebf28ef'
System info: host: 'RICHMOND', ip: '192.168.0.139', os.name: 'Windows 11', os.arch: 'amd64', os.version: '10.0', java.version: '11.0.16'
Driver info: org.openqa.selenium.chrome.ChromeDriver
Command: [cfa2d4db25005f1e18ced2b5c985e26e, maximizeCurrentWindow {}]
Capabilities {acceptInsecureCerts: false, browserName: chrome, browserVersion: 104.0.5112.81, chrome: {chromedriverVersion: 104.0.5112.79 (3cf3e8c8a07d..., userDataDir: C:\Users\bmana\AppData\Loca...}, goog:chromeOptions: {debuggerAddress: localhost:60024}, javascriptEnabled: true, networkConnectionEnabled: false, pageLoadStrategy: normal, platform: WINDOWS, platformName: WINDOWS, proxy: Proxy(), se:cdp: ws://localhost:60024/devtoo..., se:cdpVersion: 104.0.5112.81, setWindowRect: true, strictFileInteractability: false, timeouts: {implicit: 0, pageLoad: 300000, script: 30000}, unhandledPromptBehavior: dismiss and notify, webauthn:extension:credBlob: true, webauthn:extension:largeBlob: true, webauthn:virtualAuthenticators: true}
Session ID: cfa2d4db25005f1e18ced2b5c985e26e
</error>
  </testcase>
  <testcase name="TC001 Password uzunlugu 7den kucukse Password Strength seviyesinin degistigi gorulmeli #2" classname="US003 Password Strength" time="0.382">
    <error message="Failed to instantiate class stepDefinitions.uiSteps.OrtakClass" type="io.cucumber.core.exception.CucumberException">io.cucumber.core.exception.CucumberException: Failed to instantiate class stepDefinitions.uiSteps.OrtakClass
Caused by: java.lang.reflect.InvocationTargetException
Caused by: org.openqa.selenium.NoSuchWindowException: 
no such window: target window already closed
from unknown error: web view not found
  (Session info: chrome=104.0.5112.81)
Build info: version: '4.1.3', revision: '7b1ebf28ef'
System info: host: 'RICHMOND', ip: '192.168.0.139', os.name: 'Windows 11', os.arch: 'amd64', os.version: '10.0', java.version: '11.0.16'
Driver info: org.openqa.selenium.chrome.ChromeDriver
Command: [cfa2d4db25005f1e18ced2b5c985e26e, maximizeCurrentWindow {}]
Capabilities {acceptInsecureCerts: false, browserName: chrome, browserVersion: 104.0.5112.81, chrome: {chromedriverVersion: 104.0.5112.79 (3cf3e8c8a07d..., userDataDir: C:\Users\bmana\AppData\Loca...}, goog:chromeOptions: {debuggerAddress: localhost:60024}, javascriptEnabled: true, networkConnectionEnabled: false, pageLoadStrategy: normal, platform: WINDOWS, platformName: WINDOWS, proxy: Proxy(), se:cdp: ws://localhost:60024/devtoo..., se:cdpVersion: 104.0.5112.81, setWindowRect: true, strictFileInteractability: false, timeouts: {implicit: 0, pageLoad: 300000, script: 30000}, unhandledPromptBehavior: dismiss and notify, webauthn:extension:credBlob: true, webauthn:extension:largeBlob: true, webauthn:virtualAuthenticators: true}
Session ID: cfa2d4db25005f1e18ced2b5c985e26e
</error>
    <system-out><![CDATA[
@us003
Scenario Outline: TC001 Password uzunlugu 7den kucukse Password Strength seviyesinin degistigi gorulmeli &amp#27;[90m# src/test/resources/features/UIFeatures/US003_PasswordStrength.feature:16&amp#27;[0m
  &amp#27;[31mGiven &amp#27;[0m&amp#27;[31muser &amp#27;[0m&amp#27;[31m&amp#27;[1m"medunnaUrl"&amp#27;[0m&amp#27;[31m anasayfasinda&amp#27;[0m                                                                  &amp#27;[90m# stepDefinitions.uiSteps.OrtakClass.user_anasayfasinda(java.lang.String)&amp#27;[0m
      &amp#27;[31mio.cucumber.core.exception.CucumberException: Failed to instantiate class stepDefinitions.uiSteps.OrtakClass
	at io.cucumber.core.backend.DefaultObjectFactory.cacheNewInstance(DefaultObjectFactory.java:67)
	at io.cucumber.core.backend.DefaultObjectFactory.getInstance(DefaultObjectFactory.java:45)
	at io.cucumber.java.AbstractGlueDefinition.invokeMethod(AbstractGlueDefinition.java:47)
	at io.cucumber.java.JavaStepDefinition.execute(JavaStepDefinition.java:29)
	at io.cucumber.core.runner.CoreStepDefinition.execute(CoreStepDefinition.java:66)
	at io.cucumber.core.runner.PickleStepDefinitionMatch.runStep(PickleStepDefinitionMatch.java:63)
	at io.cucumber.core.runner.ExecutionMode$1.execute(ExecutionMode.java:10)
	at io.cucumber.core.runner.TestStep.executeStep(TestStep.java:86)
	at io.cucumber.core.runner.TestStep.run(TestStep.java:57)
	at io.cucumber.core.runner.PickleStepTestStep.run(PickleStepTestStep.java:51)
	at io.cucumber.core.runner.TestCase.run(TestCase.java:95)
	at io.cucumber.core.runner.Runner.runPickle(Runner.java:75)
	at io.cucumber.junit.PickleRunners$NoStepDescriptions.lambda$run$0(PickleRunners.java:151)
	at io.cucumber.core.runtime.CucumberExecutionContext.lambda$runTestCase$3(CucumberExecutionContext.java:151)
	at io.cucumber.core.runtime.RethrowingThrowableCollector.executeAndThrow(RethrowingThrowableCollector.java:23)
	at io.cucumber.core.runtime.CucumberExecutionContext.runTestCase(CucumberExecutionContext.java:151)
	at io.cucumber.junit.PickleRunners$NoStepDescriptions.run(PickleRunners.java:148)
	at io.cucumber.junit.FeatureRunner.runChild(FeatureRunner.java:144)
	at io.cucumber.junit.FeatureRunner.runChild(FeatureRunner.java:28)
	at org.junit.runners.ParentRunner$4.run(ParentRunner.java:331)
	at org.junit.runners.ParentRunner$1.schedule(ParentRunner.java:79)
	at org.junit.runners.ParentRunner.runChildren(ParentRunner.java:329)
	at org.junit.runners.ParentRunner.access$100(ParentRunner.java:66)
	at org.junit.runners.ParentRunner$2.evaluate(ParentRunner.java:293)
	at org.junit.runners.ParentRunner$3.evaluate(ParentRunner.java:306)
	at org.junit.runners.ParentRunner.run(ParentRunner.java:413)
	at io.cucumber.junit.FeatureRunner.run(FeatureRunner.java:137)
	at io.cucumber.junit.Cucumber.runChild(Cucumber.java:196)
	at io.cucumber.junit.Cucumber.runChild(Cucumber.java:89)
	at org.junit.runners.ParentRunner$4.run(ParentRunner.java:331)
	at org.apache.maven.surefire.junitcore.pc.Scheduler$1.run(Scheduler.java:405)
	at org.apache.maven.surefire.junitcore.pc.InvokerStrategy.schedule(InvokerStrategy.java:54)
	at org.apache.maven.surefire.junitcore.pc.Scheduler.schedule(Scheduler.java:362)
	at org.junit.runners.ParentRunner.runChildren(ParentRunner.java:329)
	at org.junit.runners.ParentRunner.access$100(ParentRunner.java:66)
	at org.junit.runners.ParentRunner$2.evaluate(ParentRunner.java:293)
	at io.cucumber.junit.Cucumber$RunBeforeAllHooks.evaluate(Cucumber.java:266)
	at io.cucumber.junit.Cucumber$RunAfterAllHooks.evaluate(Cucumber.java:281)
	at io.cucumber.junit.Cucumber$StartTestRun.evaluate(Cucumber.java:233)
	at io.cucumber.junit.Cucumber$FinishTestRun.evaluate(Cucumber.java:248)
	at org.junit.runners.ParentRunner$3.evaluate(ParentRunner.java:306)
	at org.junit.runners.ParentRunner.run(ParentRunner.java:413)
	at org.junit.runners.Suite.runChild(Suite.java:128)
	at org.junit.runners.Suite.runChild(Suite.java:27)
	at org.junit.runners.ParentRunner$4.run(ParentRunner.java:331)
	at org.apache.maven.surefire.junitcore.pc.Scheduler$1.run(Scheduler.java:405)
	at java.base/java.util.concurrent.Executors$RunnableAdapter.call(Executors.java:515)
	at java.base/java.util.concurrent.FutureTask.run(FutureTask.java:264)
	at java.base/java.util.concurrent.ThreadPoolExecutor.runWorker(ThreadPoolExecutor.java:1128)
	at java.base/java.util.concurrent.ThreadPoolExecutor$Worker.run(ThreadPoolExecutor.java:628)
	at java.base/java.lang.Thread.run(Thread.java:829)
Caused by: java.lang.reflect.InvocationTargetException
	at java.base/jdk.internal.reflect.NativeConstructorAccessorImpl.newInstance0(Native Method)
	at java.base/jdk.internal.reflect.NativeConstructorAccessorImpl.newInstance(NativeConstructorAccessorImpl.java:62)
	at java.base/jdk.internal.reflect.DelegatingConstructorAccessorImpl.newInstance(DelegatingConstructorAccessorImpl.java:45)
	at java.base/java.lang.reflect.Constructor.newInstance(Constructor.java:490)
	at io.cucumber.core.backend.DefaultObjectFactory.cacheNewInstance(DefaultObjectFactory.java:53)
	... 50 more
Caused by: org.openqa.selenium.NoSuchWindowException: no such window: target window already closed
from unknown error: web view not found
  (Session info: chrome=104.0.5112.81)
Build info: version: '4.1.3', revision: '7b1ebf28ef'
System info: host: 'RICHMOND', ip: '192.168.0.139', os.name: 'Windows 11', os.arch: 'amd64', os.version: '10.0', java.version: '11.0.16'
Driver info: org.openqa.selenium.chrome.ChromeDriver
Command: [cfa2d4db25005f1e18ced2b5c985e26e, maximizeCurrentWindow {}]
Capabilities {acceptInsecureCerts: false, browserName: chrome, browserVersion: 104.0.5112.81, chrome: {chromedriverVersion: 104.0.5112.79 (3cf3e8c8a07d..., userDataDir: C:\Users\bmana\AppData\Loca...}, goog:chromeOptions: {debuggerAddress: localhost:60024}, javascriptEnabled: true, networkConnectionEnabled: false, pageLoadStrategy: normal, platform: WINDOWS, platformName: WINDOWS, proxy: Proxy(), se:cdp: ws://localhost:60024/devtoo..., se:cdpVersion: 104.0.5112.81, setWindowRect: true, strictFileInteractability: false, timeouts: {implicit: 0, pageLoad: 300000, script: 30000}, unhandledPromptBehavior: dismiss and notify, webauthn:extension:credBlob: true, webauthn:extension:largeBlob: true, webauthn:virtualAuthenticators: true}
Session ID: cfa2d4db25005f1e18ced2b5c985e26e
	at java.base/jdk.internal.reflect.NativeConstructorAccessorImpl.newInstance0(Native Method)
	at java.base/jdk.internal.reflect.NativeConstructorAccessorImpl.newInstance(NativeConstructorAccessorImpl.java:62)
	at java.base/jdk.internal.reflect.DelegatingConstructorAccessorImpl.newInstance(DelegatingConstructorAccessorImpl.java:45)
	at java.base/java.lang.reflect.Constructor.newInstance(Constructor.java:490)
	at org.openqa.selenium.remote.codec.w3c.W3CHttpResponseCodec.createException(W3CHttpResponseCodec.java:200)
	at org.openqa.selenium.remote.codec.w3c.W3CHttpResponseCodec.decode(W3CHttpResponseCodec.java:133)
	at org.openqa.selenium.remote.codec.w3c.W3CHttpResponseCodec.decode(W3CHttpResponseCodec.java:53)
	at org.openqa.selenium.remote.HttpCommandExecutor.execute(HttpCommandExecutor.java:184)
	at org.openqa.selenium.remote.service.DriverCommandExecutor.invokeExecute(DriverCommandExecutor.java:167)
	at org.openqa.selenium.remote.service.DriverCommandExecutor.execute(DriverCommandExecutor.java:142)
	at org.openqa.selenium.remote.RemoteWebDriver.execute(RemoteWebDriver.java:567)
	at org.openqa.selenium.remote.RemoteWebDriver.execute(RemoteWebDriver.java:622)
	at org.openqa.selenium.remote.RemoteWebDriver.execute(RemoteWebDriver.java:626)
	at org.openqa.selenium.remote.RemoteWebDriver$RemoteWebDriverOptions$RemoteWindow.maximize(RemoteWebDriver.java:993)
	at utilities.Driver.getDriver(Driver.java:56)
	at pages.OrtakLocatePages.<init>(OrtakLocatePages.java:9)
	at stepDefinitions.uiSteps.OrtakClass.<init>(OrtakClass.java:11)
	... 55 more
&amp#27;[0m
  &amp#27;[36mThen &amp#27;[0m&amp#27;[36muser user sembolune tiklar&amp#27;[0m                                                                        &amp#27;[90m# stepDefinitions.uiSteps.OrtakClass.user_user_sembolune_tiklar()&amp#27;[0m
  &amp#27;[36mAnd &amp#27;[0m&amp#27;[36mkullanici register butonuna basar&amp#27;[0m                                                                  &amp#27;[90m# stepDefinitions.uiSteps.US003.kullaniciRegisterButonunaBasar()&amp#27;[0m
  &amp#27;[36mAnd &amp#27;[0m&amp#27;[36mkucuk harf &amp#27;[0m&amp#27;[36m&amp#27;[1m"aa"&amp#27;[0m&amp#27;[36m eklenince password strength kontrol eder&amp#27;[0m                                           &amp#27;[90m# stepDefinitions.uiSteps.US003.kucukHarfEklenincePasswordStrengthKontrolEder(java.lang.String)&amp#27;[0m
  &amp#27;[36mAnd &amp#27;[0m&amp#27;[36mbuyuk harf &amp#27;[0m&amp#27;[36m&amp#27;[1m"AA"&amp#27;[0m&amp#27;[36m eklenince password strength kontrol eder&amp#27;[0m                                           &amp#27;[90m# stepDefinitions.uiSteps.US003.buyukHarfEklenincePasswordStrengthKontrolEder(java.lang.String)&amp#27;[0m
  &amp#27;[36mAnd &amp#27;[0m&amp#27;[36m&amp#27;[0m&amp#27;[36m&amp#27;[1m"55"&amp#27;[0m&amp#27;[36m eklenince password strength kontrol eder&amp#27;[0m                                                      &amp#27;[90m# stepDefinitions.uiSteps.US003.eklenincePasswordStrengthKontrolEder(java.lang.String)&amp#27;[0m
  &amp#27;[36mAnd &amp#27;[0m&amp#27;[36mozel karakter &amp#27;[0m&amp#27;[36m&amp#27;[1m"*"&amp#27;[0m&amp#27;[36m password strength kontrol eder&amp#27;[0m                                                   &amp#27;[90m# stepDefinitions.uiSteps.US003.ozelKarakterPasswordStrengthKontrolEder(java.lang.String)&amp#27;[0m
      &amp#27;[31morg.openqa.selenium.NoSuchWindowException: no such window: target window already closed
from unknown error: web view not found
  (Session info: chrome=104.0.5112.81)
Build info: version: '4.1.3', revision: '7b1ebf28ef'
System info: host: 'RICHMOND', ip: '192.168.0.139', os.name: 'Windows 11', os.arch: 'amd64', os.version: '10.0', java.version: '11.0.16'
Driver info: org.openqa.selenium.chrome.ChromeDriver
Command: [cfa2d4db25005f1e18ced2b5c985e26e, maximizeCurrentWindow {}]
Capabilities {acceptInsecureCerts: false, browserName: chrome, browserVersion: 104.0.5112.81, chrome: {chromedriverVersion: 104.0.5112.79 (3cf3e8c8a07d..., userDataDir: C:\Users\bmana\AppData\Loca...}, goog:chromeOptions: {debuggerAddress: localhost:60024}, javascriptEnabled: true, networkConnectionEnabled: false, pageLoadStrategy: normal, platform: WINDOWS, platformName: WINDOWS, proxy: Proxy(), se:cdp: ws://localhost:60024/devtoo..., se:cdpVersion: 104.0.5112.81, setWindowRect: true, strictFileInteractability: false, timeouts: {implicit: 0, pageLoad: 300000, script: 30000}, unhandledPromptBehavior: dismiss and notify, webauthn:extension:credBlob: true, webauthn:extension:largeBlob: true, webauthn:virtualAuthenticators: true}
Session ID: cfa2d4db25005f1e18ced2b5c985e26e
	at java.base/jdk.internal.reflect.NativeConstructorAccessorImpl.newInstance0(Native Method)
	at java.base/jdk.internal.reflect.NativeConstructorAccessorImpl.newInstance(NativeConstructorAccessorImpl.java:62)
	at java.base/jdk.internal.reflect.DelegatingConstructorAccessorImpl.newInstance(DelegatingConstructorAccessorImpl.java:45)
	at java.base/java.lang.reflect.Constructor.newInstance(Constructor.java:490)
	at org.openqa.selenium.remote.codec.w3c.W3CHttpResponseCodec.createException(W3CHttpResponseCodec.java:200)
	at org.openqa.selenium.remote.codec.w3c.W3CHttpResponseCodec.decode(W3CHttpResponseCodec.java:133)
	at org.openqa.selenium.remote.codec.w3c.W3CHttpResponseCodec.decode(W3CHttpResponseCodec.java:53)
	at org.openqa.selenium.remote.HttpCommandExecutor.execute(HttpCommandExecutor.java:184)
	at org.openqa.selenium.remote.service.DriverCommandExecutor.invokeExecute(DriverCommandExecutor.java:167)
	at org.openqa.selenium.remote.service.DriverCommandExecutor.execute(DriverCommandExecutor.java:142)
	at org.openqa.selenium.remote.RemoteWebDriver.execute(RemoteWebDriver.java:567)
	at org.openqa.selenium.remote.RemoteWebDriver.execute(RemoteWebDriver.java:622)
	at org.openqa.selenium.remote.RemoteWebDriver.execute(RemoteWebDriver.java:626)
	at org.openqa.selenium.remote.RemoteWebDriver$RemoteWebDriverOptions$RemoteWindow.maximize(RemoteWebDriver.java:993)
	at utilities.Driver.getDriver(Driver.java:56)
	at hooks.Hooks.tearDown(Hooks.java:13)
&amp#27;[0m
]]></system-out>
  </testcase>
  <testcase name="TC001 Password uzunlugu 7den kucukse Password Strength seviyesinin degistigi gorulmeli #2" classname="US003 Password Strength" time="0">
    <error message="no such window: target window already closed&#10;from unknown error: web view not found&#10;  (Session info: chrome=104.0.5112.81)&#10;Build info: version: &apos;4.1.3&apos;, revision: &apos;7b1ebf28ef&apos;&#10;System info: host: &apos;RICHMOND&apos;, ip: &apos;192.168.0.139&apos;, os.name: &apos;Windows 11&apos;, os.arch: &apos;amd64&apos;, os.version: &apos;10.0&apos;, java.version: &apos;11.0.16&apos;&#10;Driver info: org.openqa.selenium.chrome.ChromeDriver&#10;Command: [cfa2d4db25005f1e18ced2b5c985e26e, maximizeCurrentWindow {}]&#10;Capabilities {acceptInsecureCerts: false, browserName: chrome, browserVersion: 104.0.5112.81, chrome: {chromedriverVersion: 104.0.5112.79 (3cf3e8c8a07d..., userDataDir: C:\Users\bmana\AppData\Loca...}, goog:chromeOptions: {debuggerAddress: localhost:60024}, javascriptEnabled: true, networkConnectionEnabled: false, pageLoadStrategy: normal, platform: WINDOWS, platformName: WINDOWS, proxy: Proxy(), se:cdp: ws://localhost:60024/devtoo..., se:cdpVersion: 104.0.5112.81, setWindowRect: true, strictFileInteractability: false, timeouts: {implicit: 0, pageLoad: 300000, script: 30000}, unhandledPromptBehavior: dismiss and notify, webauthn:extension:credBlob: true, webauthn:extension:largeBlob: true, webauthn:virtualAuthenticators: true}&#10;Session ID: cfa2d4db25005f1e18ced2b5c985e26e" type="org.openqa.selenium.NoSuchWindowException">org.openqa.selenium.NoSuchWindowException: 
no such window: target window already closed
from unknown error: web view not found
  (Session info: chrome=104.0.5112.81)
Build info: version: '4.1.3', revision: '7b1ebf28ef'
System info: host: 'RICHMOND', ip: '192.168.0.139', os.name: 'Windows 11', os.arch: 'amd64', os.version: '10.0', java.version: '11.0.16'
Driver info: org.openqa.selenium.chrome.ChromeDriver
Command: [cfa2d4db25005f1e18ced2b5c985e26e, maximizeCurrentWindow {}]
Capabilities {acceptInsecureCerts: false, browserName: chrome, browserVersion: 104.0.5112.81, chrome: {chromedriverVersion: 104.0.5112.79 (3cf3e8c8a07d..., userDataDir: C:\Users\bmana\AppData\Loca...}, goog:chromeOptions: {debuggerAddress: localhost:60024}, javascriptEnabled: true, networkConnectionEnabled: false, pageLoadStrategy: normal, platform: WINDOWS, platformName: WINDOWS, proxy: Proxy(), se:cdp: ws://localhost:60024/devtoo..., se:cdpVersion: 104.0.5112.81, setWindowRect: true, strictFileInteractability: false, timeouts: {implicit: 0, pageLoad: 300000, script: 30000}, unhandledPromptBehavior: dismiss and notify, webauthn:extension:credBlob: true, webauthn:extension:largeBlob: true, webauthn:virtualAuthenticators: true}
Session ID: cfa2d4db25005f1e18ced2b5c985e26e
</error>
  </testcase>
  <testcase name="TC001 Password uzunlugu 7den kucukse Password Strength seviyesinin degistigi gorulmeli #3" classname="US003 Password Strength" time="0.329">
    <error message="Failed to instantiate class stepDefinitions.uiSteps.OrtakClass" type="io.cucumber.core.exception.CucumberException">io.cucumber.core.exception.CucumberException: Failed to instantiate class stepDefinitions.uiSteps.OrtakClass
Caused by: java.lang.reflect.InvocationTargetException
Caused by: org.openqa.selenium.NoSuchWindowException: 
no such window: target window already closed
from unknown error: web view not found
  (Session info: chrome=104.0.5112.81)
Build info: version: '4.1.3', revision: '7b1ebf28ef'
System info: host: 'RICHMOND', ip: '192.168.0.139', os.name: 'Windows 11', os.arch: 'amd64', os.version: '10.0', java.version: '11.0.16'
Driver info: org.openqa.selenium.chrome.ChromeDriver
Command: [cfa2d4db25005f1e18ced2b5c985e26e, maximizeCurrentWindow {}]
Capabilities {acceptInsecureCerts: false, browserName: chrome, browserVersion: 104.0.5112.81, chrome: {chromedriverVersion: 104.0.5112.79 (3cf3e8c8a07d..., userDataDir: C:\Users\bmana\AppData\Loca...}, goog:chromeOptions: {debuggerAddress: localhost:60024}, javascriptEnabled: true, networkConnectionEnabled: false, pageLoadStrategy: normal, platform: WINDOWS, platformName: WINDOWS, proxy: Proxy(), se:cdp: ws://localhost:60024/devtoo..., se:cdpVersion: 104.0.5112.81, setWindowRect: true, strictFileInteractability: false, timeouts: {implicit: 0, pageLoad: 300000, script: 30000}, unhandledPromptBehavior: dismiss and notify, webauthn:extension:credBlob: true, webauthn:extension:largeBlob: true, webauthn:virtualAuthenticators: true}
Session ID: cfa2d4db25005f1e18ced2b5c985e26e
</error>
    <system-out><![CDATA[
@us003
Scenario Outline: TC001 Password uzunlugu 7den kucukse Password Strength seviyesinin degistigi gorulmeli &amp#27;[90m# src/test/resources/features/UIFeatures/US003_PasswordStrength.feature:17&amp#27;[0m
  &amp#27;[31mGiven &amp#27;[0m&amp#27;[31muser &amp#27;[0m&amp#27;[31m&amp#27;[1m"medunnaUrl"&amp#27;[0m&amp#27;[31m anasayfasinda&amp#27;[0m                                                                  &amp#27;[90m# stepDefinitions.uiSteps.OrtakClass.user_anasayfasinda(java.lang.String)&amp#27;[0m
      &amp#27;[31mio.cucumber.core.exception.CucumberException: Failed to instantiate class stepDefinitions.uiSteps.OrtakClass
	at io.cucumber.core.backend.DefaultObjectFactory.cacheNewInstance(DefaultObjectFactory.java:67)
	at io.cucumber.core.backend.DefaultObjectFactory.getInstance(DefaultObjectFactory.java:45)
	at io.cucumber.java.AbstractGlueDefinition.invokeMethod(AbstractGlueDefinition.java:47)
	at io.cucumber.java.JavaStepDefinition.execute(JavaStepDefinition.java:29)
	at io.cucumber.core.runner.CoreStepDefinition.execute(CoreStepDefinition.java:66)
	at io.cucumber.core.runner.PickleStepDefinitionMatch.runStep(PickleStepDefinitionMatch.java:63)
	at io.cucumber.core.runner.ExecutionMode$1.execute(ExecutionMode.java:10)
	at io.cucumber.core.runner.TestStep.executeStep(TestStep.java:86)
	at io.cucumber.core.runner.TestStep.run(TestStep.java:57)
	at io.cucumber.core.runner.PickleStepTestStep.run(PickleStepTestStep.java:51)
	at io.cucumber.core.runner.TestCase.run(TestCase.java:95)
	at io.cucumber.core.runner.Runner.runPickle(Runner.java:75)
	at io.cucumber.junit.PickleRunners$NoStepDescriptions.lambda$run$0(PickleRunners.java:151)
	at io.cucumber.core.runtime.CucumberExecutionContext.lambda$runTestCase$3(CucumberExecutionContext.java:151)
	at io.cucumber.core.runtime.RethrowingThrowableCollector.executeAndThrow(RethrowingThrowableCollector.java:23)
	at io.cucumber.core.runtime.CucumberExecutionContext.runTestCase(CucumberExecutionContext.java:151)
	at io.cucumber.junit.PickleRunners$NoStepDescriptions.run(PickleRunners.java:148)
	at io.cucumber.junit.FeatureRunner.runChild(FeatureRunner.java:144)
	at io.cucumber.junit.FeatureRunner.runChild(FeatureRunner.java:28)
	at org.junit.runners.ParentRunner$4.run(ParentRunner.java:331)
	at org.junit.runners.ParentRunner$1.schedule(ParentRunner.java:79)
	at org.junit.runners.ParentRunner.runChildren(ParentRunner.java:329)
	at org.junit.runners.ParentRunner.access$100(ParentRunner.java:66)
	at org.junit.runners.ParentRunner$2.evaluate(ParentRunner.java:293)
	at org.junit.runners.ParentRunner$3.evaluate(ParentRunner.java:306)
	at org.junit.runners.ParentRunner.run(ParentRunner.java:413)
	at io.cucumber.junit.FeatureRunner.run(FeatureRunner.java:137)
	at io.cucumber.junit.Cucumber.runChild(Cucumber.java:196)
	at io.cucumber.junit.Cucumber.runChild(Cucumber.java:89)
	at org.junit.runners.ParentRunner$4.run(ParentRunner.java:331)
	at org.apache.maven.surefire.junitcore.pc.Scheduler$1.run(Scheduler.java:405)
	at org.apache.maven.surefire.junitcore.pc.InvokerStrategy.schedule(InvokerStrategy.java:54)
	at org.apache.maven.surefire.junitcore.pc.Scheduler.schedule(Scheduler.java:362)
	at org.junit.runners.ParentRunner.runChildren(ParentRunner.java:329)
	at org.junit.runners.ParentRunner.access$100(ParentRunner.java:66)
	at org.junit.runners.ParentRunner$2.evaluate(ParentRunner.java:293)
	at io.cucumber.junit.Cucumber$RunBeforeAllHooks.evaluate(Cucumber.java:266)
	at io.cucumber.junit.Cucumber$RunAfterAllHooks.evaluate(Cucumber.java:281)
	at io.cucumber.junit.Cucumber$StartTestRun.evaluate(Cucumber.java:233)
	at io.cucumber.junit.Cucumber$FinishTestRun.evaluate(Cucumber.java:248)
	at org.junit.runners.ParentRunner$3.evaluate(ParentRunner.java:306)
	at org.junit.runners.ParentRunner.run(ParentRunner.java:413)
	at org.junit.runners.Suite.runChild(Suite.java:128)
	at org.junit.runners.Suite.runChild(Suite.java:27)
	at org.junit.runners.ParentRunner$4.run(ParentRunner.java:331)
	at org.apache.maven.surefire.junitcore.pc.Scheduler$1.run(Scheduler.java:405)
	at java.base/java.util.concurrent.Executors$RunnableAdapter.call(Executors.java:515)
	at java.base/java.util.concurrent.FutureTask.run(FutureTask.java:264)
	at java.base/java.util.concurrent.ThreadPoolExecutor.runWorker(ThreadPoolExecutor.java:1128)
	at java.base/java.util.concurrent.ThreadPoolExecutor$Worker.run(ThreadPoolExecutor.java:628)
	at java.base/java.lang.Thread.run(Thread.java:829)
Caused by: java.lang.reflect.InvocationTargetException
	at java.base/jdk.internal.reflect.NativeConstructorAccessorImpl.newInstance0(Native Method)
	at java.base/jdk.internal.reflect.NativeConstructorAccessorImpl.newInstance(NativeConstructorAccessorImpl.java:62)
	at java.base/jdk.internal.reflect.DelegatingConstructorAccessorImpl.newInstance(DelegatingConstructorAccessorImpl.java:45)
	at java.base/java.lang.reflect.Constructor.newInstance(Constructor.java:490)
	at io.cucumber.core.backend.DefaultObjectFactory.cacheNewInstance(DefaultObjectFactory.java:53)
	... 50 more
Caused by: org.openqa.selenium.NoSuchWindowException: no such window: target window already closed
from unknown error: web view not found
  (Session info: chrome=104.0.5112.81)
Build info: version: '4.1.3', revision: '7b1ebf28ef'
System info: host: 'RICHMOND', ip: '192.168.0.139', os.name: 'Windows 11', os.arch: 'amd64', os.version: '10.0', java.version: '11.0.16'
Driver info: org.openqa.selenium.chrome.ChromeDriver
Command: [cfa2d4db25005f1e18ced2b5c985e26e, maximizeCurrentWindow {}]
Capabilities {acceptInsecureCerts: false, browserName: chrome, browserVersion: 104.0.5112.81, chrome: {chromedriverVersion: 104.0.5112.79 (3cf3e8c8a07d..., userDataDir: C:\Users\bmana\AppData\Loca...}, goog:chromeOptions: {debuggerAddress: localhost:60024}, javascriptEnabled: true, networkConnectionEnabled: false, pageLoadStrategy: normal, platform: WINDOWS, platformName: WINDOWS, proxy: Proxy(), se:cdp: ws://localhost:60024/devtoo..., se:cdpVersion: 104.0.5112.81, setWindowRect: true, strictFileInteractability: false, timeouts: {implicit: 0, pageLoad: 300000, script: 30000}, unhandledPromptBehavior: dismiss and notify, webauthn:extension:credBlob: true, webauthn:extension:largeBlob: true, webauthn:virtualAuthenticators: true}
Session ID: cfa2d4db25005f1e18ced2b5c985e26e
	at java.base/jdk.internal.reflect.NativeConstructorAccessorImpl.newInstance0(Native Method)
	at java.base/jdk.internal.reflect.NativeConstructorAccessorImpl.newInstance(NativeConstructorAccessorImpl.java:62)
	at java.base/jdk.internal.reflect.DelegatingConstructorAccessorImpl.newInstance(DelegatingConstructorAccessorImpl.java:45)
	at java.base/java.lang.reflect.Constructor.newInstance(Constructor.java:490)
	at org.openqa.selenium.remote.codec.w3c.W3CHttpResponseCodec.createException(W3CHttpResponseCodec.java:200)
	at org.openqa.selenium.remote.codec.w3c.W3CHttpResponseCodec.decode(W3CHttpResponseCodec.java:133)
	at org.openqa.selenium.remote.codec.w3c.W3CHttpResponseCodec.decode(W3CHttpResponseCodec.java:53)
	at org.openqa.selenium.remote.HttpCommandExecutor.execute(HttpCommandExecutor.java:184)
	at org.openqa.selenium.remote.service.DriverCommandExecutor.invokeExecute(DriverCommandExecutor.java:167)
	at org.openqa.selenium.remote.service.DriverCommandExecutor.execute(DriverCommandExecutor.java:142)
	at org.openqa.selenium.remote.RemoteWebDriver.execute(RemoteWebDriver.java:567)
	at org.openqa.selenium.remote.RemoteWebDriver.execute(RemoteWebDriver.java:622)
	at org.openqa.selenium.remote.RemoteWebDriver.execute(RemoteWebDriver.java:626)
	at org.openqa.selenium.remote.RemoteWebDriver$RemoteWebDriverOptions$RemoteWindow.maximize(RemoteWebDriver.java:993)
	at utilities.Driver.getDriver(Driver.java:56)
	at pages.OrtakLocatePages.<init>(OrtakLocatePages.java:9)
	at stepDefinitions.uiSteps.OrtakClass.<init>(OrtakClass.java:11)
	... 55 more
&amp#27;[0m
  &amp#27;[36mThen &amp#27;[0m&amp#27;[36muser user sembolune tiklar&amp#27;[0m                                                                        &amp#27;[90m# stepDefinitions.uiSteps.OrtakClass.user_user_sembolune_tiklar()&amp#27;[0m
  &amp#27;[36mAnd &amp#27;[0m&amp#27;[36mkullanici register butonuna basar&amp#27;[0m                                                                  &amp#27;[90m# stepDefinitions.uiSteps.US003.kullaniciRegisterButonunaBasar()&amp#27;[0m
  &amp#27;[36mAnd &amp#27;[0m&amp#27;[36mkucuk harf &amp#27;[0m&amp#27;[36m&amp#27;[1m"aaa"&amp#27;[0m&amp#27;[36m eklenince password strength kontrol eder&amp#27;[0m                                          &amp#27;[90m# stepDefinitions.uiSteps.US003.kucukHarfEklenincePasswordStrengthKontrolEder(java.lang.String)&amp#27;[0m
  &amp#27;[36mAnd &amp#27;[0m&amp#27;[36mbuyuk harf &amp#27;[0m&amp#27;[36m&amp#27;[1m"AAA"&amp#27;[0m&amp#27;[36m eklenince password strength kontrol eder&amp#27;[0m                                          &amp#27;[90m# stepDefinitions.uiSteps.US003.buyukHarfEklenincePasswordStrengthKontrolEder(java.lang.String)&amp#27;[0m
  &amp#27;[36mAnd &amp#27;[0m&amp#27;[36m&amp#27;[0m&amp#27;[36m&amp#27;[1m"5"&amp#27;[0m&amp#27;[36m eklenince password strength kontrol eder&amp#27;[0m                                                       &amp#27;[90m# stepDefinitions.uiSteps.US003.eklenincePasswordStrengthKontrolEder(java.lang.String)&amp#27;[0m
  &amp#27;[36mAnd &amp#27;[0m&amp#27;[36mozel karakter &amp#27;[0m&amp#27;[36m&amp#27;[1m"*"&amp#27;[0m&amp#27;[36m password strength kontrol eder&amp#27;[0m                                                   &amp#27;[90m# stepDefinitions.uiSteps.US003.ozelKarakterPasswordStrengthKontrolEder(java.lang.String)&amp#27;[0m
      &amp#27;[31morg.openqa.selenium.NoSuchWindowException: no such window: target window already closed
from unknown error: web view not found
  (Session info: chrome=104.0.5112.81)
Build info: version: '4.1.3', revision: '7b1ebf28ef'
System info: host: 'RICHMOND', ip: '192.168.0.139', os.name: 'Windows 11', os.arch: 'amd64', os.version: '10.0', java.version: '11.0.16'
Driver info: org.openqa.selenium.chrome.ChromeDriver
Command: [cfa2d4db25005f1e18ced2b5c985e26e, maximizeCurrentWindow {}]
Capabilities {acceptInsecureCerts: false, browserName: chrome, browserVersion: 104.0.5112.81, chrome: {chromedriverVersion: 104.0.5112.79 (3cf3e8c8a07d..., userDataDir: C:\Users\bmana\AppData\Loca...}, goog:chromeOptions: {debuggerAddress: localhost:60024}, javascriptEnabled: true, networkConnectionEnabled: false, pageLoadStrategy: normal, platform: WINDOWS, platformName: WINDOWS, proxy: Proxy(), se:cdp: ws://localhost:60024/devtoo..., se:cdpVersion: 104.0.5112.81, setWindowRect: true, strictFileInteractability: false, timeouts: {implicit: 0, pageLoad: 300000, script: 30000}, unhandledPromptBehavior: dismiss and notify, webauthn:extension:credBlob: true, webauthn:extension:largeBlob: true, webauthn:virtualAuthenticators: true}
Session ID: cfa2d4db25005f1e18ced2b5c985e26e
	at java.base/jdk.internal.reflect.NativeConstructorAccessorImpl.newInstance0(Native Method)
	at java.base/jdk.internal.reflect.NativeConstructorAccessorImpl.newInstance(NativeConstructorAccessorImpl.java:62)
	at java.base/jdk.internal.reflect.DelegatingConstructorAccessorImpl.newInstance(DelegatingConstructorAccessorImpl.java:45)
	at java.base/java.lang.reflect.Constructor.newInstance(Constructor.java:490)
	at org.openqa.selenium.remote.codec.w3c.W3CHttpResponseCodec.createException(W3CHttpResponseCodec.java:200)
	at org.openqa.selenium.remote.codec.w3c.W3CHttpResponseCodec.decode(W3CHttpResponseCodec.java:133)
	at org.openqa.selenium.remote.codec.w3c.W3CHttpResponseCodec.decode(W3CHttpResponseCodec.java:53)
	at org.openqa.selenium.remote.HttpCommandExecutor.execute(HttpCommandExecutor.java:184)
	at org.openqa.selenium.remote.service.DriverCommandExecutor.invokeExecute(DriverCommandExecutor.java:167)
	at org.openqa.selenium.remote.service.DriverCommandExecutor.execute(DriverCommandExecutor.java:142)
	at org.openqa.selenium.remote.RemoteWebDriver.execute(RemoteWebDriver.java:567)
	at org.openqa.selenium.remote.RemoteWebDriver.execute(RemoteWebDriver.java:622)
	at org.openqa.selenium.remote.RemoteWebDriver.execute(RemoteWebDriver.java:626)
	at org.openqa.selenium.remote.RemoteWebDriver$RemoteWebDriverOptions$RemoteWindow.maximize(RemoteWebDriver.java:993)
	at utilities.Driver.getDriver(Driver.java:56)
	at hooks.Hooks.tearDown(Hooks.java:13)
&amp#27;[0m
]]></system-out>
  </testcase>
  <testcase name="TC001 Password uzunlugu 7den kucukse Password Strength seviyesinin degistigi gorulmeli #3" classname="US003 Password Strength" time="0">
    <error message="no such window: target window already closed&#10;from unknown error: web view not found&#10;  (Session info: chrome=104.0.5112.81)&#10;Build info: version: &apos;4.1.3&apos;, revision: &apos;7b1ebf28ef&apos;&#10;System info: host: &apos;RICHMOND&apos;, ip: &apos;192.168.0.139&apos;, os.name: &apos;Windows 11&apos;, os.arch: &apos;amd64&apos;, os.version: &apos;10.0&apos;, java.version: &apos;11.0.16&apos;&#10;Driver info: org.openqa.selenium.chrome.ChromeDriver&#10;Command: [cfa2d4db25005f1e18ced2b5c985e26e, maximizeCurrentWindow {}]&#10;Capabilities {acceptInsecureCerts: false, browserName: chrome, browserVersion: 104.0.5112.81, chrome: {chromedriverVersion: 104.0.5112.79 (3cf3e8c8a07d..., userDataDir: C:\Users\bmana\AppData\Loca...}, goog:chromeOptions: {debuggerAddress: localhost:60024}, javascriptEnabled: true, networkConnectionEnabled: false, pageLoadStrategy: normal, platform: WINDOWS, platformName: WINDOWS, proxy: Proxy(), se:cdp: ws://localhost:60024/devtoo..., se:cdpVersion: 104.0.5112.81, setWindowRect: true, strictFileInteractability: false, timeouts: {implicit: 0, pageLoad: 300000, script: 30000}, unhandledPromptBehavior: dismiss and notify, webauthn:extension:credBlob: true, webauthn:extension:largeBlob: true, webauthn:virtualAuthenticators: true}&#10;Session ID: cfa2d4db25005f1e18ced2b5c985e26e" type="org.openqa.selenium.NoSuchWindowException">org.openqa.selenium.NoSuchWindowException: 
no such window: target window already closed
from unknown error: web view not found
  (Session info: chrome=104.0.5112.81)
Build info: version: '4.1.3', revision: '7b1ebf28ef'
System info: host: 'RICHMOND', ip: '192.168.0.139', os.name: 'Windows 11', os.arch: 'amd64', os.version: '10.0', java.version: '11.0.16'
Driver info: org.openqa.selenium.chrome.ChromeDriver
Command: [cfa2d4db25005f1e18ced2b5c985e26e, maximizeCurrentWindow {}]
Capabilities {acceptInsecureCerts: false, browserName: chrome, browserVersion: 104.0.5112.81, chrome: {chromedriverVersion: 104.0.5112.79 (3cf3e8c8a07d..., userDataDir: C:\Users\bmana\AppData\Loca...}, goog:chromeOptions: {debuggerAddress: localhost:60024}, javascriptEnabled: true, networkConnectionEnabled: false, pageLoadStrategy: normal, platform: WINDOWS, platformName: WINDOWS, proxy: Proxy(), se:cdp: ws://localhost:60024/devtoo..., se:cdpVersion: 104.0.5112.81, setWindowRect: true, strictFileInteractability: false, timeouts: {implicit: 0, pageLoad: 300000, script: 30000}, unhandledPromptBehavior: dismiss and notify, webauthn:extension:credBlob: true, webauthn:extension:largeBlob: true, webauthn:virtualAuthenticators: true}
Session ID: cfa2d4db25005f1e18ced2b5c985e26e
</error>
  </testcase>
  <testcase name="TC001 Password uzunlugu 7den kucukse Password Strength seviyesinin degistigi gorulmeli #4" classname="US003 Password Strength" time="0.12">
    <error message="Failed to instantiate class stepDefinitions.uiSteps.OrtakClass" type="io.cucumber.core.exception.CucumberException">io.cucumber.core.exception.CucumberException: Failed to instantiate class stepDefinitions.uiSteps.OrtakClass
Caused by: java.lang.reflect.InvocationTargetException
Caused by: org.openqa.selenium.NoSuchWindowException: 
no such window: target window already closed
from unknown error: web view not found
  (Session info: chrome=104.0.5112.81)
Build info: version: '4.1.3', revision: '7b1ebf28ef'
System info: host: 'RICHMOND', ip: '192.168.0.139', os.name: 'Windows 11', os.arch: 'amd64', os.version: '10.0', java.version: '11.0.16'
Driver info: org.openqa.selenium.chrome.ChromeDriver
Command: [cfa2d4db25005f1e18ced2b5c985e26e, maximizeCurrentWindow {}]
Capabilities {acceptInsecureCerts: false, browserName: chrome, browserVersion: 104.0.5112.81, chrome: {chromedriverVersion: 104.0.5112.79 (3cf3e8c8a07d..., userDataDir: C:\Users\bmana\AppData\Loca...}, goog:chromeOptions: {debuggerAddress: localhost:60024}, javascriptEnabled: true, networkConnectionEnabled: false, pageLoadStrategy: normal, platform: WINDOWS, platformName: WINDOWS, proxy: Proxy(), se:cdp: ws://localhost:60024/devtoo..., se:cdpVersion: 104.0.5112.81, setWindowRect: true, strictFileInteractability: false, timeouts: {implicit: 0, pageLoad: 300000, script: 30000}, unhandledPromptBehavior: dismiss and notify, webauthn:extension:credBlob: true, webauthn:extension:largeBlob: true, webauthn:virtualAuthenticators: true}
Session ID: cfa2d4db25005f1e18ced2b5c985e26e
</error>
    <system-out><![CDATA[
@us003
Scenario Outline: TC001 Password uzunlugu 7den kucukse Password Strength seviyesinin degistigi gorulmeli &amp#27;[90m# src/test/resources/features/UIFeatures/US003_PasswordStrength.feature:18&amp#27;[0m
  &amp#27;[31mGiven &amp#27;[0m&amp#27;[31muser &amp#27;[0m&amp#27;[31m&amp#27;[1m"medunnaUrl"&amp#27;[0m&amp#27;[31m anasayfasinda&amp#27;[0m                                                                  &amp#27;[90m# stepDefinitions.uiSteps.OrtakClass.user_anasayfasinda(java.lang.String)&amp#27;[0m
      &amp#27;[31mio.cucumber.core.exception.CucumberException: Failed to instantiate class stepDefinitions.uiSteps.OrtakClass
	at io.cucumber.core.backend.DefaultObjectFactory.cacheNewInstance(DefaultObjectFactory.java:67)
	at io.cucumber.core.backend.DefaultObjectFactory.getInstance(DefaultObjectFactory.java:45)
	at io.cucumber.java.AbstractGlueDefinition.invokeMethod(AbstractGlueDefinition.java:47)
	at io.cucumber.java.JavaStepDefinition.execute(JavaStepDefinition.java:29)
	at io.cucumber.core.runner.CoreStepDefinition.execute(CoreStepDefinition.java:66)
	at io.cucumber.core.runner.PickleStepDefinitionMatch.runStep(PickleStepDefinitionMatch.java:63)
	at io.cucumber.core.runner.ExecutionMode$1.execute(ExecutionMode.java:10)
	at io.cucumber.core.runner.TestStep.executeStep(TestStep.java:86)
	at io.cucumber.core.runner.TestStep.run(TestStep.java:57)
	at io.cucumber.core.runner.PickleStepTestStep.run(PickleStepTestStep.java:51)
	at io.cucumber.core.runner.TestCase.run(TestCase.java:95)
	at io.cucumber.core.runner.Runner.runPickle(Runner.java:75)
	at io.cucumber.junit.PickleRunners$NoStepDescriptions.lambda$run$0(PickleRunners.java:151)
	at io.cucumber.core.runtime.CucumberExecutionContext.lambda$runTestCase$3(CucumberExecutionContext.java:151)
	at io.cucumber.core.runtime.RethrowingThrowableCollector.executeAndThrow(RethrowingThrowableCollector.java:23)
	at io.cucumber.core.runtime.CucumberExecutionContext.runTestCase(CucumberExecutionContext.java:151)
	at io.cucumber.junit.PickleRunners$NoStepDescriptions.run(PickleRunners.java:148)
	at io.cucumber.junit.FeatureRunner.runChild(FeatureRunner.java:144)
	at io.cucumber.junit.FeatureRunner.runChild(FeatureRunner.java:28)
	at org.junit.runners.ParentRunner$4.run(ParentRunner.java:331)
	at org.junit.runners.ParentRunner$1.schedule(ParentRunner.java:79)
	at org.junit.runners.ParentRunner.runChildren(ParentRunner.java:329)
	at org.junit.runners.ParentRunner.access$100(ParentRunner.java:66)
	at org.junit.runners.ParentRunner$2.evaluate(ParentRunner.java:293)
	at org.junit.runners.ParentRunner$3.evaluate(ParentRunner.java:306)
	at org.junit.runners.ParentRunner.run(ParentRunner.java:413)
	at io.cucumber.junit.FeatureRunner.run(FeatureRunner.java:137)
	at io.cucumber.junit.Cucumber.runChild(Cucumber.java:196)
	at io.cucumber.junit.Cucumber.runChild(Cucumber.java:89)
	at org.junit.runners.ParentRunner$4.run(ParentRunner.java:331)
	at org.apache.maven.surefire.junitcore.pc.Scheduler$1.run(Scheduler.java:405)
	at org.apache.maven.surefire.junitcore.pc.InvokerStrategy.schedule(InvokerStrategy.java:54)
	at org.apache.maven.surefire.junitcore.pc.Scheduler.schedule(Scheduler.java:362)
	at org.junit.runners.ParentRunner.runChildren(ParentRunner.java:329)
	at org.junit.runners.ParentRunner.access$100(ParentRunner.java:66)
	at org.junit.runners.ParentRunner$2.evaluate(ParentRunner.java:293)
	at io.cucumber.junit.Cucumber$RunBeforeAllHooks.evaluate(Cucumber.java:266)
	at io.cucumber.junit.Cucumber$RunAfterAllHooks.evaluate(Cucumber.java:281)
	at io.cucumber.junit.Cucumber$StartTestRun.evaluate(Cucumber.java:233)
	at io.cucumber.junit.Cucumber$FinishTestRun.evaluate(Cucumber.java:248)
	at org.junit.runners.ParentRunner$3.evaluate(ParentRunner.java:306)
	at org.junit.runners.ParentRunner.run(ParentRunner.java:413)
	at org.junit.runners.Suite.runChild(Suite.java:128)
	at org.junit.runners.Suite.runChild(Suite.java:27)
	at org.junit.runners.ParentRunner$4.run(ParentRunner.java:331)
	at org.apache.maven.surefire.junitcore.pc.Scheduler$1.run(Scheduler.java:405)
	at java.base/java.util.concurrent.Executors$RunnableAdapter.call(Executors.java:515)
	at java.base/java.util.concurrent.FutureTask.run(FutureTask.java:264)
	at java.base/java.util.concurrent.ThreadPoolExecutor.runWorker(ThreadPoolExecutor.java:1128)
	at java.base/java.util.concurrent.ThreadPoolExecutor$Worker.run(ThreadPoolExecutor.java:628)
	at java.base/java.lang.Thread.run(Thread.java:829)
Caused by: java.lang.reflect.InvocationTargetException
	at java.base/jdk.internal.reflect.NativeConstructorAccessorImpl.newInstance0(Native Method)
	at java.base/jdk.internal.reflect.NativeConstructorAccessorImpl.newInstance(NativeConstructorAccessorImpl.java:62)
	at java.base/jdk.internal.reflect.DelegatingConstructorAccessorImpl.newInstance(DelegatingConstructorAccessorImpl.java:45)
	at java.base/java.lang.reflect.Constructor.newInstance(Constructor.java:490)
	at io.cucumber.core.backend.DefaultObjectFactory.cacheNewInstance(DefaultObjectFactory.java:53)
	... 50 more
Caused by: org.openqa.selenium.NoSuchWindowException: no such window: target window already closed
from unknown error: web view not found
  (Session info: chrome=104.0.5112.81)
Build info: version: '4.1.3', revision: '7b1ebf28ef'
System info: host: 'RICHMOND', ip: '192.168.0.139', os.name: 'Windows 11', os.arch: 'amd64', os.version: '10.0', java.version: '11.0.16'
Driver info: org.openqa.selenium.chrome.ChromeDriver
Command: [cfa2d4db25005f1e18ced2b5c985e26e, maximizeCurrentWindow {}]
Capabilities {acceptInsecureCerts: false, browserName: chrome, browserVersion: 104.0.5112.81, chrome: {chromedriverVersion: 104.0.5112.79 (3cf3e8c8a07d..., userDataDir: C:\Users\bmana\AppData\Loca...}, goog:chromeOptions: {debuggerAddress: localhost:60024}, javascriptEnabled: true, networkConnectionEnabled: false, pageLoadStrategy: normal, platform: WINDOWS, platformName: WINDOWS, proxy: Proxy(), se:cdp: ws://localhost:60024/devtoo..., se:cdpVersion: 104.0.5112.81, setWindowRect: true, strictFileInteractability: false, timeouts: {implicit: 0, pageLoad: 300000, script: 30000}, unhandledPromptBehavior: dismiss and notify, webauthn:extension:credBlob: true, webauthn:extension:largeBlob: true, webauthn:virtualAuthenticators: true}
Session ID: cfa2d4db25005f1e18ced2b5c985e26e
	at java.base/jdk.internal.reflect.NativeConstructorAccessorImpl.newInstance0(Native Method)
	at java.base/jdk.internal.reflect.NativeConstructorAccessorImpl.newInstance(NativeConstructorAccessorImpl.java:62)
	at java.base/jdk.internal.reflect.DelegatingConstructorAccessorImpl.newInstance(DelegatingConstructorAccessorImpl.java:45)
	at java.base/java.lang.reflect.Constructor.newInstance(Constructor.java:490)
	at org.openqa.selenium.remote.codec.w3c.W3CHttpResponseCodec.createException(W3CHttpResponseCodec.java:200)
	at org.openqa.selenium.remote.codec.w3c.W3CHttpResponseCodec.decode(W3CHttpResponseCodec.java:133)
	at org.openqa.selenium.remote.codec.w3c.W3CHttpResponseCodec.decode(W3CHttpResponseCodec.java:53)
	at org.openqa.selenium.remote.HttpCommandExecutor.execute(HttpCommandExecutor.java:184)
	at org.openqa.selenium.remote.service.DriverCommandExecutor.invokeExecute(DriverCommandExecutor.java:167)
	at org.openqa.selenium.remote.service.DriverCommandExecutor.execute(DriverCommandExecutor.java:142)
	at org.openqa.selenium.remote.RemoteWebDriver.execute(RemoteWebDriver.java:567)
	at org.openqa.selenium.remote.RemoteWebDriver.execute(RemoteWebDriver.java:622)
	at org.openqa.selenium.remote.RemoteWebDriver.execute(RemoteWebDriver.java:626)
	at org.openqa.selenium.remote.RemoteWebDriver$RemoteWebDriverOptions$RemoteWindow.maximize(RemoteWebDriver.java:993)
	at utilities.Driver.getDriver(Driver.java:56)
	at pages.OrtakLocatePages.<init>(OrtakLocatePages.java:9)
	at stepDefinitions.uiSteps.OrtakClass.<init>(OrtakClass.java:11)
	... 55 more
&amp#27;[0m
  &amp#27;[36mThen &amp#27;[0m&amp#27;[36muser user sembolune tiklar&amp#27;[0m                                                                        &amp#27;[90m# stepDefinitions.uiSteps.OrtakClass.user_user_sembolune_tiklar()&amp#27;[0m
  &amp#27;[36mAnd &amp#27;[0m&amp#27;[36mkullanici register butonuna basar&amp#27;[0m                                                                  &amp#27;[90m# stepDefinitions.uiSteps.US003.kullaniciRegisterButonunaBasar()&amp#27;[0m
  &amp#27;[36mAnd &amp#27;[0m&amp#27;[36mkucuk harf &amp#27;[0m&amp#27;[36m&amp#27;[1m"aaaa"&amp#27;[0m&amp#27;[36m eklenince password strength kontrol eder&amp#27;[0m                                         &amp#27;[90m# stepDefinitions.uiSteps.US003.kucukHarfEklenincePasswordStrengthKontrolEder(java.lang.String)&amp#27;[0m
  &amp#27;[36mAnd &amp#27;[0m&amp#27;[36mbuyuk harf &amp#27;[0m&amp#27;[36m&amp#27;[1m"AAAA"&amp#27;[0m&amp#27;[36m eklenince password strength kontrol eder&amp#27;[0m                                         &amp#27;[90m# stepDefinitions.uiSteps.US003.buyukHarfEklenincePasswordStrengthKontrolEder(java.lang.String)&amp#27;[0m
  &amp#27;[36mAnd &amp#27;[0m&amp#27;[36m&amp#27;[0m&amp#27;[36m&amp#27;[1m"5"&amp#27;[0m&amp#27;[36m eklenince password strength kontrol eder&amp#27;[0m                                                       &amp#27;[90m# stepDefinitions.uiSteps.US003.eklenincePasswordStrengthKontrolEder(java.lang.String)&amp#27;[0m
  &amp#27;[36mAnd &amp#27;[0m&amp#27;[36mozel karakter &amp#27;[0m&amp#27;[36m&amp#27;[1m"*"&amp#27;[0m&amp#27;[36m password strength kontrol eder&amp#27;[0m                                                   &amp#27;[90m# stepDefinitions.uiSteps.US003.ozelKarakterPasswordStrengthKontrolEder(java.lang.String)&amp#27;[0m
      &amp#27;[31morg.openqa.selenium.NoSuchWindowException: no such window: target window already closed
from unknown error: web view not found
  (Session info: chrome=104.0.5112.81)
Build info: version: '4.1.3', revision: '7b1ebf28ef'
System info: host: 'RICHMOND', ip: '192.168.0.139', os.name: 'Windows 11', os.arch: 'amd64', os.version: '10.0', java.version: '11.0.16'
Driver info: org.openqa.selenium.chrome.ChromeDriver
Command: [cfa2d4db25005f1e18ced2b5c985e26e, maximizeCurrentWindow {}]
Capabilities {acceptInsecureCerts: false, browserName: chrome, browserVersion: 104.0.5112.81, chrome: {chromedriverVersion: 104.0.5112.79 (3cf3e8c8a07d..., userDataDir: C:\Users\bmana\AppData\Loca...}, goog:chromeOptions: {debuggerAddress: localhost:60024}, javascriptEnabled: true, networkConnectionEnabled: false, pageLoadStrategy: normal, platform: WINDOWS, platformName: WINDOWS, proxy: Proxy(), se:cdp: ws://localhost:60024/devtoo..., se:cdpVersion: 104.0.5112.81, setWindowRect: true, strictFileInteractability: false, timeouts: {implicit: 0, pageLoad: 300000, script: 30000}, unhandledPromptBehavior: dismiss and notify, webauthn:extension:credBlob: true, webauthn:extension:largeBlob: true, webauthn:virtualAuthenticators: true}
Session ID: cfa2d4db25005f1e18ced2b5c985e26e
	at java.base/jdk.internal.reflect.NativeConstructorAccessorImpl.newInstance0(Native Method)
	at java.base/jdk.internal.reflect.NativeConstructorAccessorImpl.newInstance(NativeConstructorAccessorImpl.java:62)
	at java.base/jdk.internal.reflect.DelegatingConstructorAccessorImpl.newInstance(DelegatingConstructorAccessorImpl.java:45)
	at java.base/java.lang.reflect.Constructor.newInstance(Constructor.java:490)
	at org.openqa.selenium.remote.codec.w3c.W3CHttpResponseCodec.createException(W3CHttpResponseCodec.java:200)
	at org.openqa.selenium.remote.codec.w3c.W3CHttpResponseCodec.decode(W3CHttpResponseCodec.java:133)
	at org.openqa.selenium.remote.codec.w3c.W3CHttpResponseCodec.decode(W3CHttpResponseCodec.java:53)
	at org.openqa.selenium.remote.HttpCommandExecutor.execute(HttpCommandExecutor.java:184)
	at org.openqa.selenium.remote.service.DriverCommandExecutor.invokeExecute(DriverCommandExecutor.java:167)
	at org.openqa.selenium.remote.service.DriverCommandExecutor.execute(DriverCommandExecutor.java:142)
	at org.openqa.selenium.remote.RemoteWebDriver.execute(RemoteWebDriver.java:567)
	at org.openqa.selenium.remote.RemoteWebDriver.execute(RemoteWebDriver.java:622)
	at org.openqa.selenium.remote.RemoteWebDriver.execute(RemoteWebDriver.java:626)
	at org.openqa.selenium.remote.RemoteWebDriver$RemoteWebDriverOptions$RemoteWindow.maximize(RemoteWebDriver.java:993)
	at utilities.Driver.getDriver(Driver.java:56)
	at hooks.Hooks.tearDown(Hooks.java:13)
&amp#27;[0m
]]></system-out>
  </testcase>
  <testcase name="TC001 Password uzunlugu 7den kucukse Password Strength seviyesinin degistigi gorulmeli #4" classname="US003 Password Strength" time="0">
    <error message="no such window: target window already closed&#10;from unknown error: web view not found&#10;  (Session info: chrome=104.0.5112.81)&#10;Build info: version: &apos;4.1.3&apos;, revision: &apos;7b1ebf28ef&apos;&#10;System info: host: &apos;RICHMOND&apos;, ip: &apos;192.168.0.139&apos;, os.name: &apos;Windows 11&apos;, os.arch: &apos;amd64&apos;, os.version: &apos;10.0&apos;, java.version: &apos;11.0.16&apos;&#10;Driver info: org.openqa.selenium.chrome.ChromeDriver&#10;Command: [cfa2d4db25005f1e18ced2b5c985e26e, maximizeCurrentWindow {}]&#10;Capabilities {acceptInsecureCerts: false, browserName: chrome, browserVersion: 104.0.5112.81, chrome: {chromedriverVersion: 104.0.5112.79 (3cf3e8c8a07d..., userDataDir: C:\Users\bmana\AppData\Loca...}, goog:chromeOptions: {debuggerAddress: localhost:60024}, javascriptEnabled: true, networkConnectionEnabled: false, pageLoadStrategy: normal, platform: WINDOWS, platformName: WINDOWS, proxy: Proxy(), se:cdp: ws://localhost:60024/devtoo..., se:cdpVersion: 104.0.5112.81, setWindowRect: true, strictFileInteractability: false, timeouts: {implicit: 0, pageLoad: 300000, script: 30000}, unhandledPromptBehavior: dismiss and notify, webauthn:extension:credBlob: true, webauthn:extension:largeBlob: true, webauthn:virtualAuthenticators: true}&#10;Session ID: cfa2d4db25005f1e18ced2b5c985e26e" type="org.openqa.selenium.NoSuchWindowException">org.openqa.selenium.NoSuchWindowException: 
no such window: target window already closed
from unknown error: web view not found
  (Session info: chrome=104.0.5112.81)
Build info: version: '4.1.3', revision: '7b1ebf28ef'
System info: host: 'RICHMOND', ip: '192.168.0.139', os.name: 'Windows 11', os.arch: 'amd64', os.version: '10.0', java.version: '11.0.16'
Driver info: org.openqa.selenium.chrome.ChromeDriver
Command: [cfa2d4db25005f1e18ced2b5c985e26e, maximizeCurrentWindow {}]
Capabilities {acceptInsecureCerts: false, browserName: chrome, browserVersion: 104.0.5112.81, chrome: {chromedriverVersion: 104.0.5112.79 (3cf3e8c8a07d..., userDataDir: C:\Users\bmana\AppData\Loca...}, goog:chromeOptions: {debuggerAddress: localhost:60024}, javascriptEnabled: true, networkConnectionEnabled: false, pageLoadStrategy: normal, platform: WINDOWS, platformName: WINDOWS, proxy: Proxy(), se:cdp: ws://localhost:60024/devtoo..., se:cdpVersion: 104.0.5112.81, setWindowRect: true, strictFileInteractability: false, timeouts: {implicit: 0, pageLoad: 300000, script: 30000}, unhandledPromptBehavior: dismiss and notify, webauthn:extension:credBlob: true, webauthn:extension:largeBlob: true, webauthn:virtualAuthenticators: true}
Session ID: cfa2d4db25005f1e18ced2b5c985e26e
</error>
  </testcase>
</testsuite>